<?xml version="1.0" encoding="UTF-8"?>
<coverage generated="1787059488916" clover="3.2.0">
  <project timestamp="1787059488916" name="All files">
    <metrics statements="2417" coveredstatements="1968" conditionals="2061" coveredconditionals="1503" methods="604" coveredmethods="516" elements="5082" coveredelements="3987" complexity="0" loc="2417" ncloc="2417" packages="4" files="41" classes="41"/>
    <package name="lib">
      <metrics statements="881" coveredstatements="855" conditionals="697" coveredconditionals="612" methods="237" coveredmethods="229"/>
      <file name="books.ts" path="/Users/gihyunpark/Desktop/Playground/sermon-presentation/lib/books.ts">
        <metrics statements="57" coveredstatements="50" conditionals="36" coveredconditionals="26" methods="19" coveredmethods="17"/>
        <line num="23" count="16" type="stmt"/>
        <line num="28" count="16" type="stmt"/>
        <line num="98" count="1056" type="cond" truecount="2" falsecount="0"/>
        <line num="101" count="1056" type="stmt"/>
        <line num="114" count="0" type="stmt"/>
        <line num="117" count="1056" type="stmt"/>
        <line num="120" count="412" type="stmt"/>
        <line num="130" count="13044" type="stmt"/>
        <line num="140" count="16" type="stmt"/>
        <line num="141" count="16" type="stmt"/>
        <line num="144" count="7152" type="stmt"/>
        <line num="145" count="7152" type="cond" truecount="1" falsecount="1"/>
        <line num="147" count="7152" type="stmt"/>
        <line num="148" count="7152" type="cond" truecount="3" falsecount="1"/>
        <line num="149" count="0" type="stmt"/>
        <line num="150" count="0" type="stmt"/>
        <line num="151" count="0" type="stmt"/>
        <line num="153" count="7152" type="stmt"/>
        <line num="154" count="7152" type="cond" truecount="1" falsecount="1"/>
        <line num="155" count="0" type="cond" truecount="0" falsecount="2"/>
        <line num="156" count="0" type="stmt"/>
        <line num="158" count="7152" type="stmt"/>
        <line num="161" count="16" type="stmt"/>
        <line num="162" count="1056" type="stmt"/>
        <line num="163" count="1056" type="stmt"/>
        <line num="164" count="1056" type="stmt"/>
        <line num="165" count="1056" type="stmt"/>
        <line num="166" count="2928" type="stmt"/>
        <line num="176" count="1056" type="stmt"/>
        <line num="194" count="103" type="stmt"/>
        <line num="195" count="103" type="cond" truecount="1" falsecount="1"/>
        <line num="197" count="103" type="stmt"/>
        <line num="199" count="103" type="stmt"/>
        <line num="200" count="103" type="cond" truecount="2" falsecount="0"/>
        <line num="202" count="13" type="stmt"/>
        <line num="203" count="13" type="cond" truecount="1" falsecount="1"/>
        <line num="204" count="0" type="stmt"/>
        <line num="207" count="13" type="cond" truecount="2" falsecount="0"/>
        <line num="208" count="5" type="stmt"/>
        <line num="212" count="330" type="stmt"/>
        <line num="213" count="132" type="cond" truecount="2" falsecount="0"/>
        <line num="214" count="16" type="stmt"/>
        <line num="215" count="5" type="cond" truecount="2" falsecount="0"/>
        <line num="216" count="12" type="stmt"/>
        <line num="220" count="3554" type="stmt"/>
        <line num="221" count="8" type="cond" truecount="1" falsecount="1"/>
        <line num="222" count="8" type="cond" truecount="2" falsecount="0"/>
        <line num="224" count="2235" type="stmt"/>
        <line num="225" count="5" type="cond" truecount="1" falsecount="1"/>
        <line num="226" count="5" type="stmt"/>
        <line num="230" count="13" type="stmt"/>
        <line num="231" count="13" type="stmt"/>
        <line num="232" count="858" type="stmt"/>
        <line num="233" count="5789" type="cond" truecount="2" falsecount="0"/>
        <line num="234" count="6" type="cond" truecount="1" falsecount="1"/>
        <line num="235" count="6" type="stmt"/>
        <line num="239" count="13" type="stmt"/>
      </file>
      <file name="font-chain.ts" path="/Users/gihyunpark/Desktop/Playground/sermon-presentation/lib/font-chain.ts">
        <metrics statements="9" coveredstatements="9" conditionals="2" coveredconditionals="2" methods="6" coveredmethods="6"/>
        <line num="14" count="1" type="stmt"/>
        <line num="33" count="74" type="cond" truecount="2" falsecount="0"/>
        <line num="34" count="73" type="stmt"/>
        <line num="36" count="351" type="stmt"/>
        <line num="37" count="351" type="stmt"/>
        <line num="41" count="345" type="stmt"/>
        <line num="50" count="69" type="stmt"/>
        <line num="51" count="341" type="stmt"/>
        <line num="52" count="69" type="stmt"/>
      </file>
      <file name="hangul.ts" path="/Users/gihyunpark/Desktop/Playground/sermon-presentation/lib/hangul.ts">
        <metrics statements="21" coveredstatements="20" conditionals="14" coveredconditionals="12" methods="2" coveredmethods="2"/>
        <line num="3" count="16" type="stmt"/>
        <line num="4" count="16" type="stmt"/>
        <line num="5" count="16" type="stmt"/>
        <line num="8" count="16" type="stmt"/>
        <line num="14" count="16" type="stmt"/>
        <line num="21" count="1061" type="stmt"/>
        <line num="22" count="1061" type="stmt"/>
        <line num="23" count="3806" type="stmt"/>
        <line num="24" count="3806" type="cond" truecount="4" falsecount="0"/>
        <line num="25" count="3792" type="stmt"/>
        <line num="26" count="3792" type="stmt"/>
        <line num="27" count="3792" type="cond" truecount="2" falsecount="0"/>
        <line num="28" count="14" type="cond" truecount="1" falsecount="1"/>
        <line num="29" count="0" type="stmt"/>
        <line num="31" count="14" type="stmt"/>
        <line num="34" count="1061" type="stmt"/>
        <line num="39" count="13" type="cond" truecount="1" falsecount="1"/>
        <line num="40" count="13" type="stmt"/>
        <line num="41" count="22" type="stmt"/>
        <line num="43" count="22" type="cond" truecount="4" falsecount="0"/>
        <line num="45" count="5" type="stmt"/>
      </file>
      <file name="liturgy-texts.ts" path="/Users/gihyunpark/Desktop/Playground/sermon-presentation/lib/liturgy-texts.ts">
        <metrics statements="14" coveredstatements="14" conditionals="17" coveredconditionals="17" methods="8" coveredmethods="8"/>
        <line num="52" count="16" type="stmt"/>
        <line num="63" count="16" type="stmt"/>
        <line num="78" count="16" type="stmt"/>
        <line num="121" count="16" type="stmt"/>
        <line num="176" count="16" type="stmt"/>
        <line num="180" count="15" type="stmt"/>
        <line num="185" count="33" type="cond" truecount="2" falsecount="0"/>
        <line num="189" count="33" type="cond" truecount="2" falsecount="0"/>
        <line num="193" count="34" type="cond" truecount="4" falsecount="0"/>
        <line num="207" count="8" type="cond" truecount="4" falsecount="0"/>
        <line num="208" count="7" type="stmt"/>
        <line num="222" count="33" type="cond" truecount="2" falsecount="0"/>
        <line num="223" count="32" type="cond" truecount="2" falsecount="0"/>
        <line num="224" count="27" type="stmt"/>
      </file>
      <file name="lyrics-parser.ts" path="/Users/gihyunpark/Desktop/Playground/sermon-presentation/lib/lyrics-parser.ts">
        <metrics statements="98" coveredstatements="98" conditionals="73" coveredconditionals="65" methods="21" coveredmethods="21"/>
        <line num="16" count="17" type="stmt"/>
        <line num="29" count="76" type="stmt"/>
        <line num="30" count="76" type="cond" truecount="2" falsecount="0"/>
        <line num="31" count="75" type="cond" truecount="2" falsecount="0"/>
        <line num="32" count="55" type="cond" truecount="2" falsecount="0"/>
        <line num="33" count="54" type="cond" truecount="2" falsecount="0"/>
        <line num="34" count="52" type="cond" truecount="2" falsecount="0"/>
        <line num="35" count="51" type="cond" truecount="2" falsecount="0"/>
        <line num="36" count="50" type="stmt"/>
        <line num="65" count="18" type="cond" truecount="2" falsecount="0"/>
        <line num="66" count="18" type="cond" truecount="2" falsecount="0"/>
        <line num="68" count="18" type="stmt"/>
        <line num="69" count="18" type="stmt"/>
        <line num="70" count="18" type="stmt"/>
        <line num="72" count="18" type="stmt"/>
        <line num="73" count="23" type="stmt"/>
        <line num="74" count="23" type="stmt"/>
        <line num="75" count="23" type="stmt"/>
        <line num="78" count="18" type="stmt"/>
        <line num="79" count="70" type="stmt"/>
        <line num="80" count="70" type="cond" truecount="2" falsecount="0"/>
        <line num="82" count="59" type="stmt"/>
        <line num="83" count="59" type="cond" truecount="2" falsecount="0"/>
        <line num="84" count="21" type="stmt"/>
        <line num="85" count="21" type="stmt"/>
        <line num="89" count="38" type="cond" truecount="2" falsecount="0"/>
        <line num="91" count="38" type="cond" truecount="2" falsecount="0"/>
        <line num="92" count="10" type="stmt"/>
        <line num="93" count="10" type="cond" truecount="1" falsecount="1"/>
        <line num="95" count="10" type="stmt"/>
        <line num="96" count="10" type="stmt"/>
        <line num="97" count="10" type="stmt"/>
        <line num="100" count="28" type="stmt"/>
        <line num="101" count="28" type="stmt"/>
        <line num="104" count="23" type="stmt"/>
        <line num="109" count="2" type="stmt"/>
        <line num="111" count="2" type="stmt"/>
        <line num="112" count="3" type="stmt"/>
        <line num="114" count="5" type="stmt"/>
        <line num="115" count="3" type="stmt"/>
        <line num="116" count="8" type="stmt"/>
        <line num="117" count="4" type="cond" truecount="1" falsecount="1"/>
        <line num="118" count="4" type="cond" truecount="1" falsecount="1"/>
        <line num="119" count="5" type="stmt"/>
        <line num="121" count="4" type="stmt"/>
        <line num="124" count="2" type="stmt"/>
        <line num="143" count="17" type="stmt"/>
        <line num="155" count="9" type="stmt"/>
        <line num="156" count="9" type="cond" truecount="2" falsecount="0"/>
        <line num="158" count="150" type="stmt"/>
        <line num="159" count="16" type="cond" truecount="1" falsecount="1"/>
        <line num="161" count="7" type="stmt"/>
        <line num="162" count="7" type="stmt"/>
        <line num="163" count="43" type="stmt"/>
        <line num="164" count="43" type="cond" truecount="1" falsecount="1"/>
        <line num="165" count="43" type="stmt"/>
        <line num="167" count="89" type="cond" truecount="2" falsecount="0"/>
        <line num="168" count="85" type="cond" truecount="2" falsecount="0"/>
        <line num="170" count="36" type="stmt"/>
        <line num="173" count="7" type="cond" truecount="2" falsecount="0"/>
        <line num="175" count="6" type="stmt"/>
        <line num="176" count="6" type="cond" truecount="2" falsecount="0"/>
        <line num="178" count="5" type="stmt"/>
        <line num="180" count="11" type="stmt"/>
        <line num="198" count="63" type="stmt"/>
        <line num="199" count="9" type="cond" truecount="2" falsecount="0"/>
        <line num="201" count="7" type="stmt"/>
        <line num="202" count="7" type="cond" truecount="2" falsecount="0"/>
        <line num="204" count="6" type="stmt"/>
        <line num="205" count="6" type="cond" truecount="2" falsecount="0"/>
        <line num="208" count="5" type="stmt"/>
        <line num="209" count="26" type="stmt"/>
        <line num="210" count="26" type="stmt"/>
        <line num="211" count="26" type="stmt"/>
        <line num="212" count="308" type="cond" truecount="1" falsecount="1"/>
        <line num="213" count="308" type="cond" truecount="2" falsecount="0"/>
        <line num="214" count="308" type="cond" truecount="2" falsecount="0"/>
        <line num="215" count="259" type="stmt"/>
        <line num="217" count="49" type="stmt"/>
        <line num="218" count="49" type="stmt"/>
        <line num="221" count="26" type="stmt"/>
        <line num="225" count="58" type="stmt"/>
        <line num="226" count="5" type="stmt"/>
        <line num="227" count="5" type="stmt"/>
        <line num="228" count="26" type="stmt"/>
        <line num="229" count="26" type="cond" truecount="2" falsecount="0"/>
        <line num="230" count="11" type="stmt"/>
        <line num="234" count="5" type="stmt"/>
        <line num="235" count="5" type="stmt"/>
        <line num="236" count="5" type="stmt"/>
        <line num="237" count="58" type="cond" truecount="2" falsecount="0"/>
        <line num="238" count="58" type="cond" truecount="2" falsecount="0"/>
        <line num="239" count="51" type="stmt"/>
        <line num="241" count="7" type="cond" truecount="1" falsecount="1"/>
        <line num="242" count="7" type="stmt"/>
        <line num="245" count="5" type="cond" truecount="1" falsecount="1"/>
        <line num="247" count="5" type="stmt"/>
        <line num="252" count="2" type="stmt"/>
      </file>
      <file name="meter-align.ts" path="/Users/gihyunpark/Desktop/Playground/sermon-presentation/lib/meter-align.ts">
        <metrics statements="87" coveredstatements="87" conditionals="60" coveredconditionals="51" methods="43" coveredmethods="43"/>
        <line num="29" count="3" type="stmt"/>
        <line num="31" count="3" type="stmt"/>
        <line num="33" count="3" type="stmt"/>
        <line num="69" count="410" type="stmt"/>
        <line num="70" count="410" type="cond" truecount="4" falsecount="0"/>
        <line num="73" count="119436" type="cond" truecount="3" falsecount="1"/>
        <line num="76" count="119436" type="stmt"/>
        <line num="79" count="1940" type="stmt"/>
        <line num="80" count="1940" type="stmt"/>
        <line num="81" count="409" type="stmt"/>
        <line num="83" count="409" type="stmt"/>
        <line num="84" count="1531" type="stmt"/>
        <line num="86" count="23718" type="stmt"/>
        <line num="87" count="165021" type="stmt"/>
        <line num="88" count="165021" type="cond" truecount="2" falsecount="0"/>
        <line num="90" count="119436" type="stmt"/>
        <line num="91" count="119436" type="stmt"/>
        <line num="92" count="119436" type="cond" truecount="2" falsecount="0"/>
        <line num="93" count="56517" type="stmt"/>
        <line num="94" count="56517" type="stmt"/>
        <line num="100" count="409" type="cond" truecount="1" falsecount="1"/>
        <line num="102" count="409" type="stmt"/>
        <line num="103" count="409" type="stmt"/>
        <line num="104" count="409" type="stmt"/>
        <line num="105" count="1531" type="stmt"/>
        <line num="106" count="1531" type="stmt"/>
        <line num="107" count="1531" type="stmt"/>
        <line num="109" count="409" type="stmt"/>
        <line num="113" count="1886" type="stmt"/>
        <line num="114" count="1886" type="stmt"/>
        <line num="119" count="105" type="stmt"/>
        <line num="120" count="105" type="stmt"/>
        <line num="121" count="105" type="stmt"/>
        <line num="122" count="1218" type="stmt"/>
        <line num="124" count="396" type="stmt"/>
        <line num="139" count="105" type="stmt"/>
        <line num="140" count="105" type="cond" truecount="2" falsecount="0"/>
        <line num="143" count="272" type="stmt"/>
        <line num="144" count="272" type="stmt"/>
        <line num="145" count="61" type="stmt"/>
        <line num="160" count="34" type="cond" truecount="4" falsecount="0"/>
        <line num="161" count="25" type="cond" truecount="4" falsecount="0"/>
        <line num="162" count="18" type="stmt"/>
        <line num="167" count="131" type="stmt"/>
        <line num="168" count="1516" type="stmt"/>
        <line num="186" count="14" type="stmt"/>
        <line num="197" count="14" type="cond" truecount="2" falsecount="0"/>
        <line num="199" count="424" type="stmt"/>
        <line num="200" count="31" type="cond" truecount="2" falsecount="0"/>
        <line num="202" count="10" type="stmt"/>
        <line num="203" count="29" type="stmt"/>
        <line num="205" count="10" type="stmt"/>
        <line num="207" count="367" type="stmt"/>
        <line num="208" count="122" type="cond" truecount="4" falsecount="0"/>
        <line num="210" count="26" type="stmt"/>
        <line num="211" count="26" type="cond" truecount="1" falsecount="1"/>
        <line num="214" count="122" type="stmt"/>
        <line num="231" count="14" type="cond" truecount="2" falsecount="0"/>
        <line num="234" count="26" type="stmt"/>
        <line num="235" count="9" type="cond" truecount="1" falsecount="1"/>
        <line num="238" count="14" type="stmt"/>
        <line num="239" count="14" type="cond" truecount="2" falsecount="0"/>
        <line num="241" count="14" type="stmt"/>
        <line num="242" count="1" type="cond" truecount="2" falsecount="0"/>
        <line num="259" count="79" type="stmt"/>
        <line num="260" count="79" type="cond" truecount="1" falsecount="1"/>
        <line num="262" count="298" type="stmt"/>
        <line num="265" count="26" type="stmt"/>
        <line num="267" count="26" type="stmt"/>
        <line num="268" count="324" type="stmt"/>
        <line num="269" count="324" type="cond" truecount="1" falsecount="1"/>
        <line num="271" count="1218" type="stmt"/>
        <line num="272" count="1218" type="stmt"/>
        <line num="273" count="105" type="cond" truecount="1" falsecount="1"/>
        <line num="275" count="105" type="stmt"/>
        <line num="276" count="105" type="stmt"/>
        <line num="277" count="105" type="cond" truecount="4" falsecount="0"/>
        <line num="279" count="34" type="stmt"/>
        <line num="282" count="104" type="stmt"/>
        <line num="289" count="26" type="stmt"/>
        <line num="299" count="7" type="stmt"/>
        <line num="300" count="3" type="cond" truecount="2" falsecount="0"/>
        <line num="302" count="2" type="stmt"/>
        <line num="303" count="2" type="cond" truecount="1" falsecount="1"/>
        <line num="304" count="2" type="cond" truecount="2" falsecount="0"/>
        <line num="306" count="1" type="stmt"/>
        <line num="307" count="2" type="cond" truecount="1" falsecount="1"/>
      </file>
      <file name="order-rhythm.ts" path="/Users/gihyunpark/Desktop/Playground/sermon-presentation/lib/order-rhythm.ts">
        <metrics statements="35" coveredstatements="35" conditionals="33" coveredconditionals="33" methods="10" coveredmethods="10"/>
        <line num="26" count="15" type="stmt"/>
        <line num="34" count="15" type="stmt"/>
        <line num="45" count="33" type="cond" truecount="2" falsecount="0"/>
        <line num="55" count="17" type="stmt"/>
        <line num="60" count="16" type="stmt"/>
        <line num="62" count="16" type="cond" truecount="2" falsecount="0"/>
        <line num="66" count="15" type="stmt"/>
        <line num="67" count="15" type="stmt"/>
        <line num="68" count="15" type="stmt"/>
        <line num="69" count="15" type="stmt"/>
        <line num="72" count="15" type="stmt"/>
        <line num="73" count="15" type="stmt"/>
        <line num="76" count="15" type="stmt"/>
        <line num="77" count="15" type="stmt"/>
        <line num="80" count="18" type="stmt"/>
        <line num="88" count="22" type="cond" truecount="2" falsecount="0"/>
        <line num="90" count="5" type="stmt"/>
        <line num="91" count="5" type="stmt"/>
        <line num="92" count="12" type="cond" truecount="4" falsecount="0"/>
        <line num="93" count="1" type="stmt"/>
        <line num="94" count="1" type="stmt"/>
        <line num="96" count="11" type="stmt"/>
        <line num="97" count="11" type="stmt"/>
        <line num="98" count="11" type="cond" truecount="4" falsecount="0"/>
        <line num="99" count="5" type="stmt"/>
        <line num="101" count="11" type="cond" truecount="4" falsecount="0"/>
        <line num="102" count="2" type="stmt"/>
        <line num="104" count="11" type="stmt"/>
        <line num="108" count="8" type="cond" truecount="4" falsecount="0"/>
        <line num="116" count="23" type="cond" truecount="4" falsecount="0"/>
        <line num="117" count="6" type="stmt"/>
        <line num="118" count="6" type="cond" truecount="2" falsecount="0"/>
        <line num="128" count="40" type="cond" truecount="4" falsecount="0"/>
        <line num="129" count="5" type="stmt"/>
        <line num="138" count="9" type="stmt"/>
      </file>
      <file name="origin-check.ts" path="/Users/gihyunpark/Desktop/Playground/sermon-presentation/lib/origin-check.ts">
        <metrics statements="14" coveredstatements="14" conditionals="18" coveredconditionals="17" methods="5" coveredmethods="5"/>
        <line num="28" count="10" type="stmt"/>
        <line num="29" count="10" type="stmt"/>
        <line num="30" count="10" type="cond" truecount="1" falsecount="1"/>
        <line num="32" count="3" type="stmt"/>
        <line num="49" count="15" type="cond" truecount="5" falsecount="0"/>
        <line num="53" count="12" type="cond" truecount="2" falsecount="0"/>
        <line num="55" count="11" type="cond" truecount="2" falsecount="0"/>
        <line num="57" count="10" type="stmt"/>
        <line num="58" count="10" type="cond" truecount="2" falsecount="0"/>
        <line num="61" count="7" type="cond" truecount="2" falsecount="0"/>
        <line num="66" count="4" type="cond" truecount="2" falsecount="0"/>
        <line num="67" count="2" type="stmt"/>
        <line num="69" count="4" type="stmt"/>
        <line num="70" count="4" type="stmt"/>
      </file>
      <file name="paginator.ts" path="/Users/gihyunpark/Desktop/Playground/sermon-presentation/lib/paginator.ts">
        <metrics statements="37" coveredstatements="37" conditionals="20" coveredconditionals="19" methods="8" coveredmethods="8"/>
        <line num="17" count="1" type="stmt"/>
        <line num="20" count="2473" type="stmt"/>
        <line num="24" count="14" type="cond" truecount="2" falsecount="0"/>
        <line num="40" count="119" type="stmt"/>
        <line num="41" count="139" type="stmt"/>
        <line num="43" count="2336" type="stmt"/>
        <line num="46" count="119" type="stmt"/>
        <line num="69" count="9" type="stmt"/>
        <line num="70" count="9" type="cond" truecount="2" falsecount="0"/>
        <line num="72" count="8" type="stmt"/>
        <line num="73" count="8" type="stmt"/>
        <line num="74" count="8" type="stmt"/>
        <line num="76" count="8" type="stmt"/>
        <line num="77" count="8" type="stmt"/>
        <line num="78" count="27" type="stmt"/>
        <line num="79" count="27" type="stmt"/>
        <line num="80" count="27" type="stmt"/>
        <line num="84" count="27" type="stmt"/>
        <line num="85" count="27" type="cond" truecount="2" falsecount="0"/>
        <line num="88" count="4" type="stmt"/>
        <line num="91" count="23" type="cond" truecount="2" falsecount="0"/>
        <line num="92" count="74" type="stmt"/>
        <line num="95" count="74" type="stmt"/>
        <line num="96" count="74" type="cond" truecount="2" falsecount="0"/>
        <line num="97" count="60" type="stmt"/>
        <line num="98" count="60" type="stmt"/>
        <line num="102" count="27" type="stmt"/>
        <line num="103" count="27" type="stmt"/>
        <line num="106" count="8" type="stmt"/>
        <line num="114" count="5" type="stmt"/>
        <line num="115" count="5" type="cond" truecount="1" falsecount="1"/>
        <line num="117" count="5" type="stmt"/>
        <line num="118" count="5" type="cond" truecount="4" falsecount="0"/>
        <line num="120" count="5" type="stmt"/>
        <line num="121" count="5" type="stmt"/>
        <line num="122" count="16" type="stmt"/>
        <line num="124" count="5" type="stmt"/>
      </file>
      <file name="plan-deck.ts" path="/Users/gihyunpark/Desktop/Playground/sermon-presentation/lib/plan-deck.ts">
        <metrics statements="77" coveredstatements="67" conditionals="68" coveredconditionals="48" methods="15" coveredmethods="14"/>
        <line num="34" count="20" type="cond" truecount="5" falsecount="4"/>
        <line num="36" count="8" type="stmt"/>
        <line num="38" count="4" type="stmt"/>
        <line num="40" count="6" type="cond" truecount="1" falsecount="1"/>
        <line num="42" count="0" type="cond" truecount="0" falsecount="2"/>
        <line num="44" count="0" type="stmt"/>
        <line num="46" count="0" type="cond" truecount="0" falsecount="2"/>
        <line num="50" count="1" type="stmt"/>
        <line num="52" count="1" type="stmt"/>
        <line num="54" count="0" type="stmt"/>
        <line num="69" count="11" type="stmt"/>
        <line num="70" count="11" type="stmt"/>
        <line num="71" count="11" type="stmt"/>
        <line num="72" count="11" type="stmt"/>
        <line num="74" count="11" type="stmt"/>
        <line num="79" count="23" type="cond" truecount="2" falsecount="0"/>
        <line num="82" count="18" type="stmt"/>
        <line num="83" count="18" type="stmt"/>
        <line num="85" count="1" type="cond" truecount="1" falsecount="1"/>
        <line num="86" count="1" type="stmt"/>
        <line num="89" count="17" type="cond" truecount="2" falsecount="0"/>
        <line num="90" count="2" type="stmt"/>
        <line num="91" count="2" type="stmt"/>
        <line num="93" count="15" type="cond" truecount="1" falsecount="1"/>
        <line num="94" count="0" type="stmt"/>
        <line num="95" count="0" type="stmt"/>
        <line num="100" count="15" type="cond" truecount="1" falsecount="1"/>
        <line num="101" count="23" type="stmt"/>
        <line num="107" count="23" type="stmt"/>
        <line num="108" count="22" type="stmt"/>
        <line num="109" count="22" type="cond" truecount="1" falsecount="1"/>
        <line num="113" count="11" type="stmt"/>
        <line num="128" count="5" type="stmt"/>
        <line num="130" count="12" type="stmt"/>
        <line num="131" count="12" type="stmt"/>
        <line num="133" count="5" type="cond" truecount="1" falsecount="0"/>
        <line num="134" count="5" type="stmt"/>
        <line num="135" count="5" type="cond" truecount="2" falsecount="0"/>
        <line num="145" count="9" type="stmt"/>
        <line num="146" count="5" type="cond" truecount="4" falsecount="0"/>
        <line num="148" count="3" type="stmt"/>
        <line num="149" count="3" type="stmt"/>
        <line num="150" count="6" type="cond" truecount="2" falsecount="0"/>
        <line num="151" count="4" type="stmt"/>
        <line num="153" count="3" type="stmt"/>
        <line num="168" count="18" type="stmt"/>
        <line num="190" count="7" type="stmt"/>
        <line num="192" count="7" type="stmt"/>
        <line num="193" count="16" type="cond" truecount="2" falsecount="0"/>
        <line num="194" count="2" type="stmt"/>
        <line num="195" count="2" type="stmt"/>
        <line num="198" count="14" type="stmt"/>
        <line num="199" count="14" type="cond" truecount="2" falsecount="0"/>
        <line num="200" count="16" type="stmt"/>
        <line num="202" count="16" type="cond" truecount="2" falsecount="0"/>
        <line num="203" count="3" type="stmt"/>
        <line num="204" count="5" type="stmt"/>
        <line num="208" count="7" type="stmt"/>
        <line num="235" count="12" type="cond" truecount="2" falsecount="0"/>
        <line num="236" count="10" type="stmt"/>
        <line num="237" count="10" type="cond" truecount="1" falsecount="1"/>
        <line num="238" count="10" type="stmt"/>
        <line num="243" count="7" type="cond" truecount="5" falsecount="0"/>
        <line num="244" count="5" type="stmt"/>
        <line num="246" count="5" type="stmt"/>
        <line num="247" count="5" type="stmt"/>
        <line num="248" count="5" type="cond" truecount="1" falsecount="1"/>
        <line num="249" count="5" type="stmt"/>
        <line num="253" count="3" type="stmt"/>
        <line num="266" count="7" type="cond" truecount="5" falsecount="0"/>
        <line num="267" count="1" type="stmt"/>
        <line num="269" count="6" type="stmt"/>
        <line num="274" count="0" type="cond" truecount="0" falsecount="4"/>
        <line num="275" count="0" type="stmt"/>
        <line num="278" count="0" type="stmt"/>
        <line num="279" count="0" type="stmt"/>
        <line num="282" count="1" type="stmt"/>
      </file>
      <file name="praise-parser.ts" path="/Users/gihyunpark/Desktop/Playground/sermon-presentation/lib/praise-parser.ts">
        <metrics statements="54" coveredstatements="54" conditionals="29" coveredconditionals="28" methods="7" coveredmethods="7"/>
        <line num="29" count="1" type="stmt"/>
        <line num="31" count="1" type="stmt"/>
        <line num="33" count="1" type="stmt"/>
        <line num="35" count="1" type="stmt"/>
        <line num="37" count="1" type="stmt"/>
        <line num="53" count="15" type="stmt"/>
        <line num="54" count="15" type="cond" truecount="2" falsecount="0"/>
        <line num="55" count="11" type="stmt"/>
        <line num="56" count="11" type="stmt"/>
        <line num="57" count="11" type="cond" truecount="5" falsecount="0"/>
        <line num="58" count="9" type="stmt"/>
        <line num="76" count="23" type="stmt"/>
        <line num="77" count="23" type="stmt"/>
        <line num="78" count="23" type="stmt"/>
        <line num="81" count="23" type="stmt"/>
        <line num="82" count="44" type="stmt"/>
        <line num="83" count="44" type="cond" truecount="2" falsecount="0"/>
        <line num="84" count="44" type="stmt"/>
        <line num="85" count="44" type="stmt"/>
        <line num="86" count="44" type="stmt"/>
        <line num="89" count="23" type="stmt"/>
        <line num="90" count="84" type="stmt"/>
        <line num="92" count="84" type="cond" truecount="2" falsecount="0"/>
        <line num="94" count="7" type="stmt"/>
        <line num="95" count="7" type="stmt"/>
        <line num="97" count="77" type="cond" truecount="2" falsecount="0"/>
        <line num="98" count="1" type="stmt"/>
        <line num="99" count="1" type="stmt"/>
        <line num="102" count="76" type="stmt"/>
        <line num="103" count="76" type="cond" truecount="2" falsecount="0"/>
        <line num="104" count="2" type="stmt"/>
        <line num="105" count="2" type="stmt"/>
        <line num="107" count="74" type="cond" truecount="2" falsecount="0"/>
        <line num="108" count="11" type="stmt"/>
        <line num="109" count="11" type="stmt"/>
        <line num="111" count="63" type="stmt"/>
        <line num="112" count="63" type="cond" truecount="2" falsecount="0"/>
        <line num="113" count="14" type="stmt"/>
        <line num="114" count="14" type="stmt"/>
        <line num="116" count="49" type="stmt"/>
        <line num="117" count="49" type="cond" truecount="2" falsecount="0"/>
        <line num="118" count="4" type="stmt"/>
        <line num="119" count="4" type="stmt"/>
        <line num="121" count="4" type="cond" truecount="1" falsecount="1"/>
        <line num="122" count="4" type="stmt"/>
        <line num="125" count="45" type="cond" truecount="2" falsecount="0"/>
        <line num="129" count="44" type="stmt"/>
        <line num="131" count="41" type="stmt"/>
        <line num="137" count="49" type="stmt"/>
        <line num="143" count="5" type="stmt"/>
        <line num="144" count="5" type="cond" truecount="2" falsecount="0"/>
        <line num="146" count="4" type="stmt"/>
        <line num="147" count="4" type="cond" truecount="2" falsecount="0"/>
        <line num="149" count="1" type="stmt"/>
      </file>
      <file name="reference-parser.ts" path="/Users/gihyunpark/Desktop/Playground/sermon-presentation/lib/reference-parser.ts">
        <metrics statements="116" coveredstatements="115" conditionals="103" coveredconditionals="91" methods="14" coveredmethods="14"/>
        <line num="22" count="15" type="stmt"/>
        <line num="25" count="15" type="stmt"/>
        <line num="28" count="15" type="stmt"/>
        <line num="35" count="97" type="stmt"/>
        <line num="60" count="28" type="stmt"/>
        <line num="64" count="7" type="stmt"/>
        <line num="65" count="16" type="stmt"/>
        <line num="66" count="16" type="cond" truecount="1" falsecount="1"/>
        <line num="67" count="16" type="stmt"/>
        <line num="72" count="92" type="cond" truecount="1" falsecount="1"/>
        <line num="73" count="92" type="cond" truecount="2" falsecount="0"/>
        <line num="75" count="90" type="stmt"/>
        <line num="76" count="90" type="stmt"/>
        <line num="78" count="90" type="stmt"/>
        <line num="79" count="94" type="stmt"/>
        <line num="80" count="94" type="cond" truecount="1" falsecount="1"/>
        <line num="82" count="94" type="stmt"/>
        <line num="86" count="94" type="cond" truecount="2" falsecount="0"/>
        <line num="87" count="91" type="stmt"/>
        <line num="88" count="91" type="cond" truecount="1" falsecount="1"/>
        <line num="90" count="91" type="stmt"/>
        <line num="91" count="91" type="cond" truecount="2" falsecount="0"/>
        <line num="92" count="7" type="stmt"/>
        <line num="93" count="7" type="cond" truecount="2" falsecount="0"/>
        <line num="97" count="84" type="stmt"/>
        <line num="100" count="3" type="cond" truecount="2" falsecount="0"/>
        <line num="101" count="1" type="stmt"/>
        <line num="103" count="2" type="stmt"/>
        <line num="104" count="2" type="stmt"/>
        <line num="107" count="86" type="stmt"/>
        <line num="109" count="86" type="stmt"/>
        <line num="110" count="86" type="cond" truecount="2" falsecount="0"/>
        <line num="111" count="68" type="stmt"/>
        <line num="114" count="64" type="cond" truecount="1" falsecount="1"/>
        <line num="116" count="64" type="stmt"/>
        <line num="128" count="86" type="stmt"/>
        <line num="131" count="86" type="cond" truecount="2" falsecount="0"/>
        <line num="132" count="4" type="cond" truecount="2" falsecount="0"/>
        <line num="133" count="2" type="stmt"/>
        <line num="135" count="2" type="stmt"/>
        <line num="139" count="82" type="cond" truecount="2" falsecount="0"/>
        <line num="141" count="86" type="stmt"/>
        <line num="142" count="86" type="cond" truecount="1" falsecount="1"/>
        <line num="144" count="82" type="stmt"/>
        <line num="146" count="82" type="stmt"/>
        <line num="147" count="84" type="stmt"/>
        <line num="148" count="84" type="stmt"/>
        <line num="151" count="84" type="cond" truecount="4" falsecount="0"/>
        <line num="155" count="84" type="cond" truecount="2" falsecount="0"/>
        <line num="157" count="81" type="stmt"/>
        <line num="158" count="81" type="cond" truecount="2" falsecount="0"/>
        <line num="160" count="68" type="stmt"/>
        <line num="163" count="66" type="stmt"/>
        <line num="169" count="82" type="stmt"/>
        <line num="170" count="82" type="cond" truecount="2" falsecount="0"/>
        <line num="172" count="79" type="stmt"/>
        <line num="173" count="79" type="cond" truecount="2" falsecount="0"/>
        <line num="174" count="82" type="cond" truecount="2" falsecount="0"/>
        <line num="175" count="82" type="cond" truecount="2" falsecount="0"/>
        <line num="177" count="82" type="stmt"/>
        <line num="178" count="82" type="stmt"/>
        <line num="180" count="82" type="cond" truecount="2" falsecount="0"/>
        <line num="181" count="15" type="cond" truecount="2" falsecount="0"/>
        <line num="183" count="3" type="stmt"/>
        <line num="184" count="3" type="stmt"/>
        <line num="185" count="12" type="cond" truecount="2" falsecount="0"/>
        <line num="187" count="3" type="stmt"/>
        <line num="188" count="3" type="stmt"/>
        <line num="191" count="9" type="stmt"/>
        <line num="192" count="9" type="stmt"/>
        <line num="196" count="79" type="stmt"/>
        <line num="200" count="2" type="cond" truecount="3" falsecount="1"/>
        <line num="202" count="0" type="stmt"/>
        <line num="205" count="2" type="stmt"/>
        <line num="206" count="2" type="cond" truecount="1" falsecount="1"/>
        <line num="208" count="2" type="stmt"/>
        <line num="209" count="2" type="cond" truecount="2" falsecount="0"/>
        <line num="210" count="2" type="stmt"/>
        <line num="212" count="2" type="stmt"/>
        <line num="219" count="81" type="stmt"/>
        <line num="224" count="81" type="stmt"/>
        <line num="225" count="153" type="cond" truecount="5" falsecount="0"/>
        <line num="227" count="9" type="cond" truecount="2" falsecount="0"/>
        <line num="228" count="9" type="stmt"/>
        <line num="232" count="72" type="stmt"/>
        <line num="233" count="143" type="cond" truecount="5" falsecount="0"/>
        <line num="234" count="1" type="stmt"/>
        <line num="238" count="71" type="cond" truecount="2" falsecount="0"/>
        <line num="239" count="2" type="stmt"/>
        <line num="241" count="69" type="cond" truecount="2" falsecount="0"/>
        <line num="247" count="1" type="stmt"/>
        <line num="250" count="68" type="stmt"/>
        <line num="260" count="229" type="stmt"/>
        <line num="261" count="229" type="cond" truecount="2" falsecount="0"/>
        <line num="262" count="153" type="cond" truecount="2" falsecount="0"/>
        <line num="263" count="76" type="stmt"/>
        <line num="267" count="241" type="stmt"/>
        <line num="268" count="241" type="stmt"/>
        <line num="270" count="241" type="cond" truecount="2" falsecount="0"/>
        <line num="271" count="39" type="cond" truecount="2" falsecount="0"/>
        <line num="272" count="39" type="cond" truecount="2" falsecount="0"/>
        <line num="275" count="202" type="cond" truecount="2" falsecount="0"/>
        <line num="276" count="193" type="cond" truecount="1" falsecount="1"/>
        <line num="277" count="193" type="cond" truecount="2" falsecount="0"/>
        <line num="278" count="36" type="stmt"/>
        <line num="281" count="9" type="cond" truecount="1" falsecount="3"/>
        <line num="282" count="241" type="stmt"/>
        <line num="287" count="223" type="stmt"/>
        <line num="288" count="223" type="stmt"/>
        <line num="290" count="223" type="stmt"/>
        <line num="291" count="241" type="stmt"/>
        <line num="292" count="241" type="cond" truecount="2" falsecount="0"/>
        <line num="293" count="12" type="stmt"/>
        <line num="295" count="229" type="stmt"/>
        <line num="296" count="229" type="stmt"/>
        <line num="300" count="223" type="stmt"/>
      </file>
      <file name="responsive-parser.ts" path="/Users/gihyunpark/Desktop/Playground/sermon-presentation/lib/responsive-parser.ts">
        <metrics statements="42" coveredstatements="42" conditionals="14" coveredconditionals="14" methods="4" coveredmethods="4"/>
        <line num="37" count="15" type="stmt"/>
        <line num="55" count="15" type="stmt"/>
        <line num="58" count="53" type="stmt"/>
        <line num="68" count="10" type="stmt"/>
        <line num="69" count="10" type="stmt"/>
        <line num="70" count="10" type="stmt"/>
        <line num="72" count="10" type="stmt"/>
        <line num="73" count="10" type="stmt"/>
        <line num="75" count="10" type="stmt"/>
        <line num="76" count="53" type="stmt"/>
        <line num="77" count="53" type="cond" truecount="2" falsecount="0"/>
        <line num="78" count="14" type="stmt"/>
        <line num="79" count="14" type="stmt"/>
        <line num="81" count="14" type="stmt"/>
        <line num="82" count="14" type="cond" truecount="2" falsecount="0"/>
        <line num="83" count="1" type="stmt"/>
        <line num="85" count="14" type="stmt"/>
        <line num="87" count="14" type="stmt"/>
        <line num="88" count="14" type="stmt"/>
        <line num="89" count="14" type="stmt"/>
        <line num="92" count="39" type="stmt"/>
        <line num="93" count="39" type="cond" truecount="2" falsecount="0"/>
        <line num="95" count="31" type="cond" truecount="2" falsecount="0"/>
        <line num="96" count="1" type="stmt"/>
        <line num="97" count="1" type="stmt"/>
        <line num="99" count="30" type="stmt"/>
        <line num="102" count="10" type="cond" truecount="2" falsecount="0"/>
        <line num="103" count="1" type="stmt"/>
        <line num="107" count="10" type="stmt"/>
        <line num="108" count="10" type="stmt"/>
        <line num="109" count="14" type="cond" truecount="2" falsecount="0"/>
        <line num="110" count="1" type="stmt"/>
        <line num="111" count="1" type="stmt"/>
        <line num="113" count="13" type="stmt"/>
        <line num="116" count="10" type="stmt"/>
        <line num="117" count="3" type="stmt"/>
        <line num="140" count="21" type="stmt"/>
        <line num="141" count="21" type="stmt"/>
        <line num="142" count="58" type="stmt"/>
        <line num="143" count="58" type="stmt"/>
        <line num="144" count="58" type="cond" truecount="2" falsecount="0"/>
        <line num="146" count="21" type="stmt"/>
      </file>
      <file name="slide-builder.ts" path="/Users/gihyunpark/Desktop/Playground/sermon-presentation/lib/slide-builder.ts">
        <metrics statements="23" coveredstatements="23" conditionals="23" coveredconditionals="22" methods="10" coveredmethods="10"/>
        <line num="24" count="15" type="stmt"/>
        <line num="33" count="183" type="stmt"/>
        <line num="41" count="19" type="cond" truecount="2" falsecount="0"/>
        <line num="45" count="17" type="cond" truecount="3" falsecount="1"/>
        <line num="46" count="15" type="stmt"/>
        <line num="47" count="37" type="stmt"/>
        <line num="48" count="15" type="stmt"/>
        <line num="52" count="19" type="stmt"/>
        <line num="53" count="19" type="cond" truecount="2" falsecount="0"/>
        <line num="55" count="17" type="stmt"/>
        <line num="57" count="17" type="stmt"/>
        <line num="58" count="39" type="stmt"/>
        <line num="60" count="51" type="stmt"/>
        <line num="62" count="135" type="stmt"/>
        <line num="65" count="39" type="stmt"/>
        <line num="77" count="9" type="cond" truecount="2" falsecount="0"/>
        <line num="78" count="7" type="stmt"/>
        <line num="79" count="7" type="cond" truecount="4" falsecount="0"/>
        <line num="81" count="6" type="stmt"/>
        <line num="82" count="6" type="stmt"/>
        <line num="84" count="6" type="cond" truecount="2" falsecount="0"/>
        <line num="85" count="5" type="cond" truecount="2" falsecount="0"/>
        <line num="89" count="1" type="stmt"/>
      </file>
      <file name="song-slides.ts" path="/Users/gihyunpark/Desktop/Playground/sermon-presentation/lib/song-slides.ts">
        <metrics statements="84" coveredstatements="79" conditionals="75" coveredconditionals="64" methods="35" coveredmethods="30"/>
        <line num="25" count="17" type="stmt"/>
        <line num="34" count="383" type="stmt"/>
        <line num="35" count="82" type="stmt"/>
        <line num="37" count="82" type="stmt"/>
        <line num="38" count="2219" type="stmt"/>
        <line num="40" count="428" type="stmt"/>
        <line num="41" count="304" type="cond" truecount="2" falsecount="0"/>
        <line num="44" count="304" type="stmt"/>
        <line num="49" count="66" type="stmt"/>
        <line num="54" count="158" type="stmt"/>
        <line num="56" count="71" type="stmt"/>
        <line num="57" count="79" type="stmt"/>
        <line num="58" count="174" type="stmt"/>
        <line num="59" count="158" type="stmt"/>
        <line num="60" count="79" type="stmt"/>
        <line num="80" count="83" type="stmt"/>
        <line num="82" count="83" type="cond" truecount="2" falsecount="0"/>
        <line num="83" count="49" type="stmt"/>
        <line num="85" count="49" type="cond" truecount="4" falsecount="0"/>
        <line num="87" count="47" type="stmt"/>
        <line num="88" count="47" type="stmt"/>
        <line num="89" count="71" type="stmt"/>
        <line num="91" count="60" type="cond" truecount="2" falsecount="0"/>
        <line num="93" count="23" type="stmt"/>
        <line num="96" count="83" type="stmt"/>
        <line num="101" count="107" type="stmt"/>
        <line num="102" count="107" type="stmt"/>
        <line num="104" count="107" type="stmt"/>
        <line num="105" count="107" type="stmt"/>
        <line num="106" count="107" type="stmt"/>
        <line num="107" count="344" type="cond" truecount="2" falsecount="0"/>
        <line num="108" count="344" type="stmt"/>
        <line num="109" count="344" type="stmt"/>
        <line num="111" count="107" type="stmt"/>
        <line num="128" count="93" type="cond" truecount="3" falsecount="3"/>
        <line num="129" count="93" type="cond" truecount="1" falsecount="1"/>
        <line num="131" count="93" type="stmt"/>
        <line num="132" count="93" type="stmt"/>
        <line num="136" count="93" type="cond" truecount="5" falsecount="0"/>
        <line num="137" count="14" type="stmt"/>
        <line num="138" count="14" type="cond" truecount="1" falsecount="1"/>
        <line num="141" count="79" type="stmt"/>
        <line num="152" count="31" type="stmt"/>
        <line num="154" count="31" type="stmt"/>
        <line num="155" count="31" type="cond" truecount="2" falsecount="0"/>
        <line num="157" count="31" type="cond" truecount="2" falsecount="0"/>
        <line num="158" count="31" type="cond" truecount="2" falsecount="0"/>
        <line num="159" count="31" type="cond" truecount="2" falsecount="0"/>
        <line num="168" count="75" type="stmt"/>
        <line num="169" count="75" type="cond" truecount="2" falsecount="0"/>
        <line num="172" count="74" type="cond" truecount="2" falsecount="0"/>
        <line num="174" count="75" type="cond" truecount="2" falsecount="0"/>
        <line num="175" count="75" type="cond" truecount="2" falsecount="0"/>
        <line num="176" count="75" type="cond" truecount="2" falsecount="0"/>
        <line num="178" count="157" type="stmt"/>
        <line num="199" count="0" type="cond" truecount="0" falsecount="2"/>
        <line num="201" count="0" type="stmt"/>
        <line num="202" count="0" type="cond" truecount="0" falsecount="2"/>
        <line num="204" count="0" type="stmt"/>
        <line num="206" count="0" type="stmt"/>
        <line num="229" count="6" type="cond" truecount="2" falsecount="0"/>
        <line num="230" count="5" type="cond" truecount="4" falsecount="0"/>
        <line num="231" count="3" type="stmt"/>
        <line num="235" count="7" type="cond" truecount="2" falsecount="0"/>
        <line num="236" count="7" type="cond" truecount="2" falsecount="0"/>
        <line num="240" count="40" type="cond" truecount="1" falsecount="1"/>
        <line num="241" count="40" type="cond" truecount="2" falsecount="0"/>
        <line num="252" count="25" type="cond" truecount="2" falsecount="0"/>
        <line num="254" count="10" type="stmt"/>
        <line num="255" count="6" type="cond" truecount="2" falsecount="0"/>
        <line num="257" count="12" type="stmt"/>
        <line num="259" count="25" type="stmt"/>
        <line num="260" count="25" type="stmt"/>
        <line num="262" count="25" type="stmt"/>
        <line num="263" count="38" type="stmt"/>
        <line num="264" count="38" type="stmt"/>
        <line num="265" count="40" type="stmt"/>
        <line num="266" count="40" type="stmt"/>
        <line num="270" count="25" type="stmt"/>
        <line num="275" count="50" type="stmt"/>
        <line num="276" count="50" type="stmt"/>
        <line num="277" count="30" type="stmt"/>
        <line num="278" count="30" type="stmt"/>
        <line num="279" count="30" type="cond" truecount="3" falsecount="1"/>
      </file>
      <file name="songbook-import.ts" path="/Users/gihyunpark/Desktop/Playground/sermon-presentation/lib/songbook-import.ts">
        <metrics statements="55" coveredstatements="54" conditionals="46" coveredconditionals="39" methods="10" coveredmethods="10"/>
        <line num="50" count="15" type="stmt"/>
        <line num="53" count="15" type="stmt"/>
        <line num="56" count="15" type="stmt"/>
        <line num="59" count="15" type="stmt"/>
        <line num="60" count="15" type="cond" truecount="2" falsecount="0"/>
        <line num="61" count="6" type="cond" truecount="2" falsecount="0"/>
        <line num="62" count="4" type="cond" truecount="1" falsecount="3"/>
        <line num="63" count="4" type="cond" truecount="2" falsecount="0"/>
        <line num="64" count="2" type="cond" truecount="1" falsecount="1"/>
        <line num="80" count="21" type="stmt"/>
        <line num="81" count="21" type="stmt"/>
        <line num="83" count="21" type="stmt"/>
        <line num="84" count="21" type="stmt"/>
        <line num="86" count="21" type="stmt"/>
        <line num="88" count="21" type="stmt"/>
        <line num="89" count="41" type="cond" truecount="2" falsecount="0"/>
        <line num="90" count="23" type="stmt"/>
        <line num="91" count="23" type="stmt"/>
        <line num="93" count="23" type="cond" truecount="1" falsecount="1"/>
        <line num="94" count="0" type="stmt"/>
        <line num="95" count="23" type="cond" truecount="2" falsecount="0"/>
        <line num="96" count="2" type="stmt"/>
        <line num="98" count="21" type="stmt"/>
        <line num="100" count="23" type="stmt"/>
        <line num="103" count="48" type="stmt"/>
        <line num="105" count="21" type="stmt"/>
        <line num="106" count="77" type="stmt"/>
        <line num="108" count="77" type="cond" truecount="2" falsecount="0"/>
        <line num="109" count="9" type="stmt"/>
        <line num="111" count="9" type="stmt"/>
        <line num="112" count="9" type="stmt"/>
        <line num="116" count="68" type="cond" truecount="2" falsecount="0"/>
        <line num="117" count="77" type="cond" truecount="4" falsecount="0"/>
        <line num="118" count="15" type="stmt"/>
        <line num="119" count="15" type="stmt"/>
        <line num="123" count="53" type="cond" truecount="4" falsecount="0"/>
        <line num="124" count="77" type="cond" truecount="2" falsecount="0"/>
        <line num="125" count="11" type="stmt"/>
        <line num="126" count="11" type="stmt"/>
        <line num="127" count="11" type="stmt"/>
        <line num="130" count="42" type="cond" truecount="2" falsecount="0"/>
        <line num="132" count="5" type="cond" truecount="2" falsecount="0"/>
        <line num="133" count="5" type="stmt"/>
        <line num="136" count="37" type="cond" truecount="2" falsecount="0"/>
        <line num="138" count="3" type="stmt"/>
        <line num="139" count="3" type="stmt"/>
        <line num="142" count="34" type="stmt"/>
        <line num="145" count="21" type="stmt"/>
        <line num="147" count="21" type="stmt"/>
        <line num="158" count="1" type="stmt"/>
        <line num="159" count="1" type="cond" truecount="3" falsecount="1"/>
        <line num="160" count="1" type="stmt"/>
        <line num="163" count="2" type="stmt"/>
        <line num="164" count="2" type="stmt"/>
        <line num="165" count="3" type="stmt"/>
      </file>
      <file name="template-css.ts" path="/Users/gihyunpark/Desktop/Playground/sermon-presentation/lib/template-css.ts">
        <metrics statements="44" coveredstatements="43" conditionals="63" coveredconditionals="61" methods="16" coveredmethods="16"/>
        <line num="14" count="15" type="stmt"/>
        <line num="27" count="47" type="cond" truecount="2" falsecount="0"/>
        <line num="28" count="47" type="stmt"/>
        <line num="32" count="1751" type="stmt"/>
        <line num="37" count="84" type="cond" truecount="2" falsecount="0"/>
        <line num="41" count="256" type="cond" truecount="4" falsecount="0"/>
        <line num="45" count="256" type="cond" truecount="2" falsecount="0"/>
        <line num="49" count="42" type="cond" truecount="5" falsecount="1"/>
        <line num="51" count="36" type="stmt"/>
        <line num="53" count="1" type="stmt"/>
        <line num="57" count="1" type="cond" truecount="1" falsecount="1"/>
        <line num="63" count="4" type="stmt"/>
        <line num="65" count="0" type="stmt"/>
        <line num="71" count="6" type="stmt"/>
        <line num="72" count="6" type="cond" truecount="2" falsecount="0"/>
        <line num="73" count="5" type="stmt"/>
        <line num="74" count="5" type="stmt"/>
        <line num="75" count="5" type="stmt"/>
        <line num="76" count="5" type="stmt"/>
        <line num="77" count="5" type="stmt"/>
        <line num="78" count="5" type="stmt"/>
        <line num="83" count="88" type="stmt"/>
        <line num="108" count="168" type="stmt"/>
        <line num="130" count="42" type="cond" truecount="4" falsecount="0"/>
        <line num="131" count="4" type="cond" truecount="2" falsecount="0"/>
        <line num="132" count="3" type="stmt"/>
        <line num="136" count="42" type="cond" truecount="4" falsecount="0"/>
        <line num="140" count="42" type="cond" truecount="4" falsecount="0"/>
        <line num="149" count="15" type="stmt"/>
        <line num="152" count="88" type="cond" truecount="4" falsecount="0"/>
        <line num="153" count="9" type="stmt"/>
        <line num="158" count="42" type="stmt"/>
        <line num="159" count="42" type="stmt"/>
        <line num="161" count="42" type="stmt"/>
        <line num="221" count="5" type="cond" truecount="2" falsecount="0"/>
        <line num="222" count="5" type="stmt"/>
        <line num="223" count="5" type="stmt"/>
        <line num="225" count="5" type="cond" truecount="4" falsecount="0"/>
        <line num="228" count="4" type="stmt"/>
        <line num="229" count="4" type="stmt"/>
        <line num="234" count="3" type="stmt"/>
        <line num="235" count="3" type="stmt"/>
        <line num="236" count="4" type="cond" truecount="2" falsecount="0"/>
        <line num="238" count="3" type="stmt"/>
      </file>
      <file name="template-presets.ts" path="/Users/gihyunpark/Desktop/Playground/sermon-presentation/lib/template-presets.ts">
        <metrics statements="14" coveredstatements="14" conditionals="3" coveredconditionals="3" methods="4" coveredmethods="4"/>
        <line num="15" count="20" type="stmt"/>
        <line num="16" count="20" type="stmt"/>
        <line num="26" count="20" type="stmt"/>
        <line num="36" count="20" type="stmt"/>
        <line num="52" count="20" type="stmt"/>
        <line num="62" count="20" type="stmt"/>
        <line num="68" count="20" type="stmt"/>
        <line num="69" count="20" type="stmt"/>
        <line num="72" count="1320" type="stmt"/>
        <line num="103" count="220" type="stmt"/>
        <line num="105" count="220" type="stmt"/>
        <line num="194" count="20" type="stmt"/>
        <line num="469" count="20" type="stmt"/>
        <line num="472" count="576" type="stmt"/>
      </file>
    </package>
    <package name="server">
      <metrics statements="310" coveredstatements="133" conditionals="207" coveredconditionals="99" methods="63" coveredmethods="29"/>
      <file name="app.ts" path="/Users/gihyunpark/Desktop/Playground/sermon-presentation/server/app.ts">
        <metrics statements="54" coveredstatements="39" conditionals="24" coveredconditionals="9" methods="16" coveredmethods="8"/>
        <line num="51" count="0" type="stmt"/>
        <line num="52" count="0" type="stmt"/>
        <line num="53" count="0" type="cond" truecount="0" falsecount="2"/>
        <line num="54" count="0" type="cond" truecount="0" falsecount="4"/>
        <line num="57" count="0" type="stmt"/>
        <line num="61" count="14" type="stmt"/>
        <line num="72" count="14" type="stmt"/>
        <line num="73" count="14" type="stmt"/>
        <line num="74" count="14" type="stmt"/>
        <line num="75" count="14" type="stmt"/>
        <line num="76" count="14" type="stmt"/>
        <line num="77" count="14" type="stmt"/>
        <line num="79" count="14" type="stmt"/>
        <line num="80" count="14" type="stmt"/>
        <line num="81" count="14" type="stmt"/>
        <line num="82" count="14" type="stmt"/>
        <line num="84" count="0" type="cond" truecount="0" falsecount="2"/>
        <line num="85" count="0" type="stmt"/>
        <line num="87" count="0" type="stmt"/>
        <line num="91" count="14" type="stmt"/>
        <line num="94" count="14" type="stmt"/>
        <line num="110" count="2" type="stmt"/>
        <line num="111" count="2" type="cond" truecount="1" falsecount="1"/>
        <line num="112" count="0" type="stmt"/>
        <line num="114" count="2" type="stmt"/>
        <line num="125" count="14" type="stmt"/>
        <line num="133" count="1" type="stmt"/>
        <line num="144" count="14" type="cond" truecount="1" falsecount="1"/>
        <line num="145" count="14" type="stmt"/>
        <line num="151" count="0" type="stmt"/>
        <line num="156" count="14" type="stmt"/>
        <line num="162" count="14" type="stmt"/>
        <line num="163" count="0" type="cond" truecount="0" falsecount="2"/>
        <line num="168" count="14" type="stmt"/>
        <line num="169" count="14" type="stmt"/>
        <line num="172" count="14" type="stmt"/>
        <line num="175" count="14" type="stmt"/>
        <line num="177" count="14" type="stmt"/>
        <line num="186" count="0" type="cond" truecount="1" falsecount="1"/>
        <line num="200" count="14" type="stmt"/>
        <line num="201" count="14" type="stmt"/>
        <line num="202" count="14" type="stmt"/>
        <line num="203" count="14" type="stmt"/>
        <line num="204" count="14" type="stmt"/>
        <line num="205" count="14" type="stmt"/>
        <line num="207" count="14" type="stmt"/>
        <line num="208" count="0" type="stmt"/>
        <line num="209" count="12" type="stmt"/>
        <line num="212" count="14" type="stmt"/>
        <line num="218" count="14" type="cond" truecount="1" falsecount="1"/>
        <line num="219" count="14" type="stmt"/>
        <line num="221" count="0" type="stmt"/>
        <line num="222" count="0" type="stmt"/>
        <line num="230" count="14" type="stmt"/>
      </file>
      <file name="config.ts" path="/Users/gihyunpark/Desktop/Playground/sermon-presentation/server/config.ts">
        <metrics statements="6" coveredstatements="6" conditionals="6" coveredconditionals="6" methods="0" coveredmethods="0"/>
        <line num="7" count="18" type="cond" truecount="2" falsecount="0"/>
        <line num="10" count="18" type="stmt"/>
        <line num="12" count="18" type="stmt"/>
        <line num="15" count="18" type="stmt"/>
        <line num="30" count="18" type="cond" truecount="2" falsecount="0"/>
        <line num="33" count="18" type="cond" truecount="2" falsecount="0"/>
      </file>
      <file name="index.ts" path="/Users/gihyunpark/Desktop/Playground/sermon-presentation/server/index.ts">
        <metrics statements="44" coveredstatements="0" conditionals="18" coveredconditionals="0" methods="8" coveredmethods="0"/>
        <line num="14" count="0" type="stmt"/>
        <line num="15" count="0" type="stmt"/>
        <line num="17" count="0" type="stmt"/>
        <line num="22" count="0" type="stmt"/>
        <line num="23" count="0" type="cond" truecount="0" falsecount="2"/>
        <line num="25" count="0" type="stmt"/>
        <line num="28" count="0" type="cond" truecount="0" falsecount="2"/>
        <line num="29" count="0" type="stmt"/>
        <line num="30" count="0" type="cond" truecount="0" falsecount="2"/>
        <line num="31" count="0" type="stmt"/>
        <line num="40" count="0" type="stmt"/>
        <line num="41" count="0" type="stmt"/>
        <line num="42" count="0" type="stmt"/>
        <line num="43" count="0" type="stmt"/>
        <line num="45" count="0" type="stmt"/>
        <line num="46" count="0" type="cond" truecount="0" falsecount="2"/>
        <line num="47" count="0" type="stmt"/>
        <line num="48" count="0" type="stmt"/>
        <line num="51" count="0" type="cond" truecount="0" falsecount="2"/>
        <line num="54" count="0" type="stmt"/>
        <line num="57" count="0" type="stmt"/>
        <line num="58" count="0" type="stmt"/>
        <line num="59" count="0" type="stmt"/>
        <line num="62" count="0" type="stmt"/>
        <line num="63" count="0" type="stmt"/>
        <line num="69" count="0" type="cond" truecount="0" falsecount="2"/>
        <line num="70" count="0" type="stmt"/>
        <line num="71" count="0" type="stmt"/>
        <line num="73" count="0" type="stmt"/>
        <line num="74" count="0" type="stmt"/>
        <line num="76" count="0" type="stmt"/>
        <line num="78" count="0" type="cond" truecount="0" falsecount="2"/>
        <line num="79" count="0" type="stmt"/>
        <line num="84" count="0" type="stmt"/>
        <line num="85" count="0" type="stmt"/>
        <line num="86" count="0" type="stmt"/>
        <line num="87" count="0" type="cond" truecount="0" falsecount="2"/>
        <line num="88" count="0" type="stmt"/>
        <line num="89" count="0" type="stmt"/>
        <line num="90" count="0" type="stmt"/>
        <line num="91" count="0" type="stmt"/>
        <line num="92" count="0" type="stmt"/>
        <line num="93" count="0" type="stmt"/>
        <line num="94" count="0" type="stmt"/>
      </file>
      <file name="output-build.ts" path="/Users/gihyunpark/Desktop/Playground/sermon-presentation/server/output-build.ts">
        <metrics statements="12" coveredstatements="5" conditionals="8" coveredconditionals="6" methods="2" coveredmethods="1"/>
        <line num="21" count="1" type="stmt"/>
        <line num="28" count="0" type="stmt"/>
        <line num="29" count="0" type="stmt"/>
        <line num="30" count="0" type="stmt"/>
        <line num="31" count="0" type="cond" truecount="0" falsecount="2"/>
        <line num="32" count="0" type="stmt"/>
        <line num="33" count="0" type="stmt"/>
        <line num="38" count="0" type="stmt"/>
        <line num="47" count="1" type="stmt"/>
        <line num="50" count="10" type="cond" truecount="4" falsecount="0"/>
        <line num="51" count="5" type="cond" truecount="2" falsecount="0"/>
        <line num="52" count="4" type="stmt"/>
      </file>
      <file name="paths.ts" path="/Users/gihyunpark/Desktop/Playground/sermon-presentation/server/paths.ts">
        <metrics statements="7" coveredstatements="7" conditionals="10" coveredconditionals="5" methods="1" coveredmethods="1"/>
        <line num="15" count="20" type="stmt"/>
        <line num="21" count="20" type="cond" truecount="1" falsecount="1"/>
        <line num="29" count="20" type="cond" truecount="1" falsecount="1"/>
        <line num="40" count="20" type="cond" truecount="1" falsecount="1"/>
        <line num="44" count="20" type="stmt"/>
        <line num="81" count="54" type="stmt"/>
        <line num="82" count="270" type="cond" truecount="1" falsecount="1"/>
      </file>
      <file name="state.ts" path="/Users/gihyunpark/Desktop/Playground/sermon-presentation/server/state.ts">
        <metrics statements="80" coveredstatements="76" conditionals="84" coveredconditionals="73" methods="20" coveredmethods="19"/>
        <line num="16" count="16" type="stmt"/>
        <line num="26" count="16" type="stmt"/>
        <line num="34" count="16" type="stmt"/>
        <line num="35" count="16" type="stmt"/>
        <line num="39" count="14" type="stmt"/>
        <line num="41" count="14" type="cond" truecount="4" falsecount="1"/>
        <line num="42" count="14" type="stmt"/>
        <line num="47" count="14" type="stmt"/>
        <line num="50" count="0" type="stmt"/>
        <line num="51" count="0" type="stmt"/>
        <line num="55" count="48" type="stmt"/>
        <line num="59" count="27" type="stmt"/>
        <line num="63" count="1" type="stmt"/>
        <line num="64" count="1" type="stmt"/>
        <line num="79" count="94" type="stmt"/>
        <line num="85" count="94" type="stmt"/>
        <line num="91" count="94" type="stmt"/>
        <line num="92" count="94" type="stmt"/>
        <line num="97" count="94" type="stmt"/>
        <line num="113" count="10" type="stmt"/>
        <line num="122" count="33" type="stmt"/>
        <line num="123" count="33" type="cond" truecount="2" falsecount="0"/>
        <line num="124" count="33" type="stmt"/>
        <line num="126" count="33" type="stmt"/>
        <line num="145" count="67" type="stmt"/>
        <line num="146" count="67" type="cond" truecount="4" falsecount="0"/>
        <line num="149" count="26" type="stmt"/>
        <line num="150" count="65" type="cond" truecount="2" falsecount="0"/>
        <line num="151" count="21" type="stmt"/>
        <line num="153" count="26" type="stmt"/>
        <line num="157" count="67" type="cond" truecount="2" falsecount="0"/>
        <line num="158" count="66" type="cond" truecount="2" falsecount="0"/>
        <line num="159" count="65" type="stmt"/>
        <line num="164" count="34" type="stmt"/>
        <line num="165" count="34" type="cond" truecount="3" falsecount="1"/>
        <line num="167" count="34" type="stmt"/>
        <line num="168" count="34" type="cond" truecount="2" falsecount="3"/>
        <line num="170" count="34" type="stmt"/>
        <line num="171" count="34" type="stmt"/>
        <line num="172" count="34" type="stmt"/>
        <line num="183" count="34" type="stmt"/>
        <line num="187" count="29" type="stmt"/>
        <line num="188" count="29" type="cond" truecount="2" falsecount="0"/>
        <line num="189" count="28" type="cond" truecount="2" falsecount="0"/>
        <line num="190" count="8" type="stmt"/>
        <line num="200" count="13" type="stmt"/>
        <line num="201" count="13" type="cond" truecount="4" falsecount="0"/>
        <line num="203" count="11" type="stmt"/>
        <line num="204" count="11" type="cond" truecount="4" falsecount="0"/>
        <line num="205" count="2" type="cond" truecount="2" falsecount="0"/>
        <line num="209" count="9" type="stmt"/>
        <line num="210" count="9" type="stmt"/>
        <line num="211" count="27" type="cond" truecount="2" falsecount="0"/>
        <line num="214" count="9" type="cond" truecount="2" falsecount="0"/>
        <line num="216" count="5" type="stmt"/>
        <line num="217" count="5" type="cond" truecount="2" falsecount="0"/>
        <line num="218" count="4" type="stmt"/>
        <line num="222" count="4" type="stmt"/>
        <line num="223" count="4" type="cond" truecount="2" falsecount="0"/>
        <line num="224" count="13" type="cond" truecount="2" falsecount="0"/>
        <line num="225" count="2" type="stmt"/>
        <line num="230" count="4" type="stmt"/>
        <line num="231" count="4" type="cond" truecount="4" falsecount="0"/>
        <line num="233" count="3" type="stmt"/>
        <line num="234" count="3" type="stmt"/>
        <line num="235" count="9" type="cond" truecount="2" falsecount="0"/>
        <line num="237" count="3" type="stmt"/>
        <line num="241" count="26" type="stmt"/>
        <line num="242" count="26" type="cond" truecount="2" falsecount="0"/>
        <line num="243" count="25" type="cond" truecount="2" falsecount="0"/>
        <line num="244" count="6" type="stmt"/>
        <line num="252" count="13" type="cond" truecount="2" falsecount="0"/>
        <line num="253" count="12" type="stmt"/>
        <line num="258" count="3" type="cond" truecount="2" falsecount="0"/>
        <line num="259" count="3" type="stmt"/>
        <line num="267" count="2" type="stmt"/>
        <line num="271" count="0" type="cond" truecount="0" falsecount="2"/>
        <line num="272" count="0" type="stmt"/>
        <line num="277" count="39" type="stmt"/>
        <line num="278" count="39" type="stmt"/>
      </file>
      <file name="ws.ts" path="/Users/gihyunpark/Desktop/Playground/sermon-presentation/server/ws.ts">
        <metrics statements="107" coveredstatements="0" conditionals="57" coveredconditionals="0" methods="16" coveredmethods="0"/>
        <line num="41" count="0" type="stmt"/>
        <line num="51" count="0" type="stmt"/>
        <line num="55" count="0" type="cond" truecount="0" falsecount="2"/>
        <line num="56" count="0" type="stmt"/>
        <line num="57" count="0" type="stmt"/>
        <line num="60" count="0" type="stmt"/>
        <line num="63" count="0" type="cond" truecount="0" falsecount="2"/>
        <line num="64" count="0" type="stmt"/>
        <line num="65" count="0" type="stmt"/>
        <line num="67" count="0" type="cond" truecount="0" falsecount="2"/>
        <line num="72" count="0" type="stmt"/>
        <line num="73" count="0" type="cond" truecount="0" falsecount="4"/>
        <line num="74" count="0" type="stmt"/>
        <line num="79" count="0" type="stmt"/>
        <line num="80" count="0" type="stmt"/>
        <line num="81" count="0" type="stmt"/>
        <line num="82" count="0" type="cond" truecount="0" falsecount="2"/>
        <line num="85" count="0" type="cond" truecount="0" falsecount="2"/>
        <line num="87" count="0" type="stmt"/>
        <line num="95" count="0" type="stmt"/>
        <line num="96" count="0" type="stmt"/>
        <line num="100" count="0" type="stmt"/>
        <line num="108" count="0" type="stmt"/>
        <line num="120" count="0" type="stmt"/>
        <line num="122" count="0" type="stmt"/>
        <line num="123" count="0" type="cond" truecount="0" falsecount="2"/>
        <line num="124" count="0" type="stmt"/>
        <line num="125" count="0" type="stmt"/>
        <line num="127" count="0" type="stmt"/>
        <line num="128" count="0" type="stmt"/>
        <line num="132" count="0" type="cond" truecount="0" falsecount="16"/>
        <line num="135" count="0" type="cond" truecount="0" falsecount="2"/>
        <line num="136" count="0" type="cond" truecount="0" falsecount="2"/>
        <line num="137" count="0" type="stmt"/>
        <line num="139" count="0" type="stmt"/>
        <line num="140" count="0" type="cond" truecount="0" falsecount="2"/>
        <line num="141" count="0" type="cond" truecount="0" falsecount="2"/>
        <line num="143" count="0" type="stmt"/>
        <line num="147" count="0" type="cond" truecount="0" falsecount="5"/>
        <line num="148" count="0" type="stmt"/>
        <line num="149" count="0" type="cond" truecount="0" falsecount="2"/>
        <line num="151" count="0" type="stmt"/>
        <line num="154" count="0" type="stmt"/>
        <line num="155" count="0" type="stmt"/>
        <line num="158" count="0" type="stmt"/>
        <line num="159" count="0" type="stmt"/>
        <line num="162" count="0" type="stmt"/>
        <line num="163" count="0" type="stmt"/>
        <line num="166" count="0" type="stmt"/>
        <line num="167" count="0" type="stmt"/>
        <line num="170" count="0" type="stmt"/>
        <line num="171" count="0" type="stmt"/>
        <line num="174" count="0" type="stmt"/>
        <line num="175" count="0" type="stmt"/>
        <line num="178" count="0" type="stmt"/>
        <line num="179" count="0" type="stmt"/>
        <line num="182" count="0" type="stmt"/>
        <line num="183" count="0" type="stmt"/>
        <line num="186" count="0" type="stmt"/>
        <line num="187" count="0" type="stmt"/>
        <line num="190" count="0" type="stmt"/>
        <line num="191" count="0" type="stmt"/>
        <line num="194" count="0" type="stmt"/>
        <line num="196" count="0" type="stmt"/>
        <line num="197" count="0" type="stmt"/>
        <line num="198" count="0" type="stmt"/>
        <line num="204" count="0" type="stmt"/>
        <line num="205" count="0" type="stmt"/>
        <line num="209" count="0" type="stmt"/>
        <line num="213" count="0" type="stmt"/>
        <line num="214" count="0" type="stmt"/>
        <line num="215" count="0" type="stmt"/>
        <line num="218" count="0" type="stmt"/>
        <line num="222" count="0" type="stmt"/>
        <line num="223" count="0" type="stmt"/>
        <line num="224" count="0" type="stmt"/>
        <line num="227" count="0" type="stmt"/>
        <line num="229" count="0" type="stmt"/>
        <line num="231" count="0" type="stmt"/>
        <line num="232" count="0" type="stmt"/>
        <line num="234" count="0" type="stmt"/>
        <line num="235" count="0" type="stmt"/>
        <line num="237" count="0" type="cond" truecount="0" falsecount="4"/>
        <line num="238" count="0" type="stmt"/>
        <line num="239" count="0" type="stmt"/>
        <line num="242" count="0" type="stmt"/>
        <line num="243" count="0" type="stmt"/>
        <line num="246" count="0" type="cond" truecount="0" falsecount="2"/>
        <line num="247" count="0" type="stmt"/>
        <line num="248" count="0" type="stmt"/>
        <line num="252" count="0" type="stmt"/>
        <line num="253" count="0" type="stmt"/>
        <line num="254" count="0" type="stmt"/>
        <line num="257" count="0" type="stmt"/>
        <line num="258" count="0" type="stmt"/>
        <line num="259" count="0" type="stmt"/>
        <line num="260" count="0" type="stmt"/>
        <line num="264" count="0" type="stmt"/>
        <line num="268" count="0" type="stmt"/>
        <line num="269" count="0" type="stmt"/>
        <line num="270" count="0" type="stmt"/>
        <line num="271" count="0" type="stmt"/>
        <line num="282" count="0" type="stmt"/>
        <line num="283" count="0" type="stmt"/>
        <line num="284" count="0" type="cond" truecount="0" falsecount="4"/>
        <line num="285" count="0" type="stmt"/>
        <line num="287" count="0" type="stmt"/>
      </file>
    </package>
    <package name="server.db">
      <metrics statements="581" coveredstatements="442" conditionals="440" coveredconditionals="279" methods="160" coveredmethods="134"/>
      <file name="app.ts" path="/Users/gihyunpark/Desktop/Playground/sermon-presentation/server/db/app.ts">
        <metrics statements="20" coveredstatements="17" conditionals="6" coveredconditionals="4" methods="8" coveredmethods="7"/>
        <line num="12" count="17" type="stmt"/>
        <line num="21" count="17" type="stmt"/>
        <line num="24" count="16" type="cond" truecount="1" falsecount="1"/>
        <line num="25" count="16" type="stmt"/>
        <line num="26" count="16" type="stmt"/>
        <line num="27" count="16" type="stmt"/>
        <line num="31" count="0" type="stmt"/>
        <line num="32" count="0" type="stmt"/>
        <line num="36" count="722" type="cond" truecount="2" falsecount="0"/>
        <line num="37" count="722" type="stmt"/>
        <line num="42" count="614" type="stmt"/>
        <line num="46" count="14" type="stmt"/>
        <line num="49" count="14" type="stmt"/>
        <line num="53" count="94" type="stmt"/>
        <line num="63" count="14" type="stmt"/>
        <line num="64" count="14" type="cond" truecount="1" falsecount="1"/>
        <line num="65" count="14" type="stmt"/>
        <line num="66" count="14" type="stmt"/>
        <line num="68" count="0" type="stmt"/>
        <line num="73" count="94" type="stmt"/>
      </file>
      <file name="bible.ts" path="/Users/gihyunpark/Desktop/Playground/sermon-presentation/server/db/bible.ts">
        <metrics statements="82" coveredstatements="78" conditionals="67" coveredconditionals="57" methods="25" coveredmethods="22"/>
        <line num="27" count="14" type="stmt"/>
        <line num="30" count="14" type="stmt"/>
        <line num="32" count="14" type="stmt"/>
        <line num="36" count="0" type="stmt"/>
        <line num="39" count="0" type="stmt"/>
        <line num="44" count="16" type="cond" truecount="1" falsecount="1"/>
        <line num="45" count="16" type="cond" truecount="1" falsecount="1"/>
        <line num="46" count="16" type="stmt"/>
        <line num="50" count="2" type="stmt"/>
        <line num="51" count="2" type="stmt"/>
        <line num="55" count="56" type="cond" truecount="1" falsecount="1"/>
        <line num="56" count="56" type="stmt"/>
        <line num="74" count="14" type="stmt"/>
        <line num="77" count="44" type="cond" truecount="2" falsecount="0"/>
        <line num="79" count="1" type="stmt"/>
        <line num="83" count="12" type="stmt"/>
        <line num="92" count="1" type="stmt"/>
        <line num="96" count="218" type="stmt"/>
        <line num="110" count="14" type="stmt"/>
        <line num="113" count="1492" type="cond" truecount="2" falsecount="0"/>
        <line num="115" count="1" type="stmt"/>
        <line num="116" count="66" type="stmt"/>
        <line num="126" count="1" type="stmt"/>
        <line num="131" count="16" type="stmt"/>
        <line num="134" count="16" type="cond" truecount="1" falsecount="1"/>
        <line num="146" count="13" type="cond" truecount="2" falsecount="0"/>
        <line num="147" count="13" type="cond" truecount="2" falsecount="0"/>
        <line num="149" count="13" type="stmt"/>
        <line num="168" count="13" type="stmt"/>
        <line num="173" count="3" type="cond" truecount="1" falsecount="1"/>
        <line num="174" count="3" type="stmt"/>
        <line num="182" count="3" type="stmt"/>
        <line num="190" count="16" type="cond" truecount="2" falsecount="0"/>
        <line num="191" count="16" type="cond" truecount="2" falsecount="0"/>
        <line num="193" count="14" type="stmt"/>
        <line num="194" count="14" type="cond" truecount="1" falsecount="1"/>
        <line num="195" count="14" type="stmt"/>
        <line num="199" count="10" type="stmt"/>
        <line num="200" count="10" type="stmt"/>
        <line num="202" count="10" type="stmt"/>
        <line num="203" count="16" type="stmt"/>
        <line num="204" count="16" type="cond" truecount="1" falsecount="1"/>
        <line num="206" count="16" type="stmt"/>
        <line num="207" count="16" type="stmt"/>
        <line num="209" count="16" type="stmt"/>
        <line num="210" count="16" type="cond" truecount="2" falsecount="0"/>
        <line num="211" count="13" type="stmt"/>
        <line num="212" count="13" type="stmt"/>
        <line num="215" count="16" type="stmt"/>
        <line num="226" count="10" type="stmt"/>
        <line num="227" count="10" type="stmt"/>
        <line num="229" count="10" type="cond" truecount="5" falsecount="0"/>
        <line num="231" count="10" type="stmt"/>
        <line num="260" count="36771" type="stmt"/>
        <line num="261" count="1491" type="cond" truecount="1" falsecount="1"/>
        <line num="269" count="7" type="cond" truecount="2" falsecount="0"/>
        <line num="270" count="7" type="cond" truecount="4" falsecount="0"/>
        <line num="273" count="7" type="stmt"/>
        <line num="274" count="7" type="stmt"/>
        <line num="277" count="7" type="stmt"/>
        <line num="285" count="7" type="stmt"/>
        <line num="293" count="7" type="stmt"/>
        <line num="298" count="6" type="cond" truecount="2" falsecount="0"/>
        <line num="299" count="6" type="cond" truecount="2" falsecount="2"/>
        <line num="302" count="6" type="stmt"/>
[...]
        <line num="274" count="7" type="cond" truecount="2" falsecount="0"/>
        <line num="275" count="1" type="stmt"/>
        <line num="276" count="1" type="stmt"/>
        <line num="278" count="6" type="stmt"/>
        <line num="279" count="6" type="cond" truecount="2" falsecount="0"/>
        <line num="280" count="7" type="stmt"/>
        <line num="284" count="1" type="stmt"/>
        <line num="288" count="85" type="stmt"/>
        <line num="298" count="91" type="cond" truecount="4" falsecount="0"/>
        <line num="299" count="16" type="stmt"/>
        <line num="300" count="16" type="stmt"/>
        <line num="302" count="16" type="stmt"/>
        <line num="303" count="16" type="cond" truecount="4" falsecount="0"/>
        <line num="304" count="4" type="stmt"/>
        <line num="305" count="4" type="stmt"/>
        <line num="306" count="16" type="stmt"/>
        <line num="307" count="16" type="cond" truecount="4" falsecount="0"/>
        <line num="309" count="4" type="cond" truecount="2" falsecount="0"/>
        <line num="312" count="16" type="stmt"/>
        <line num="313" count="16" type="cond" truecount="4" falsecount="0"/>
        <line num="314" count="8" type="stmt"/>
        <line num="315" count="8" type="cond" truecount="2" falsecount="0"/>
        <line num="316" count="8" type="cond" truecount="2" falsecount="0"/>
        <line num="317" count="12" type="stmt"/>
        <line num="319" count="8" type="cond" truecount="2" falsecount="0"/>
        <line num="320" count="8" type="cond" truecount="1" falsecount="1"/>
        <line num="323" count="16" type="stmt"/>
        <line num="324" count="16" type="cond" truecount="4" falsecount="0"/>
        <line num="325" count="2" type="stmt"/>
        <line num="326" count="2" type="cond" truecount="1" falsecount="1"/>
        <line num="327" count="4" type="stmt"/>
        <line num="329" count="2" type="cond" truecount="1" falsecount="1"/>
        <line num="330" count="2" type="cond" truecount="1" falsecount="1"/>
        <line num="333" count="16" type="stmt"/>
        <line num="334" count="16" type="cond" truecount="4" falsecount="0"/>
        <line num="335" count="5" type="stmt"/>
        <line num="336" count="5" type="cond" truecount="2" falsecount="0"/>
        <line num="337" count="5" type="cond" truecount="2" falsecount="0"/>
        <line num="338" count="5" type="cond" truecount="2" falsecount="0"/>
        <line num="341" count="16" type="stmt"/>
        <line num="342" count="16" type="cond" truecount="2" falsecount="0"/>
        <line num="344" count="16" type="cond" truecount="2" falsecount="0"/>
        <line num="349" count="85" type="cond" truecount="4" falsecount="0"/>
        <line num="350" count="79" type="stmt"/>
        <line num="354" count="14" type="stmt"/>
        <line num="355" count="2" type="stmt"/>
        <line num="358" count="14" type="stmt"/>
        <line num="359" count="3" type="stmt"/>
        <line num="360" count="3" type="cond" truecount="2" falsecount="0"/>
        <line num="363" count="14" type="stmt"/>
        <line num="366" count="84" type="stmt"/>
        <line num="367" count="84" type="cond" truecount="4" falsecount="0"/>
        <line num="368" count="1" type="stmt"/>
        <line num="371" count="83" type="cond" truecount="1" falsecount="1"/>
        <line num="372" count="84" type="stmt"/>
        <line num="373" count="84" type="stmt"/>
        <line num="382" count="84" type="cond" truecount="2" falsecount="0"/>
        <line num="386" count="14" type="stmt"/>
        <line num="389" count="5" type="stmt"/>
        <line num="390" count="5" type="cond" truecount="2" falsecount="0"/>
        <line num="392" count="4" type="stmt"/>
        <line num="393" count="4" type="cond" truecount="4" falsecount="0"/>
        <line num="394" count="1" type="stmt"/>
        <line num="396" count="4" type="cond" truecount="1" falsecount="1"/>
        <line num="398" count="4" type="cond" truecount="2" falsecount="0"/>
        <line num="400" count="1" type="stmt"/>
        <line num="403" count="4" type="stmt"/>
        <line num="404" count="4" type="cond" truecount="2" falsecount="0"/>
        <line num="405" count="2" type="stmt"/>
        <line num="406" count="2" type="stmt"/>
        <line num="407" count="2" type="stmt"/>
        <line num="410" count="4" type="stmt"/>
        <line num="411" count="4" type="cond" truecount="1" falsecount="1"/>
        <line num="415" count="14" type="stmt"/>
        <line num="418" count="3" type="stmt"/>
        <line num="419" count="3" type="stmt"/>
        <line num="421" count="0" type="cond" truecount="0" falsecount="2"/>
        <line num="426" count="14" type="stmt"/>
        <line num="427" count="2" type="stmt"/>
        <line num="428" count="2" type="cond" truecount="2" falsecount="0"/>
        <line num="429" count="1" type="stmt"/>
        <line num="430" count="1" type="stmt"/>
      </file>
      <file name="readings.ts" path="/Users/gihyunpark/Desktop/Playground/sermon-presentation/server/routes/readings.ts">
        <metrics statements="22" coveredstatements="20" conditionals="18" coveredconditionals="14" methods="10" coveredmethods="8"/>
        <line num="17" count="8" type="stmt"/>
        <line num="21" count="1" type="stmt"/>
        <line num="29" count="14" type="stmt"/>
        <line num="30" count="6" type="cond" truecount="2" falsecount="0"/>
        <line num="31" count="6" type="stmt"/>
        <line num="40" count="6" type="stmt"/>
        <line num="43" count="6" type="cond" truecount="2" falsecount="0"/>
        <line num="46" count="8" type="cond" truecount="2" falsecount="0"/>
        <line num="47" count="6" type="cond" truecount="2" falsecount="0"/>
        <line num="48" count="5" type="cond" truecount="2" falsecount="0"/>
        <line num="49" count="11" type="stmt"/>
        <line num="53" count="6" type="cond" truecount="2" falsecount="0"/>
        <line num="55" count="0" type="cond" truecount="0" falsecount="2"/>
        <line num="56" count="0" type="cond" truecount="0" falsecount="2"/>
        <line num="60" count="6" type="stmt"/>
        <line num="62" count="8" type="stmt"/>
        <line num="72" count="14" type="stmt"/>
        <line num="73" count="3" type="stmt"/>
        <line num="74" count="3" type="stmt"/>
        <line num="75" count="3" type="cond" truecount="2" falsecount="0"/>
        <line num="76" count="1" type="stmt"/>
        <line num="80" count="2" type="stmt"/>
      </file>
      <file name="songbooks.ts" path="/Users/gihyunpark/Desktop/Playground/sermon-presentation/server/routes/songbooks.ts">
        <metrics statements="78" coveredstatements="11" conditionals="74" coveredconditionals="0" methods="13" coveredmethods="1"/>
        <line num="18" count="14" type="stmt"/>
        <line num="21" count="0" type="stmt"/>
        <line num="25" count="0" type="stmt"/>
        <line num="39" count="14" type="stmt"/>
        <line num="41" count="14" type="stmt"/>
        <line num="42" count="0" type="stmt"/>
        <line num="43" count="0" type="cond" truecount="0" falsecount="2"/>
        <line num="44" count="0" type="stmt"/>
        <line num="47" count="14" type="stmt"/>
        <line num="50" count="0" type="stmt"/>
        <line num="51" count="0" type="stmt"/>
        <line num="57" count="0" type="stmt"/>
        <line num="59" count="0" type="cond" truecount="0" falsecount="2"/>
        <line num="64" count="14" type="stmt"/>
        <line num="68" count="0" type="stmt"/>
        <line num="69" count="0" type="cond" truecount="0" falsecount="2"/>
        <line num="71" count="0" type="cond" truecount="0" falsecount="2"/>
        <line num="72" count="0" type="cond" truecount="0" falsecount="2"/>
        <line num="76" count="14" type="stmt"/>
        <line num="77" count="0" type="stmt"/>
        <line num="79" count="0" type="stmt"/>
        <line num="80" count="0" type="stmt"/>
        <line num="82" count="0" type="cond" truecount="0" falsecount="2"/>
        <line num="83" count="0" type="cond" truecount="0" falsecount="2"/>
        <line num="93" count="14" type="stmt"/>
        <line num="97" count="0" type="stmt"/>
        <line num="98" count="0" type="stmt"/>
        <line num="99" count="0" type="cond" truecount="0" falsecount="2"/>
        <line num="101" count="0" type="stmt"/>
        <line num="104" count="0" type="cond" truecount="0" falsecount="2"/>
        <line num="105" count="0" type="stmt"/>
        <line num="106" count="0" type="cond" truecount="0" falsecount="4"/>
        <line num="107" count="0" type="stmt"/>
        <line num="108" count="0" type="stmt"/>
        <line num="109" count="0" type="stmt"/>
        <line num="111" count="0" type="stmt"/>
        <line num="114" count="0" type="cond" truecount="0" falsecount="2"/>
        <line num="115" count="0" type="cond" truecount="0" falsecount="2"/>
        <line num="118" count="0" type="cond" truecount="0" falsecount="2"/>
        <line num="120" count="0" type="stmt"/>
        <line num="121" count="0" type="stmt"/>
        <line num="122" count="0" type="cond" truecount="0" falsecount="4"/>
        <line num="123" count="0" type="stmt"/>
        <line num="124" count="0" type="stmt"/>
        <line num="127" count="0" type="cond" truecount="0" falsecount="2"/>
        <line num="131" count="0" type="cond" truecount="0" falsecount="2"/>
        <line num="132" count="0" type="stmt"/>
        <line num="133" count="0" type="stmt"/>
        <line num="136" count="0" type="stmt"/>
        <line num="137" count="0" type="stmt"/>
        <line num="148" count="0" type="stmt"/>
        <line num="150" count="0" type="cond" truecount="0" falsecount="2"/>
        <line num="154" count="0" type="stmt"/>
        <line num="155" count="0" type="stmt"/>
        <line num="157" count="0" type="stmt"/>
        <line num="168" count="14" type="stmt"/>
        <line num="172" count="0" type="stmt"/>
        <line num="173" count="0" type="cond" truecount="0" falsecount="2"/>
        <line num="174" count="0" type="stmt"/>
        <line num="179" count="14" type="stmt"/>
        <line num="182" count="0" type="stmt"/>
        <line num="183" count="0" type="cond" truecount="0" falsecount="2"/>
        <line num="185" count="0" type="stmt"/>
        <line num="186" count="0" type="cond" truecount="0" falsecount="2"/>
        <line num="188" count="0" type="stmt"/>
        <line num="189" count="0" type="stmt"/>
        <line num="194" count="14" type="stmt"/>
        <line num="197" count="0" type="stmt"/>
        <line num="198" count="0" type="stmt"/>
        <line num="199" count="0" type="cond" truecount="0" falsecount="4"/>
        <line num="200" count="0" type="stmt"/>
        <line num="202" count="0" type="stmt"/>
        <line num="203" count="0" type="stmt"/>
        <line num="207" count="14" type="stmt"/>
        <line num="210" count="0" type="stmt"/>
        <line num="211" count="0" type="cond" truecount="0" falsecount="2"/>
        <line num="212" count="0" type="stmt"/>
        <line num="213" count="0" type="stmt"/>
      </file>
      <file name="songs.ts" path="/Users/gihyunpark/Desktop/Playground/sermon-presentation/server/routes/songs.ts">
        <metrics statements="95" coveredstatements="85" conditionals="102" coveredconditionals="77" methods="28" coveredmethods="25"/>
        <line num="21" count="74" type="stmt"/>
        <line num="25" count="7" type="stmt"/>
        <line num="28" count="14" type="stmt"/>
        <line num="35" count="20" type="stmt"/>
        <line num="36" count="20" type="cond" truecount="2" falsecount="0"/>
        <line num="40" count="20" type="cond" truecount="1" falsecount="1"/>
        <line num="41" count="20" type="stmt"/>
        <line num="42" count="20" type="cond" truecount="5" falsecount="0"/>
        <line num="52" count="20" type="stmt"/>
        <line num="53" count="20" type="cond" truecount="5" falsecount="0"/>
        <line num="54" count="3" type="stmt"/>
        <line num="58" count="20" type="cond" truecount="3" falsecount="1"/>
        <line num="59" count="20" type="stmt"/>
        <line num="61" count="24" type="stmt"/>
        <line num="62" count="24" type="stmt"/>
        <line num="64" count="20" type="stmt"/>
        <line num="68" count="14" type="stmt"/>
        <line num="71" count="14" type="stmt"/>
        <line num="72" count="4" type="stmt"/>
        <line num="73" count="4" type="cond" truecount="4" falsecount="0"/>
        <line num="77" count="14" type="stmt"/>
        <line num="78" count="1" type="stmt"/>
        <line num="79" count="1" type="cond" truecount="2" falsecount="2"/>
        <line num="83" count="14" type="stmt"/>
        <line num="84" count="5" type="stmt"/>
        <line num="85" count="5" type="cond" truecount="2" falsecount="2"/>
        <line num="89" count="14" type="stmt"/>
        <line num="92" count="3" type="stmt"/>
        <line num="93" count="3" type="cond" truecount="2" falsecount="0"/>
        <line num="94" count="2" type="stmt"/>
        <line num="99" count="14" type="stmt"/>
        <line num="100" count="6" type="stmt"/>
        <line num="103" count="14" type="stmt"/>
        <line num="104" count="9" type="cond" truecount="2" falsecount="0"/>
        <line num="105" count="9" type="stmt"/>
        <line num="106" count="9" type="cond" truecount="2" falsecount="2"/>
        <line num="109" count="9" type="stmt"/>
        <line num="117" count="14" type="stmt"/>
        <line num="118" count="7" type="stmt"/>
        <line num="119" count="7" type="cond" truecount="2" falsecount="0"/>
        <line num="120" count="6" type="stmt"/>
        <line num="129" count="14" type="stmt"/>
        <line num="132" count="12" type="cond" truecount="4" falsecount="0"/>
        <line num="136" count="12" type="stmt"/>
        <line num="148" count="14" type="stmt"/>
        <line num="149" count="4" type="stmt"/>
        <line num="150" count="4" type="cond" truecount="2" falsecount="0"/>
        <line num="151" count="3" type="cond" truecount="1" falsecount="1"/>
        <line num="152" count="3" type="stmt"/>
        <line num="156" count="14" type="stmt"/>
        <line num="157" count="4" type="stmt"/>
        <line num="158" count="4" type="cond" truecount="2" falsecount="0"/>
        <line num="159" count="3" type="stmt"/>
        <line num="160" count="3" type="stmt"/>
        <line num="164" count="14" type="stmt"/>
        <line num="175" count="20" type="stmt"/>
        <line num="176" count="20" type="cond" truecount="1" falsecount="1"/>
        <line num="178" count="20" type="stmt"/>
        <line num="179" count="20" type="stmt"/>
        <line num="180" count="20" type="stmt"/>
        <line num="181" count="20" type="stmt"/>
        <line num="184" count="20" type="cond" truecount="2" falsecount="0"/>
        <line num="186" count="20" type="cond" truecount="4" falsecount="0"/>
        <line num="188" count="20" type="stmt"/>
        <line num="196" count="20" type="stmt"/>
        <line num="204" count="20" type="cond" truecount="2" falsecount="0"/>
        <line num="207" count="23" type="stmt"/>
        <line num="209" count="20" type="stmt"/>
        <line num="216" count="14" type="stmt"/>
        <line num="219" count="1" type="stmt"/>
        <line num="220" count="1" type="cond" truecount="1" falsecount="1"/>
        <line num="222" count="1" type="stmt"/>
        <line num="232" count="14" type="stmt"/>
        <line num="235" count="5" type="stmt"/>
        <line num="236" count="5" type="cond" truecount="2" falsecount="0"/>
        <line num="238" count="4" type="stmt"/>
        <line num="239" count="5" type="cond" truecount="4" falsecount="0"/>
        <line num="240" count="2" type="stmt"/>
        <line num="243" count="2" type="stmt"/>
        <line num="247" count="5" type="cond" truecount="1" falsecount="1"/>
        <line num="249" count="2" type="stmt"/>
        <line num="250" count="2" type="stmt"/>
        <line num="251" count="2" type="stmt"/>
        <line num="255" count="14" type="stmt"/>
        <line num="258" count="0" type="stmt"/>
        <line num="259" count="0" type="cond" truecount="0" falsecount="4"/>
        <line num="260" count="0" type="stmt"/>
        <line num="263" count="0" type="cond" truecount="0" falsecount="2"/>
        <line num="268" count="0" type="stmt"/>
        <line num="269" count="0" type="stmt"/>
        <line num="273" count="14" type="stmt"/>
        <line num="274" count="0" type="stmt"/>
        <line num="275" count="0" type="cond" truecount="0" falsecount="2"/>
        <line num="276" count="0" type="stmt"/>
        <line num="277" count="0" type="stmt"/>
      </file>
      <file name="templates.ts" path="/Users/gihyunpark/Desktop/Playground/sermon-presentation/server/routes/templates.ts">
        <metrics statements="50" coveredstatements="47" conditionals="67" coveredconditionals="51" methods="12" coveredmethods="12"/>
        <line num="16" count="26" type="stmt"/>
        <line num="20" count="5" type="stmt"/>
        <line num="23" count="14" type="stmt"/>
        <line num="30" count="7" type="cond" truecount="3" falsecount="1"/>
        <line num="31" count="7" type="stmt"/>
        <line num="33" count="7" type="stmt"/>
        <line num="34" count="7" type="cond" truecount="4" falsecount="0"/>
        <line num="35" count="1" type="stmt"/>
        <line num="36" count="6" type="stmt"/>
        <line num="37" count="6" type="cond" truecount="4" falsecount="0"/>
        <line num="41" count="7" type="stmt"/>
        <line num="66" count="1" type="stmt"/>
        <line num="80" count="14" type="stmt"/>
        <line num="82" count="14" type="stmt"/>
        <line num="83" count="5" type="stmt"/>
        <line num="84" count="5" type="cond" truecount="2" falsecount="0"/>
        <line num="88" count="14" type="stmt"/>
        <line num="89" count="1" type="stmt"/>
        <line num="90" count="1" type="cond" truecount="1" falsecount="1"/>
        <line num="93" count="14" type="stmt"/>
        <line num="94" count="2" type="cond" truecount="1" falsecount="1"/>
        <line num="95" count="2" type="cond" truecount="4" falsecount="0"/>
        <line num="97" count="2" type="cond" truecount="4" falsecount="0"/>
        <line num="98" count="1" type="stmt"/>
        <line num="101" count="1" type="stmt"/>
        <line num="102" count="1" type="stmt"/>
        <line num="103" count="1" type="stmt"/>
        <line num="106" count="14" type="stmt"/>
        <line num="107" count="6" type="stmt"/>
        <line num="108" count="6" type="stmt"/>
        <line num="109" count="6" type="cond" truecount="1" falsecount="1"/>
        <line num="111" count="6" type="stmt"/>
        <line num="112" count="6" type="stmt"/>
        <line num="114" count="6" type="cond" truecount="1" falsecount="1"/>
        <line num="115" count="5" type="stmt"/>
        <line num="117" count="1" type="cond" truecount="1" falsecount="1"/>
        <line num="118" count="0" type="stmt"/>
        <line num="122" count="14" type="stmt"/>
        <line num="125" count="7" type="stmt"/>
        <line num="126" count="7" type="stmt"/>
        <line num="128" count="0" type="cond" truecount="0" falsecount="2"/>
        <line num="133" count="14" type="stmt"/>
        <line num="134" count="8" type="stmt"/>
        <line num="135" count="8" type="cond" truecount="1" falsecount="1"/>
        <line num="137" count="8" type="stmt"/>
        <line num="138" count="8" type="stmt"/>
        <line num="140" count="8" type="cond" truecount="1" falsecount="1"/>
        <line num="141" count="7" type="stmt"/>
        <line num="143" count="1" type="cond" truecount="1" falsecount="1"/>
        <line num="144" count="0" type="stmt"/>
      </file>
    </package>
  </project>
</coverage>
