{"/Users/gihyunpark/Desktop/Playground/sermon-presentation/lib/books.ts": {"path":"/Users/gihyunpark/Desktop/Playground/sermon-presentation/lib/books.ts","statementMap":{"0":{"start":{"line":23,"column":84},"end":{"line":26,"column":null}},"1":{"start":{"line":28,"column":33},"end":{"line":95,"column":null}},"2":{"start":{"line":98,"column":2},"end":{"line":98,"column":null}},"3":{"start":{"line":101,"column":42},"end":{"line":110,"column":null}},"4":{"start":{"line":101,"column":106},"end":{"line":110,"column":2}},"5":{"start":{"line":114,"column":2},"end":{"line":114,"column":null}},"6":{"start":{"line":117,"column":16},"end":{"line":117,"column":null}},"7":{"start":{"line":117,"column":59},"end":{"line":117,"column":70}},"8":{"start":{"line":120,"column":2},"end":{"line":120,"column":null}},"9":{"start":{"line":130,"column":2},"end":{"line":136,"column":null}},"10":{"start":{"line":140,"column":14},"end":{"line":140,"column":null}},"11":{"start":{"line":141,"column":18},"end":{"line":141,"column":null}},"12":{"start":{"line":144,"column":21},"end":{"line":144,"column":null}},"13":{"start":{"line":145,"column":2},"end":{"line":145,"column":null}},"14":{"start":{"line":145,"column":31},"end":{"line":145,"column":null}},"15":{"start":{"line":147,"column":19},"end":{"line":147,"column":null}},"16":{"start":{"line":148,"column":2},"end":{"line":152,"column":null}},"17":{"start":{"line":149,"column":4},"end":{"line":149,"column":null}},"18":{"start":{"line":150,"column":4},"end":{"line":150,"column":null}},"19":{"start":{"line":151,"column":4},"end":{"line":151,"column":null}},"20":{"start":{"line":153,"column":16},"end":{"line":153,"column":null}},"21":{"start":{"line":154,"column":2},"end":{"line":157,"column":null}},"22":{"start":{"line":155,"column":4},"end":{"line":155,"column":null}},"23":{"start":{"line":155,"column":31},"end":{"line":155,"column":null}},"24":{"start":{"line":156,"column":4},"end":{"line":156,"column":null}},"25":{"start":{"line":158,"column":2},"end":{"line":158,"column":null}},"26":{"start":{"line":161,"column":0},"end":{"line":167,"column":null}},"27":{"start":{"line":162,"column":2},"end":{"line":162,"column":null}},"28":{"start":{"line":163,"column":2},"end":{"line":163,"column":null}},"29":{"start":{"line":164,"column":2},"end":{"line":164,"column":null}},"30":{"start":{"line":165,"column":2},"end":{"line":165,"column":null}},"31":{"start":{"line":166,"column":2},"end":{"line":166,"column":null}},"32":{"start":{"line":166,"column":31},"end":{"line":166,"column":null}},"33":{"start":{"line":176,"column":66},"end":{"line":179,"column":null}},"34":{"start":{"line":176,"column":96},"end":{"line":179,"column":2}},"35":{"start":{"line":194,"column":14},"end":{"line":194,"column":null}},"36":{"start":{"line":195,"column":2},"end":{"line":195,"column":null}},"37":{"start":{"line":195,"column":24},"end":{"line":195,"column":null}},"38":{"start":{"line":197,"column":14},"end":{"line":197,"column":null}},"39":{"start":{"line":199,"column":16},"end":{"line":199,"column":null}},"40":{"start":{"line":200,"column":2},"end":{"line":200,"column":null}},"41":{"start":{"line":200,"column":27},"end":{"line":200,"column":null}},"42":{"start":{"line":202,"column":20},"end":{"line":202,"column":null}},"43":{"start":{"line":203,"column":2},"end":{"line":205,"column":null}},"44":{"start":{"line":204,"column":4},"end":{"line":204,"column":null}},"45":{"start":{"line":204,"column":50},"end":{"line":204,"column":73}},"46":{"start":{"line":207,"column":2},"end":{"line":217,"column":null}},"47":{"start":{"line":208,"column":19},"end":{"line":208,"column":null}},"48":{"start":{"line":212,"column":22},"end":{"line":212,"column":null}},"49":{"start":{"line":212,"column":55},"end":{"line":212,"column":80}},"50":{"start":{"line":213,"column":17},"end":{"line":213,"column":null}},"51":{"start":{"line":213,"column":81},"end":{"line":213,"column":110}},"52":{"start":{"line":214,"column":18},"end":{"line":214,"column":null}},"53":{"start":{"line":214,"column":46},"end":{"line":214,"column":52}},"54":{"start":{"line":214,"column":71},"end":{"line":214,"column":76}},"55":{"start":{"line":215,"column":4},"end":{"line":215,"column":null}},"56":{"start":{"line":215,"column":28},"end":{"line":215,"column":null}},"57":{"start":{"line":216,"column":4},"end":{"line":216,"column":null}},"58":{"start":{"line":216,"column":46},"end":{"line":216,"column":69}},"59":{"start":{"line":220,"column":21},"end":{"line":220,"column":null}},"60":{"start":{"line":220,"column":49},"end":{"line":220,"column":74}},"61":{"start":{"line":221,"column":2},"end":{"line":221,"column":null}},"62":{"start":{"line":221,"column":31},"end":{"line":221,"column":null}},"63":{"start":{"line":222,"column":2},"end":{"line":222,"column":null}},"64":{"start":{"line":222,"column":29},"end":{"line":222,"column":null}},"65":{"start":{"line":224,"column":22},"end":{"line":224,"column":null}},"66":{"start":{"line":224,"column":50},"end":{"line":224,"column":73}},"67":{"start":{"line":225,"column":2},"end":{"line":225,"column":null}},"68":{"start":{"line":225,"column":32},"end":{"line":225,"column":null}},"69":{"start":{"line":226,"column":2},"end":{"line":226,"column":null}},"70":{"start":{"line":230,"column":16},"end":{"line":230,"column":null}},"71":{"start":{"line":231,"column":2},"end":{"line":238,"column":null}},"72":{"start":{"line":232,"column":4},"end":{"line":237,"column":null}},"73":{"start":{"line":233,"column":6},"end":{"line":236,"column":null}},"74":{"start":{"line":234,"column":8},"end":{"line":234,"column":null}},"75":{"start":{"line":234,"column":30},"end":{"line":234,"column":null}},"76":{"start":{"line":235,"column":8},"end":{"line":235,"column":null}},"77":{"start":{"line":239,"column":2},"end":{"line":239,"column":null}},"78":{"start":{"line":239,"column":46},"end":{"line":239,"column":64}}},"fnMap":{"0":{"name":"testamentOf","decl":{"start":{"line":97,"column":9},"end":{"line":97,"column":21}},"loc":{"start":{"line":97,"column":46},"end":{"line":99,"column":null}},"line":97},"1":{"name":"(anonymous_1)","decl":{"start":{"line":101,"column":47},"end":{"line":101,"column":52}},"loc":{"start":{"line":101,"column":106},"end":{"line":110,"column":2}},"line":101},"2":{"name":"chapterVariantReason","decl":{"start":{"line":113,"column":16},"end":{"line":113,"column":37}},"loc":{"start":{"line":113,"column":71},"end":{"line":115,"column":null}},"line":113},"3":{"name":"(anonymous_3)","decl":{"start":{"line":117,"column":48},"end":{"line":117,"column":53}},"loc":{"start":{"line":117,"column":59},"end":{"line":117,"column":70}},"line":117},"4":{"name":"getBook","decl":{"start":{"line":119,"column":16},"end":{"line":119,"column":24}},"loc":{"start":{"line":119,"column":60},"end":{"line":121,"column":null}},"line":119},"5":{"name":"normalizeBookKey","decl":{"start":{"line":129,"column":16},"end":{"line":129,"column":33}},"loc":{"start":{"line":129,"column":56},"end":{"line":137,"column":null}},"line":129},"6":{"name":"addKey","decl":{"start":{"line":143,"column":9},"end":{"line":143,"column":16}},"loc":{"start":{"line":143,"column":49},"end":{"line":159,"column":null}},"line":143},"7":{"name":"(anonymous_7)","decl":{"start":{"line":176,"column":71},"end":{"line":176,"column":76}},"loc":{"start":{"line":176,"column":96},"end":{"line":179,"column":2}},"line":176},"8":{"name":"lookupBook","decl":{"start":{"line":193,"column":16},"end":{"line":193,"column":27}},"loc":{"start":{"line":193,"column":54},"end":{"line":227,"column":null}},"line":193},"9":{"name":"(anonymous_9)","decl":{"start":{"line":204,"column":35},"end":{"line":204,"column":40}},"loc":{"start":{"line":204,"column":50},"end":{"line":204,"column":73}},"line":204},"10":{"name":"(anonymous_10)","decl":{"start":{"line":212,"column":37},"end":{"line":212,"column":45}},"loc":{"start":{"line":212,"column":55},"end":{"line":212,"column":80}},"line":212},"11":{"name":"(anonymous_11)","decl":{"start":{"line":213,"column":67},"end":{"line":213,"column":75}},"loc":{"start":{"line":213,"column":81},"end":{"line":213,"column":110}},"line":213},"12":{"name":"(anonymous_12)","decl":{"start":{"line":214,"column":35},"end":{"line":214,"column":40}},"loc":{"start":{"line":214,"column":46},"end":{"line":214,"column":52}},"line":214},"13":{"name":"(anonymous_13)","decl":{"start":{"line":214,"column":56},"end":{"line":214,"column":62}},"loc":{"start":{"line":214,"column":71},"end":{"line":214,"column":76}},"line":214},"14":{"name":"(anonymous_14)","decl":{"start":{"line":216,"column":31},"end":{"line":216,"column":36}},"loc":{"start":{"line":216,"column":46},"end":{"line":216,"column":69}},"line":216},"15":{"name":"(anonymous_15)","decl":{"start":{"line":220,"column":29},"end":{"line":220,"column":35}},"loc":{"start":{"line":220,"column":49},"end":{"line":220,"column":74}},"line":220},"16":{"name":"(anonymous_16)","decl":{"start":{"line":224,"column":30},"end":{"line":224,"column":36}},"loc":{"start":{"line":224,"column":50},"end":{"line":224,"column":73}},"line":224},"17":{"name":"matchBy","decl":{"start":{"line":229,"column":9},"end":{"line":229,"column":17}},"loc":{"start":{"line":229,"column":115},"end":{"line":240,"column":null}},"line":229},"18":{"name":"(anonymous_18)","decl":{"start":{"line":239,"column":20},"end":{"line":239,"column":25}},"loc":{"start":{"line":239,"column":46},"end":{"line":239,"column":64}},"line":239}},"branchMap":{"0":{"loc":{"start":{"line":98,"column":9},"end":{"line":98,"column":null}},"type":"cond-expr","locations":[{"start":{"line":98,"column":22},"end":{"line":98,"column":29}},{"start":{"line":98,"column":29},"end":{"line":98,"column":null}}],"line":98},"1":{"loc":{"start":{"line":108,"column":15},"end":{"line":108,"column":null}},"type":"binary-expr","locations":[{"start":{"line":108,"column":15},"end":{"line":108,"column":46}},{"start":{"line":108,"column":46},"end":{"line":108,"column":null}}],"line":108},"2":{"loc":{"start":{"line":145,"column":2},"end":{"line":145,"column":null}},"type":"if","locations":[{"start":{"line":145,"column":2},"end":{"line":145,"column":null}},{"start":{},"end":{}}],"line":145},"3":{"loc":{"start":{"line":148,"column":2},"end":{"line":152,"column":null}},"type":"if","locations":[{"start":{"line":148,"column":2},"end":{"line":152,"column":null}},{"start":{},"end":{}}],"line":148},"4":{"loc":{"start":{"line":148,"column":6},"end":{"line":148,"column":51}},"type":"binary-expr","locations":[{"start":{"line":148,"column":6},"end":{"line":148,"column":32}},{"start":{"line":148,"column":32},"end":{"line":148,"column":51}}],"line":148},"5":{"loc":{"start":{"line":154,"column":2},"end":{"line":157,"column":null}},"type":"if","locations":[{"start":{"line":154,"column":2},"end":{"line":157,"column":null}},{"start":{},"end":{}}],"line":154},"6":{"loc":{"start":{"line":155,"column":4},"end":{"line":155,"column":null}},"type":"if","locations":[{"start":{"line":155,"column":4},"end":{"line":155,"column":null}},{"start":{},"end":{}}],"line":155},"7":{"loc":{"start":{"line":195,"column":2},"end":{"line":195,"column":null}},"type":"if","locations":[{"start":{"line":195,"column":2},"end":{"line":195,"column":null}},{"start":{},"end":{}}],"line":195},"8":{"loc":{"start":{"line":200,"column":2},"end":{"line":200,"column":null}},"type":"if","locations":[{"start":{"line":200,"column":2},"end":{"line":200,"column":null}},{"start":{},"end":{}}],"line":200},"9":{"loc":{"start":{"line":203,"column":2},"end":{"line":205,"column":null}},"type":"if","locations":[{"start":{"line":203,"column":2},"end":{"line":205,"column":null}},{"start":{},"end":{}}],"line":203},"10":{"loc":{"start":{"line":207,"column":2},"end":{"line":217,"column":null}},"type":"if","locations":[{"start":{"line":207,"column":2},"end":{"line":217,"column":null}},{"start":{},"end":{}}],"line":207},"11":{"loc":{"start":{"line":213,"column":17},"end":{"line":213,"column":null}},"type":"cond-expr","locations":[{"start":{"line":213,"column":40},"end":{"line":213,"column":52}},{"start":{"line":213,"column":52},"end":{"line":213,"column":null}}],"line":213},"12":{"loc":{"start":{"line":215,"column":4},"end":{"line":215,"column":null}},"type":"if","locations":[{"start":{"line":215,"column":4},"end":{"line":215,"column":null}},{"start":{},"end":{}}],"line":215},"13":{"loc":{"start":{"line":221,"column":2},"end":{"line":221,"column":null}},"type":"if","locations":[{"start":{"line":221,"column":2},"end":{"line":221,"column":null}},{"start":{},"end":{}}],"line":221},"14":{"loc":{"start":{"line":222,"column":2},"end":{"line":222,"column":null}},"type":"if","locations":[{"start":{"line":222,"column":2},"end":{"line":222,"column":null}},{"start":{},"end":{}}],"line":222},"15":{"loc":{"start":{"line":225,"column":2},"end":{"line":225,"column":null}},"type":"if","locations":[{"start":{"line":225,"column":2},"end":{"line":225,"column":null}},{"start":{},"end":{}}],"line":225},"16":{"loc":{"start":{"line":233,"column":6},"end":{"line":236,"column":null}},"type":"if","locations":[{"start":{"line":233,"column":6},"end":{"line":236,"column":null}},{"start":{},"end":{}}],"line":233},"17":{"loc":{"start":{"line":234,"column":8},"end":{"line":234,"column":null}},"type":"if","locations":[{"start":{"line":234,"column":8},"end":{"line":234,"column":null}},{"start":{},"end":{}}],"line":234}},"s":{"0":16,"1":16,"2":1056,"3":16,"4":1056,"5":0,"6":16,"7":1056,"8":412,"9":13044,"10":16,"11":16,"12":7152,"13":7152,"14":0,"15":7152,"16":7152,"17":0,"18":0,"19":0,"20":7152,"21":7152,"22":0,"23":0,"24":0,"25":7152,"26":16,"27":1056,"28":1056,"29":1056,"30":1056,"31":1056,"32":2928,"33":16,"34":1056,"35":103,"36":103,"37":0,"38":103,"39":103,"40":103,"41":90,"42":13,"43":13,"44":0,"45":0,"46":13,"47":5,"48":5,"49":330,"50":5,"51":132,"52":5,"53":15,"54":16,"55":5,"56":3,"57":2,"58":12,"59":8,"60":3554,"61":8,"62":0,"63":8,"64":3,"65":5,"66":2235,"67":5,"68":0,"69":5,"70":13,"71":13,"72":858,"73":5789,"74":6,"75":6,"76":6,"77":13,"78":6},"f":{"0":1056,"1":1056,"2":0,"3":1056,"4":412,"5":13044,"6":7152,"7":1056,"8":103,"9":0,"10":330,"11":132,"12":15,"13":16,"14":12,"15":3554,"16":2235,"17":13,"18":6},"b":{"0":[624,432],"1":[1056,1024],"2":[0,7152],"3":[0,7152],"4":[7152,240],"5":[0,7152],"6":[0,0],"7":[0,103],"8":[90,13],"9":[0,13],"10":[5,8],"11":[3,2],"12":[3,2],"13":[0,8],"14":[3,5],"15":[0,5],"16":[6,5783],"17":[6,0]},"meta":{"lastBranch":18,"lastFunction":19,"lastStatement":79,"seen":{"s:23:84:26:Infinity":0,"s:28:33:95:Infinity":1,"f:97:9:97:21":0,"s:98:2:98:Infinity":2,"b:98:22:98:29:98:29:98:Infinity":0,"s:101:42:110:Infinity":3,"f:101:47:101:52":1,"s:101:106:110:2":4,"b:108:15:108:46:108:46:108:Infinity":1,"f:113:16:113:37":2,"s:114:2:114:Infinity":5,"s:117:16:117:Infinity":6,"f:117:48:117:53":3,"s:117:59:117:70":7,"f:119:16:119:24":4,"s:120:2:120:Infinity":8,"f:129:16:129:33":5,"s:130:2:136:Infinity":9,"s:140:14:140:Infinity":10,"s:141:18:141:Infinity":11,"f:143:9:143:16":6,"s:144:21:144:Infinity":12,"b:145:2:145:Infinity:undefined:undefined:undefined:undefined":2,"s:145:2:145:Infinity":13,"s:145:31:145:Infinity":14,"s:147:19:147:Infinity":15,"b:148:2:152:Infinity:undefined:undefined:undefined:undefined":3,"s:148:2:152:Infinity":16,"b:148:6:148:32:148:32:148:51":4,"s:149:4:149:Infinity":17,"s:150:4:150:Infinity":18,"s:151:4:151:Infinity":19,"s:153:16:153:Infinity":20,"b:154:2:157:Infinity:undefined:undefined:undefined:undefined":5,"s:154:2:157:Infinity":21,"b:155:4:155:Infinity:undefined:undefined:undefined:undefined":6,"s:155:4:155:Infinity":22,"s:155:31:155:Infinity":23,"s:156:4:156:Infinity":24,"s:158:2:158:Infinity":25,"s:161:0:167:Infinity":26,"s:162:2:162:Infinity":27,"s:163:2:163:Infinity":28,"s:164:2:164:Infinity":29,"s:165:2:165:Infinity":30,"s:166:2:166:Infinity":31,"s:166:31:166:Infinity":32,"s:176:66:179:Infinity":33,"f:176:71:176:76":7,"s:176:96:179:2":34,"f:193:16:193:27":8,"s:194:14:194:Infinity":35,"b:195:2:195:Infinity:undefined:undefined:undefined:undefined":7,"s:195:2:195:Infinity":36,"s:195:24:195:Infinity":37,"s:197:14:197:Infinity":38,"s:199:16:199:Infinity":39,"b:200:2:200:Infinity:undefined:undefined:undefined:undefined":8,"s:200:2:200:Infinity":40,"s:200:27:200:Infinity":41,"s:202:20:202:Infinity":42,"b:203:2:205:Infinity:undefined:undefined:undefined:undefined":9,"s:203:2:205:Infinity":43,"s:204:4:204:Infinity":44,"f:204:35:204:40":9,"s:204:50:204:73":45,"b:207:2:217:Infinity:undefined:undefined:undefined:undefined":10,"s:207:2:217:Infinity":46,"s:208:19:208:Infinity":47,"s:212:22:212:Infinity":48,"f:212:37:212:45":10,"s:212:55:212:80":49,"s:213:17:213:Infinity":50,"b:213:40:213:52:213:52:213:Infinity":11,"f:213:67:213:75":11,"s:213:81:213:110":51,"s:214:18:214:Infinity":52,"f:214:35:214:40":12,"s:214:46:214:52":53,"f:214:56:214:62":13,"s:214:71:214:76":54,"b:215:4:215:Infinity:undefined:undefined:undefined:undefined":12,"s:215:4:215:Infinity":55,"s:215:28:215:Infinity":56,"s:216:4:216:Infinity":57,"f:216:31:216:36":14,"s:216:46:216:69":58,"s:220:21:220:Infinity":59,"f:220:29:220:35":15,"s:220:49:220:74":60,"b:221:2:221:Infinity:undefined:undefined:undefined:undefined":13,"s:221:2:221:Infinity":61,"s:221:31:221:Infinity":62,"b:222:2:222:Infinity:undefined:undefined:undefined:undefined":14,"s:222:2:222:Infinity":63,"s:222:29:222:Infinity":64,"s:224:22:224:Infinity":65,"f:224:30:224:36":16,"s:224:50:224:73":66,"b:225:2:225:Infinity:undefined:undefined:undefined:undefined":15,"s:225:2:225:Infinity":67,"s:225:32:225:Infinity":68,"s:226:2:226:Infinity":69,"f:229:9:229:17":17,"s:230:16:230:Infinity":70,"s:231:2:238:Infinity":71,"s:232:4:237:Infinity":72,"b:233:6:236:Infinity:undefined:undefined:undefined:undefined":16,"s:233:6:236:Infinity":73,"b:234:8:234:Infinity:undefined:undefined:undefined:undefined":17,"s:234:8:234:Infinity":74,"s:234:30:234:Infinity":75,"s:235:8:235:Infinity":76,"s:239:2:239:Infinity":77,"f:239:20:239:25":18,"s:239:46:239:64":78},"fnNames":{}}}
,"/Users/gihyunpark/Desktop/Playground/sermon-presentation/lib/font-chain.ts": {"path":"/Users/gihyunpark/Desktop/Playground/sermon-presentation/lib/font-chain.ts","statementMap":{"0":{"start":{"line":14,"column":32},"end":{"line":25,"column":null}},"1":{"start":{"line":33,"column":2},"end":{"line":33,"column":null}},"2":{"start":{"line":33,"column":31},"end":{"line":33,"column":null}},"3":{"start":{"line":34,"column":2},"end":{"line":37,"column":null}},"4":{"start":{"line":36,"column":19},"end":{"line":36,"column":65}},"5":{"start":{"line":37,"column":22},"end":{"line":37,"column":37}},"6":{"start":{"line":41,"column":2},"end":{"line":41,"column":null}},"7":{"start":{"line":50,"column":16},"end":{"line":50,"column":null}},"8":{"start":{"line":51,"column":19},"end":{"line":51,"column":null}},"9":{"start":{"line":51,"column":42},"end":{"line":51,"column":64}},"10":{"start":{"line":52,"column":2},"end":{"line":52,"column":null}}},"fnMap":{"0":{"name":"parseFontChain","decl":{"start":{"line":32,"column":16},"end":{"line":32,"column":31}},"loc":{"start":{"line":32,"column":54},"end":{"line":38,"column":null}},"line":32},"1":{"name":"(anonymous_1)","decl":{"start":{"line":36,"column":5},"end":{"line":36,"column":10}},"loc":{"start":{"line":36,"column":19},"end":{"line":36,"column":65}},"line":36},"2":{"name":"(anonymous_2)","decl":{"start":{"line":37,"column":5},"end":{"line":37,"column":13}},"loc":{"start":{"line":37,"column":22},"end":{"line":37,"column":37}},"line":37},"3":{"name":"isGenericFamily","decl":{"start":{"line":40,"column":16},"end":{"line":40,"column":32}},"loc":{"start":{"line":40,"column":55},"end":{"line":42,"column":null}},"line":40},"4":{"name":"hasRealFallback","decl":{"start":{"line":49,"column":16},"end":{"line":49,"column":32}},"loc":{"start":{"line":49,"column":54},"end":{"line":53,"column":null}},"line":49},"5":{"name":"(anonymous_5)","decl":{"start":{"line":51,"column":25},"end":{"line":51,"column":33}},"loc":{"start":{"line":51,"column":42},"end":{"line":51,"column":64}},"line":51}},"branchMap":{"0":{"loc":{"start":{"line":33,"column":2},"end":{"line":33,"column":null}},"type":"if","locations":[{"start":{"line":33,"column":2},"end":{"line":33,"column":null}},{"start":{},"end":{}}],"line":33}},"s":{"0":1,"1":74,"2":1,"3":73,"4":351,"5":351,"6":345,"7":69,"8":69,"9":341,"10":69},"f":{"0":74,"1":351,"2":351,"3":345,"4":69,"5":341},"b":{"0":[1,73]},"meta":{"lastBranch":1,"lastFunction":6,"lastStatement":11,"seen":{"s:14:32:25:Infinity":0,"f:32:16:32:31":0,"b:33:2:33:Infinity:undefined:undefined:undefined:undefined":0,"s:33:2:33:Infinity":1,"s:33:31:33:Infinity":2,"s:34:2:37:Infinity":3,"f:36:5:36:10":1,"s:36:19:36:65":4,"f:37:5:37:13":2,"s:37:22:37:37":5,"f:40:16:40:32":3,"s:41:2:41:Infinity":6,"f:49:16:49:32":4,"s:50:16:50:Infinity":7,"s:51:19:51:Infinity":8,"f:51:25:51:33":5,"s:51:42:51:64":9,"s:52:2:52:Infinity":10},"fnNames":{}}}
,"/Users/gihyunpark/Desktop/Playground/sermon-presentation/lib/hangul.ts": {"path":"/Users/gihyunpark/Desktop/Playground/sermon-presentation/lib/hangul.ts","statementMap":{"0":{"start":{"line":3,"column":23},"end":{"line":3,"column":null}},"1":{"start":{"line":4,"column":21},"end":{"line":4,"column":null}},"2":{"start":{"line":5,"column":24},"end":{"line":5,"column":null}},"3":{"start":{"line":8,"column":17},"end":{"line":11,"column":null}},"4":{"start":{"line":14,"column":37},"end":{"line":14,"column":null}},"5":{"start":{"line":21,"column":12},"end":{"line":21,"column":null}},"6":{"start":{"line":22,"column":2},"end":{"line":33,"column":null}},"7":{"start":{"line":23,"column":17},"end":{"line":23,"column":null}},"8":{"start":{"line":24,"column":4},"end":{"line":32,"column":null}},"9":{"start":{"line":25,"column":20},"end":{"line":25,"column":null}},"10":{"start":{"line":26,"column":19},"end":{"line":26,"column":null}},"11":{"start":{"line":27,"column":6},"end":{"line":27,"column":null}},"12":{"start":{"line":28,"column":11},"end":{"line":32,"column":null}},"13":{"start":{"line":29,"column":6},"end":{"line":29,"column":null}},"14":{"start":{"line":31,"column":6},"end":{"line":31,"column":null}},"15":{"start":{"line":34,"column":2},"end":{"line":34,"column":null}},"16":{"start":{"line":39,"column":2},"end":{"line":39,"column":null}},"17":{"start":{"line":39,"column":25},"end":{"line":39,"column":null}},"18":{"start":{"line":40,"column":2},"end":{"line":44,"column":null}},"19":{"start":{"line":41,"column":17},"end":{"line":41,"column":null}},"20":{"start":{"line":43,"column":4},"end":{"line":43,"column":null}},"21":{"start":{"line":43,"column":40},"end":{"line":43,"column":null}},"22":{"start":{"line":45,"column":2},"end":{"line":45,"column":null}}},"fnMap":{"0":{"name":"toChoseong","decl":{"start":{"line":20,"column":16},"end":{"line":20,"column":27}},"loc":{"start":{"line":20,"column":49},"end":{"line":35,"column":null}},"line":20},"1":{"name":"isChoseongOnly","decl":{"start":{"line":38,"column":16},"end":{"line":38,"column":31}},"loc":{"start":{"line":38,"column":54},"end":{"line":46,"column":null}},"line":38}},"branchMap":{"0":{"loc":{"start":{"line":24,"column":4},"end":{"line":32,"column":null}},"type":"if","locations":[{"start":{"line":24,"column":4},"end":{"line":32,"column":null}},{"start":{"line":28,"column":11},"end":{"line":32,"column":null}}],"line":24},"1":{"loc":{"start":{"line":24,"column":8},"end":{"line":24,"column":56}},"type":"binary-expr","locations":[{"start":{"line":24,"column":8},"end":{"line":24,"column":34}},{"start":{"line":24,"column":34},"end":{"line":24,"column":56}}],"line":24},"2":{"loc":{"start":{"line":27,"column":13},"end":{"line":27,"column":null}},"type":"binary-expr","locations":[{"start":{"line":27,"column":13},"end":{"line":27,"column":27}},{"start":{"line":27,"column":27},"end":{"line":27,"column":null}}],"line":27},"3":{"loc":{"start":{"line":28,"column":11},"end":{"line":32,"column":null}},"type":"if","locations":[{"start":{"line":28,"column":11},"end":{"line":32,"column":null}},{"start":{"line":30,"column":11},"end":{"line":32,"column":null}}],"line":28},"4":{"loc":{"start":{"line":39,"column":2},"end":{"line":39,"column":null}},"type":"if","locations":[{"start":{"line":39,"column":2},"end":{"line":39,"column":null}},{"start":{},"end":{}}],"line":39},"5":{"loc":{"start":{"line":43,"column":4},"end":{"line":43,"column":null}},"type":"if","locations":[{"start":{"line":43,"column":4},"end":{"line":43,"column":null}},{"start":{},"end":{}}],"line":43},"6":{"loc":{"start":{"line":43,"column":8},"end":{"line":43,"column":40}},"type":"binary-expr","locations":[{"start":{"line":43,"column":8},"end":{"line":43,"column":25}},{"start":{"line":43,"column":25},"end":{"line":43,"column":40}}],"line":43}},"s":{"0":16,"1":16,"2":16,"3":16,"4":16,"5":1061,"6":1061,"7":3806,"8":3806,"9":3792,"10":3792,"11":3792,"12":14,"13":0,"14":14,"15":1061,"16":13,"17":0,"18":13,"19":22,"20":22,"21":8,"22":5},"f":{"0":1061,"1":13},"b":{"0":[3792,14],"1":[3806,3792],"2":[3792,3792],"3":[0,14],"4":[0,13],"5":[8,14],"6":[22,17]},"meta":{"lastBranch":7,"lastFunction":2,"lastStatement":23,"seen":{"s:3:23:3:Infinity":0,"s:4:21:4:Infinity":1,"s:5:24:5:Infinity":2,"s:8:17:11:Infinity":3,"s:14:37:14:Infinity":4,"f:20:16:20:27":0,"s:21:12:21:Infinity":5,"s:22:2:33:Infinity":6,"s:23:17:23:Infinity":7,"b:24:4:32:Infinity:28:11:32:Infinity":0,"s:24:4:32:Infinity":8,"b:24:8:24:34:24:34:24:56":1,"s:25:20:25:Infinity":9,"s:26:19:26:Infinity":10,"s:27:6:27:Infinity":11,"b:27:13:27:27:27:27:27:Infinity":2,"b:28:11:32:Infinity:30:11:32:Infinity":3,"s:28:11:32:Infinity":12,"s:29:6:29:Infinity":13,"s:31:6:31:Infinity":14,"s:34:2:34:Infinity":15,"f:38:16:38:31":1,"b:39:2:39:Infinity:undefined:undefined:undefined:undefined":4,"s:39:2:39:Infinity":16,"s:39:25:39:Infinity":17,"s:40:2:44:Infinity":18,"s:41:17:41:Infinity":19,"b:43:4:43:Infinity:undefined:undefined:undefined:undefined":5,"s:43:4:43:Infinity":20,"b:43:8:43:25:43:25:43:40":6,"s:43:40:43:Infinity":21,"s:45:2:45:Infinity":22},"fnNames":{}}}
,"/Users/gihyunpark/Desktop/Playground/sermon-presentation/lib/liturgy-texts.ts": {"path":"/Users/gihyunpark/Desktop/Playground/sermon-presentation/lib/liturgy-texts.ts","statementMap":{"0":{"start":{"line":52,"column":55},"end":{"line":52,"column":null}},"1":{"start":{"line":63,"column":58},"end":{"line":63,"column":null}},"2":{"start":{"line":78,"column":34},"end":{"line":119,"column":null}},"3":{"start":{"line":121,"column":36},"end":{"line":174,"column":null}},"4":{"start":{"line":176,"column":53},"end":{"line":176,"column":null}},"5":{"start":{"line":180,"column":2},"end":{"line":180,"column":null}},"6":{"start":{"line":180,"column":38},"end":{"line":180,"column":52}},"7":{"start":{"line":185,"column":2},"end":{"line":185,"column":null}},"8":{"start":{"line":185,"column":67},"end":{"line":185,"column":84}},"9":{"start":{"line":189,"column":2},"end":{"line":189,"column":null}},"10":{"start":{"line":193,"column":2},"end":{"line":193,"column":null}},"11":{"start":{"line":207,"column":2},"end":{"line":207,"column":null}},"12":{"start":{"line":207,"column":49},"end":{"line":207,"column":null}},"13":{"start":{"line":208,"column":2},"end":{"line":208,"column":null}},"14":{"start":{"line":222,"column":2},"end":{"line":222,"column":null}},"15":{"start":{"line":222,"column":26},"end":{"line":222,"column":null}},"16":{"start":{"line":223,"column":2},"end":{"line":223,"column":null}},"17":{"start":{"line":223,"column":22},"end":{"line":223,"column":null}},"18":{"start":{"line":224,"column":2},"end":{"line":224,"column":null}}},"fnMap":{"0":{"name":"findLiturgy","decl":{"start":{"line":179,"column":16},"end":{"line":179,"column":28}},"loc":{"start":{"line":179,"column":65},"end":{"line":181,"column":null}},"line":179},"1":{"name":"(anonymous_1)","decl":{"start":{"line":180,"column":23},"end":{"line":180,"column":29}},"loc":{"start":{"line":180,"column":38},"end":{"line":180,"column":52}},"line":180},"2":{"name":"isLiturgyId","decl":{"start":{"line":184,"column":16},"end":{"line":184,"column":28}},"loc":{"start":{"line":184,"column":64},"end":{"line":186,"column":null}},"line":184},"3":{"name":"(anonymous_3)","decl":{"start":{"line":185,"column":52},"end":{"line":185,"column":58}},"loc":{"start":{"line":185,"column":67},"end":{"line":185,"column":84}},"line":185},"4":{"name":"isLiturgyVersion","decl":{"start":{"line":188,"column":16},"end":{"line":188,"column":33}},"loc":{"start":{"line":188,"column":74},"end":{"line":190,"column":null}},"line":188},"5":{"name":"isLiturgyPerSlide","decl":{"start":{"line":192,"column":16},"end":{"line":192,"column":34}},"loc":{"start":{"line":192,"column":76},"end":{"line":194,"column":null}},"line":192},"6":{"name":"liturgyLines","decl":{"start":{"line":202,"column":16},"end":{"line":202,"column":null}},"loc":{"start":{"line":206,"column":33},"end":{"line":209,"column":null}},"line":206},"7":{"name":"liturgySlides","decl":{"start":{"line":218,"column":16},"end":{"line":218,"column":null}},"loc":{"start":{"line":221,"column":14},"end":{"line":225,"column":null}},"line":221}},"branchMap":{"0":{"loc":{"start":{"line":185,"column":9},"end":{"line":185,"column":null}},"type":"binary-expr","locations":[{"start":{"line":185,"column":9},"end":{"line":185,"column":38}},{"start":{"line":185,"column":38},"end":{"line":185,"column":null}}],"line":185},"1":{"loc":{"start":{"line":189,"column":9},"end":{"line":189,"column":null}},"type":"binary-expr","locations":[{"start":{"line":189,"column":9},"end":{"line":189,"column":28}},{"start":{"line":189,"column":28},"end":{"line":189,"column":null}}],"line":189},"2":{"loc":{"start":{"line":193,"column":9},"end":{"line":193,"column":null}},"type":"binary-expr","locations":[{"start":{"line":193,"column":9},"end":{"line":193,"column":24}},{"start":{"line":193,"column":24},"end":{"line":193,"column":39}},{"start":{"line":193,"column":39},"end":{"line":193,"column":54}},{"start":{"line":193,"column":54},"end":{"line":193,"column":null}}],"line":193},"3":{"loc":{"start":{"line":207,"column":2},"end":{"line":207,"column":null}},"type":"if","locations":[{"start":{"line":207,"column":2},"end":{"line":207,"column":null}},{"start":{},"end":{}}],"line":207},"4":{"loc":{"start":{"line":207,"column":6},"end":{"line":207,"column":49}},"type":"binary-expr","locations":[{"start":{"line":207,"column":6},"end":{"line":207,"column":23}},{"start":{"line":207,"column":23},"end":{"line":207,"column":49}}],"line":207},"5":{"loc":{"start":{"line":220,"column":2},"end":{"line":220,"column":null}},"type":"default-arg","locations":[{"start":{"line":220,"column":30},"end":{"line":220,"column":null}}],"line":220},"6":{"loc":{"start":{"line":222,"column":2},"end":{"line":222,"column":null}},"type":"if","locations":[{"start":{"line":222,"column":2},"end":{"line":222,"column":null}},{"start":{},"end":{}}],"line":222},"7":{"loc":{"start":{"line":223,"column":2},"end":{"line":223,"column":null}},"type":"if","locations":[{"start":{"line":223,"column":2},"end":{"line":223,"column":null}},{"start":{},"end":{}}],"line":223}},"s":{"0":16,"1":16,"2":16,"3":16,"4":16,"5":10,"6":15,"7":30,"8":33,"9":33,"10":34,"11":8,"12":1,"13":7,"14":33,"15":1,"16":32,"17":5,"18":27},"f":{"0":10,"1":15,"2":30,"3":33,"4":33,"5":34,"6":8,"7":33},"b":{"0":[30,29],"1":[33,10],"2":[34,32,32,31],"3":[1,7],"4":[8,2],"5":[33],"6":[1,32],"7":[5,27]},"meta":{"lastBranch":8,"lastFunction":8,"lastStatement":19,"seen":{"s:52:55:52:Infinity":0,"s:63:58:63:Infinity":1,"s:78:34:119:Infinity":2,"s:121:36:174:Infinity":3,"s:176:53:176:Infinity":4,"f:179:16:179:28":0,"s:180:2:180:Infinity":5,"f:180:23:180:29":1,"s:180:38:180:52":6,"f:184:16:184:28":2,"s:185:2:185:Infinity":7,"b:185:9:185:38:185:38:185:Infinity":0,"f:185:52:185:58":3,"s:185:67:185:84":8,"f:188:16:188:33":4,"s:189:2:189:Infinity":9,"b:189:9:189:28:189:28:189:Infinity":1,"f:192:16:192:34":5,"s:193:2:193:Infinity":10,"b:193:9:193:24:193:24:193:39:193:39:193:54:193:54:193:Infinity":2,"f:202:16:202:Infinity":6,"b:207:2:207:Infinity:undefined:undefined:undefined:undefined":3,"s:207:2:207:Infinity":11,"b:207:6:207:23:207:23:207:49":4,"s:207:49:207:Infinity":12,"s:208:2:208:Infinity":13,"f:218:16:218:Infinity":7,"b:220:30:220:Infinity":5,"b:222:2:222:Infinity:undefined:undefined:undefined:undefined":6,"s:222:2:222:Infinity":14,"s:222:26:222:Infinity":15,"b:223:2:223:Infinity:undefined:undefined:undefined:undefined":7,"s:223:2:223:Infinity":16,"s:223:22:223:Infinity":17,"s:224:2:224:Infinity":18},"fnNames":{}}}
,"/Users/gihyunpark/Desktop/Playground/sermon-presentation/lib/lyrics-parser.ts": {"path":"/Users/gihyunpark/Desktop/Playground/sermon-presentation/lib/lyrics-parser.ts","statementMap":{"0":{"start":{"line":16,"column":29},"end":{"line":16,"column":null}},"1":{"start":{"line":29,"column":21},"end":{"line":29,"column":null}},"2":{"start":{"line":30,"column":2},"end":{"line":30,"column":null}},"3":{"start":{"line":30,"column":44},"end":{"line":30,"column":null}},"4":{"start":{"line":31,"column":2},"end":{"line":31,"column":null}},"5":{"start":{"line":31,"column":44},"end":{"line":31,"column":null}},"6":{"start":{"line":32,"column":2},"end":{"line":32,"column":null}},"7":{"start":{"line":32,"column":35},"end":{"line":32,"column":null}},"8":{"start":{"line":33,"column":2},"end":{"line":33,"column":null}},"9":{"start":{"line":33,"column":41},"end":{"line":33,"column":null}},"10":{"start":{"line":34,"column":2},"end":{"line":34,"column":null}},"11":{"start":{"line":34,"column":33},"end":{"line":34,"column":null}},"12":{"start":{"line":35,"column":2},"end":{"line":35,"column":null}},"13":{"start":{"line":35,"column":44},"end":{"line":35,"column":null}},"14":{"start":{"line":36,"column":2},"end":{"line":36,"column":null}},"15":{"start":{"line":65,"column":22},"end":{"line":65,"column":null}},"16":{"start":{"line":66,"column":24},"end":{"line":66,"column":null}},"17":{"start":{"line":68,"column":36},"end":{"line":68,"column":null}},"18":{"start":{"line":69,"column":38},"end":{"line":69,"column":null}},"19":{"start":{"line":70,"column":18},"end":{"line":70,"column":null}},"20":{"start":{"line":72,"column":8},"end":{"line":76,"column":null}},"21":{"start":{"line":73,"column":4},"end":{"line":73,"column":null}},"22":{"start":{"line":74,"column":4},"end":{"line":74,"column":null}},"23":{"start":{"line":75,"column":4},"end":{"line":75,"column":null}},"24":{"start":{"line":78,"column":2},"end":{"line":102,"column":null}},"25":{"start":{"line":79,"column":17},"end":{"line":79,"column":null}},"26":{"start":{"line":80,"column":4},"end":{"line":80,"column":null}},"27":{"start":{"line":80,"column":27},"end":{"line":80,"column":null}},"28":{"start":{"line":82,"column":19},"end":{"line":82,"column":null}},"29":{"start":{"line":83,"column":4},"end":{"line":86,"column":null}},"30":{"start":{"line":84,"column":6},"end":{"line":84,"column":null}},"31":{"start":{"line":85,"column":6},"end":{"line":85,"column":null}},"32":{"start":{"line":89,"column":4},"end":{"line":89,"column":null}},"33":{"start":{"line":89,"column":18},"end":{"line":89,"column":null}},"34":{"start":{"line":91,"column":4},"end":{"line":98,"column":null}},"35":{"start":{"line":92,"column":25},"end":{"line":92,"column":null}},"36":{"start":{"line":93,"column":6},"end":{"line":93,"column":null}},"37":{"start":{"line":93,"column":35},"end":{"line":93,"column":null}},"38":{"start":{"line":95,"column":20},"end":{"line":95,"column":null}},"39":{"start":{"line":96,"column":6},"end":{"line":96,"column":null}},"40":{"start":{"line":97,"column":6},"end":{"line":97,"column":null}},"41":{"start":{"line":100,"column":4},"end":{"line":100,"column":null}},"42":{"start":{"line":101,"column":4},"end":{"line":101,"column":null}},"43":{"start":{"line":104,"column":2},"end":{"line":104,"column":null}},"44":{"start":{"line":104,"column":38},"end":{"line":104,"column":62}},"45":{"start":{"line":109,"column":24},"end":{"line":109,"column":null}},"46":{"start":{"line":111,"column":2},"end":{"line":122,"column":null}},"47":{"start":{"line":112,"column":4},"end":{"line":112,"column":null}},"48":{"start":{"line":114,"column":21},"end":{"line":114,"column":null}},"49":{"start":{"line":114,"column":54},"end":{"line":114,"column":82}},"50":{"start":{"line":115,"column":4},"end":{"line":120,"column":null}},"51":{"start":{"line":115,"column":21},"end":{"line":115,"column":24}},"52":{"start":{"line":116,"column":22},"end":{"line":116,"column":null}},"53":{"start":{"line":116,"column":50},"end":{"line":116,"column":71}},"54":{"start":{"line":117,"column":22},"end":{"line":117,"column":null}},"55":{"start":{"line":117,"column":42},"end":{"line":117,"column":64}},"56":{"start":{"line":118,"column":6},"end":{"line":118,"column":null}},"57":{"start":{"line":118,"column":19},"end":{"line":118,"column":null}},"58":{"start":{"line":119,"column":6},"end":{"line":119,"column":null}},"59":{"start":{"line":119,"column":48},"end":{"line":119,"column":61}},"60":{"start":{"line":119,"column":64},"end":{"line":119,"column":null}},"61":{"start":{"line":121,"column":4},"end":{"line":121,"column":null}},"62":{"start":{"line":124,"column":2},"end":{"line":124,"column":null}},"63":{"start":{"line":143,"column":26},"end":{"line":143,"column":null}},"64":{"start":{"line":155,"column":8},"end":{"line":155,"column":null}},"65":{"start":{"line":155,"column":40},"end":{"line":155,"column":null}},"66":{"start":{"line":156,"column":2},"end":{"line":156,"column":null}},"67":{"start":{"line":156,"column":25},"end":{"line":156,"column":null}},"68":{"start":{"line":158,"column":20},"end":{"line":158,"column":null}},"69":{"start":{"line":158,"column":38},"end":{"line":158,"column":87}},"70":{"start":{"line":158,"column":74},"end":{"line":158,"column":86}},"71":{"start":{"line":159,"column":2},"end":{"line":159,"column":null}},"72":{"start":{"line":159,"column":28},"end":{"line":159,"column":42}},"73":{"start":{"line":159,"column":45},"end":{"line":159,"column":null}},"74":{"start":{"line":161,"column":15},"end":{"line":161,"column":null}},"75":{"start":{"line":162,"column":2},"end":{"line":171,"column":null}},"76":{"start":{"line":162,"column":9},"end":{"line":171,"column":null}},"77":{"start":{"line":163,"column":22},"end":{"line":163,"column":null}},"78":{"start":{"line":164,"column":4},"end":{"line":164,"column":null}},"79":{"start":{"line":164,"column":33},"end":{"line":164,"column":null}},"80":{"start":{"line":165,"column":4},"end":{"line":169,"column":null}},"81":{"start":{"line":167,"column":6},"end":{"line":167,"column":null}},"82":{"start":{"line":167,"column":42},"end":{"line":167,"column":null}},"83":{"start":{"line":168,"column":6},"end":{"line":168,"column":null}},"84":{"start":{"line":168,"column":60},"end":{"line":168,"column":null}},"85":{"start":{"line":170,"column":4},"end":{"line":170,"column":null}},"86":{"start":{"line":173,"column":2},"end":{"line":173,"column":null}},"87":{"start":{"line":173,"column":20},"end":{"line":173,"column":null}},"88":{"start":{"line":175,"column":18},"end":{"line":175,"column":null}},"89":{"start":{"line":176,"column":2},"end":{"line":176,"column":null}},"90":{"start":{"line":176,"column":42},"end":{"line":176,"column":null}},"91":{"start":{"line":178,"column":2},"end":{"line":183,"column":null}},"92":{"start":{"line":180,"column":33},"end":{"line":180,"column":72}},"93":{"start":{"line":198,"column":16},"end":{"line":198,"column":null}},"94":{"start":{"line":198,"column":55},"end":{"line":198,"column":67}},"95":{"start":{"line":199,"column":2},"end":{"line":199,"column":null}},"96":{"start":{"line":199,"column":26},"end":{"line":199,"column":null}},"97":{"start":{"line":201,"column":16},"end":{"line":201,"column":null}},"98":{"start":{"line":202,"column":2},"end":{"line":202,"column":null}},"99":{"start":{"line":202,"column":28},"end":{"line":202,"column":null}},"100":{"start":{"line":204,"column":20},"end":{"line":204,"column":null}},"101":{"start":{"line":205,"column":2},"end":{"line":205,"column":null}},"102":{"start":{"line":205,"column":33},"end":{"line":205,"column":null}},"103":{"start":{"line":208,"column":8},"end":{"line":222,"column":null}},"104":{"start":{"line":209,"column":16},"end":{"line":209,"column":null}},"105":{"start":{"line":210,"column":18},"end":{"line":210,"column":null}},"106":{"start":{"line":211,"column":4},"end":{"line":220,"column":null}},"107":{"start":{"line":212,"column":6},"end":{"line":212,"column":null}},"108":{"start":{"line":212,"column":31},"end":{"line":212,"column":null}},"109":{"start":{"line":213,"column":24},"end":{"line":213,"column":null}},"110":{"start":{"line":214,"column":6},"end":{"line":219,"column":null}},"111":{"start":{"line":215,"column":8},"end":{"line":215,"column":null}},"112":{"start":{"line":217,"column":8},"end":{"line":217,"column":null}},"113":{"start":{"line":218,"column":8},"end":{"line":218,"column":null}},"114":{"start":{"line":221,"column":4},"end":{"line":221,"column":null}},"115":{"start":{"line":225,"column":12},"end":{"line":225,"column":null}},"116":{"start":{"line":225,"column":41},"end":{"line":225,"column":49}},"117":{"start":{"line":226,"column":13},"end":{"line":226,"column":null}},"118":{"start":{"line":227,"column":2},"end":{"line":231,"column":null}},"119":{"start":{"line":228,"column":16},"end":{"line":228,"column":null}},"120":{"start":{"line":229,"column":4},"end":{"line":230,"column":null}},"121":{"start":{"line":229,"column":39},"end":{"line":229,"column":null}},"122":{"start":{"line":230,"column":9},"end":{"line":230,"column":null}},"123":{"start":{"line":234,"column":26},"end":{"line":234,"column":null}},"124":{"start":{"line":235,"column":16},"end":{"line":235,"column":null}},"125":{"start":{"line":236,"column":2},"end":{"line":244,"column":null}},"126":{"start":{"line":237,"column":22},"end":{"line":237,"column":null}},"127":{"start":{"line":238,"column":4},"end":{"line":243,"column":null}},"128":{"start":{"line":239,"column":6},"end":{"line":239,"column":null}},"129":{"start":{"line":241,"column":6},"end":{"line":241,"column":null}},"130":{"start":{"line":241,"column":30},"end":{"line":241,"column":null}},"131":{"start":{"line":242,"column":6},"end":{"line":242,"column":null}},"132":{"start":{"line":245,"column":2},"end":{"line":245,"column":null}},"133":{"start":{"line":245,"column":26},"end":{"line":245,"column":null}},"134":{"start":{"line":247,"column":2},"end":{"line":247,"column":null}},"135":{"start":{"line":252,"column":2},"end":{"line":252,"column":null}},"136":{"start":{"line":252,"column":41},"end":{"line":252,"column":67}}},"fnMap":{"0":{"name":"inferSectionKind","decl":{"start":{"line":28,"column":16},"end":{"line":28,"column":33}},"loc":{"start":{"line":28,"column":61},"end":{"line":37,"column":null}},"line":28},"1":{"name":"parseLyrics","decl":{"start":{"line":64,"column":16},"end":{"line":64,"column":28}},"loc":{"start":{"line":64,"column":93},"end":{"line":105,"column":null}},"line":64},"2":{"name":"(anonymous_2)","decl":{"start":{"line":72,"column":8},"end":{"line":72,"column":24}},"loc":{"start":{"line":72,"column":48},"end":{"line":76,"column":null}},"line":72},"3":{"name":"(anonymous_3)","decl":{"start":{"line":104,"column":18},"end":{"line":104,"column":26}},"loc":{"start":{"line":104,"column":38},"end":{"line":104,"column":62}},"line":104},"4":{"name":"formatLyrics","decl":{"start":{"line":108,"column":16},"end":{"line":108,"column":29}},"loc":{"start":{"line":108,"column":100},"end":{"line":125,"column":null}},"line":108},"5":{"name":"(anonymous_5)","decl":{"start":{"line":114,"column":35},"end":{"line":114,"column":43}},"loc":{"start":{"line":114,"column":54},"end":{"line":114,"column":82}},"line":114},"6":{"name":"(anonymous_6)","decl":{"start":{"line":116,"column":36},"end":{"line":116,"column":44}},"loc":{"start":{"line":116,"column":50},"end":{"line":116,"column":71}},"line":116},"7":{"name":"(anonymous_7)","decl":{"start":{"line":117,"column":30},"end":{"line":117,"column":36}},"loc":{"start":{"line":117,"column":42},"end":{"line":117,"column":64}},"line":117},"8":{"name":"(anonymous_8)","decl":{"start":{"line":119,"column":34},"end":{"line":119,"column":42}},"loc":{"start":{"line":119,"column":48},"end":{"line":119,"column":61}},"line":119},"9":{"name":"detectRefrain","decl":{"start":{"line":154,"column":16},"end":{"line":154,"column":30}},"loc":{"start":{"line":154,"column":75},"end":{"line":184,"column":null}},"line":154},"10":{"name":"(anonymous_10)","decl":{"start":{"line":155,"column":8},"end":{"line":155,"column":40}},"loc":{"start":{"line":155,"column":40},"end":{"line":155,"column":null}},"line":155},"11":{"name":"(anonymous_11)","decl":{"start":{"line":158,"column":27},"end":{"line":158,"column":32}},"loc":{"start":{"line":158,"column":38},"end":{"line":158,"column":87}},"line":158},"12":{"name":"(anonymous_12)","decl":{"start":{"line":158,"column":60},"end":{"line":158,"column":68}},"loc":{"start":{"line":158,"column":74},"end":{"line":158,"column":86}},"line":158},"13":{"name":"(anonymous_13)","decl":{"start":{"line":159,"column":16},"end":{"line":159,"column":22}},"loc":{"start":{"line":159,"column":28},"end":{"line":159,"column":42}},"line":159},"14":{"name":"(anonymous_14)","decl":{"start":{"line":180,"column":22},"end":{"line":180,"column":27}},"loc":{"start":{"line":180,"column":33},"end":{"line":180,"column":72}},"line":180},"15":{"name":"splitIntoLines","decl":{"start":{"line":197,"column":16},"end":{"line":197,"column":31}},"loc":{"start":{"line":197,"column":91},"end":{"line":248,"column":null}},"line":197},"16":{"name":"(anonymous_16)","decl":{"start":{"line":198,"column":41},"end":{"line":198,"column":49}},"loc":{"start":{"line":198,"column":55},"end":{"line":198,"column":67}},"line":198},"17":{"name":"(anonymous_17)","decl":{"start":{"line":208,"column":8},"end":{"line":208,"column":23}},"loc":{"start":{"line":208,"column":49},"end":{"line":222,"column":null}},"line":208},"18":{"name":"(anonymous_18)","decl":{"start":{"line":225,"column":30},"end":{"line":225,"column":35}},"loc":{"start":{"line":225,"column":41},"end":{"line":225,"column":49}},"line":225},"19":{"name":"toSongLines","decl":{"start":{"line":251,"column":16},"end":{"line":251,"column":28}},"loc":{"start":{"line":251,"column":82},"end":{"line":253,"column":null}},"line":251},"20":{"name":"(anonymous_20)","decl":{"start":{"line":252,"column":15},"end":{"line":252,"column":20}},"loc":{"start":{"line":252,"column":41},"end":{"line":252,"column":67}},"line":252}},"branchMap":{"0":{"loc":{"start":{"line":30,"column":2},"end":{"line":30,"column":null}},"type":"if","locations":[{"start":{"line":30,"column":2},"end":{"line":30,"column":null}},{"start":{},"end":{}}],"line":30},"1":{"loc":{"start":{"line":31,"column":2},"end":{"line":31,"column":null}},"type":"if","locations":[{"start":{"line":31,"column":2},"end":{"line":31,"column":null}},{"start":{},"end":{}}],"line":31},"2":{"loc":{"start":{"line":32,"column":2},"end":{"line":32,"column":null}},"type":"if","locations":[{"start":{"line":32,"column":2},"end":{"line":32,"column":null}},{"start":{},"end":{}}],"line":32},"3":{"loc":{"start":{"line":33,"column":2},"end":{"line":33,"column":null}},"type":"if","locations":[{"start":{"line":33,"column":2},"end":{"line":33,"column":null}},{"start":{},"end":{}}],"line":33},"4":{"loc":{"start":{"line":34,"column":2},"end":{"line":34,"column":null}},"type":"if","locations":[{"start":{"line":34,"column":2},"end":{"line":34,"column":null}},{"start":{},"end":{}}],"line":34},"5":{"loc":{"start":{"line":35,"column":2},"end":{"line":35,"column":null}},"type":"if","locations":[{"start":{"line":35,"column":2},"end":{"line":35,"column":null}},{"start":{},"end":{}}],"line":35},"6":{"loc":{"start":{"line":64,"column":42},"end":{"line":64,"column":93}},"type":"default-arg","locations":[{"start":{"line":64,"column":72},"end":{"line":64,"column":93}}],"line":64},"7":{"loc":{"start":{"line":65,"column":22},"end":{"line":65,"column":null}},"type":"binary-expr","locations":[{"start":{"line":65,"column":22},"end":{"line":65,"column":45}},{"start":{"line":65,"column":45},"end":{"line":65,"column":null}}],"line":65},"8":{"loc":{"start":{"line":66,"column":24},"end":{"line":66,"column":null}},"type":"binary-expr","locations":[{"start":{"line":66,"column":24},"end":{"line":66,"column":49}},{"start":{"line":66,"column":49},"end":{"line":66,"column":null}}],"line":66},"9":{"loc":{"start":{"line":80,"column":4},"end":{"line":80,"column":null}},"type":"if","locations":[{"start":{"line":80,"column":4},"end":{"line":80,"column":null}},{"start":{},"end":{}}],"line":80},"10":{"loc":{"start":{"line":83,"column":4},"end":{"line":86,"column":null}},"type":"if","locations":[{"start":{"line":83,"column":4},"end":{"line":86,"column":null}},{"start":{},"end":{}}],"line":83},"11":{"loc":{"start":{"line":89,"column":4},"end":{"line":89,"column":null}},"type":"if","locations":[{"start":{"line":89,"column":4},"end":{"line":89,"column":null}},{"start":{},"end":{}}],"line":89},"12":{"loc":{"start":{"line":91,"column":4},"end":{"line":98,"column":null}},"type":"if","locations":[{"start":{"line":91,"column":4},"end":{"line":98,"column":null}},{"start":{},"end":{}}],"line":91},"13":{"loc":{"start":{"line":93,"column":6},"end":{"line":93,"column":null}},"type":"if","locations":[{"start":{"line":93,"column":6},"end":{"line":93,"column":null}},{"start":{},"end":{}}],"line":93},"14":{"loc":{"start":{"line":108,"column":72},"end":{"line":108,"column":100}},"type":"default-arg","locations":[{"start":{"line":108,"column":86},"end":{"line":108,"column":100}}],"line":108},"15":{"loc":{"start":{"line":117,"column":22},"end":{"line":117,"column":null}},"type":"binary-expr","locations":[{"start":{"line":117,"column":22},"end":{"line":117,"column":69}},{"start":{"line":117,"column":69},"end":{"line":117,"column":null}}],"line":117},"16":{"loc":{"start":{"line":118,"column":6},"end":{"line":118,"column":null}},"type":"if","locations":[{"start":{"line":118,"column":6},"end":{"line":118,"column":null}},{"start":{},"end":{}}],"line":118},"17":{"loc":{"start":{"line":156,"column":2},"end":{"line":156,"column":null}},"type":"if","locations":[{"start":{"line":156,"column":2},"end":{"line":156,"column":null}},{"start":{},"end":{}}],"line":156},"18":{"loc":{"start":{"line":159,"column":2},"end":{"line":159,"column":null}},"type":"if","locations":[{"start":{"line":159,"column":2},"end":{"line":159,"column":null}},{"start":{},"end":{}}],"line":159},"19":{"loc":{"start":{"line":164,"column":4},"end":{"line":164,"column":null}},"type":"if","locations":[{"start":{"line":164,"column":4},"end":{"line":164,"column":null}},{"start":{},"end":{}}],"line":164},"20":{"loc":{"start":{"line":167,"column":6},"end":{"line":167,"column":null}},"type":"if","locations":[{"start":{"line":167,"column":6},"end":{"line":167,"column":null}},{"start":{},"end":{}}],"line":167},"21":{"loc":{"start":{"line":168,"column":6},"end":{"line":168,"column":null}},"type":"if","locations":[{"start":{"line":168,"column":6},"end":{"line":168,"column":null}},{"start":{},"end":{}}],"line":168},"22":{"loc":{"start":{"line":173,"column":2},"end":{"line":173,"column":null}},"type":"if","locations":[{"start":{"line":173,"column":2},"end":{"line":173,"column":null}},{"start":{},"end":{}}],"line":173},"23":{"loc":{"start":{"line":176,"column":2},"end":{"line":176,"column":null}},"type":"if","locations":[{"start":{"line":176,"column":2},"end":{"line":176,"column":null}},{"start":{},"end":{}}],"line":176},"24":{"loc":{"start":{"line":182,"column":16},"end":{"line":182,"column":null}},"type":"cond-expr","locations":[{"start":{"line":182,"column":31},"end":{"line":182,"column":40}},{"start":{"line":182,"column":40},"end":{"line":182,"column":null}}],"line":182},"25":{"loc":{"start":{"line":182,"column":40},"end":{"line":182,"column":null}},"type":"cond-expr","locations":[{"start":{"line":182,"column":54},"end":{"line":182,"column":65}},{"start":{"line":182,"column":65},"end":{"line":182,"column":null}}],"line":182},"26":{"loc":{"start":{"line":197,"column":45},"end":{"line":197,"column":91}},"type":"default-arg","locations":[{"start":{"line":197,"column":59},"end":{"line":197,"column":91}}],"line":197},"27":{"loc":{"start":{"line":199,"column":2},"end":{"line":199,"column":null}},"type":"if","locations":[{"start":{"line":199,"column":2},"end":{"line":199,"column":null}},{"start":{},"end":{}}],"line":199},"28":{"loc":{"start":{"line":202,"column":2},"end":{"line":202,"column":null}},"type":"if","locations":[{"start":{"line":202,"column":2},"end":{"line":202,"column":null}},{"start":{},"end":{}}],"line":202},"29":{"loc":{"start":{"line":205,"column":2},"end":{"line":205,"column":null}},"type":"if","locations":[{"start":{"line":205,"column":2},"end":{"line":205,"column":null}},{"start":{},"end":{}}],"line":205},"30":{"loc":{"start":{"line":212,"column":6},"end":{"line":212,"column":null}},"type":"if","locations":[{"start":{"line":212,"column":6},"end":{"line":212,"column":null}},{"start":{},"end":{}}],"line":212},"31":{"loc":{"start":{"line":213,"column":24},"end":{"line":213,"column":null}},"type":"cond-expr","locations":[{"start":{"line":213,"column":40},"end":{"line":213,"column":54}},{"start":{"line":213,"column":54},"end":{"line":213,"column":null}}],"line":213},"32":{"loc":{"start":{"line":214,"column":6},"end":{"line":219,"column":null}},"type":"if","locations":[{"start":{"line":214,"column":6},"end":{"line":219,"column":null}},{"start":{"line":216,"column":13},"end":{"line":219,"column":null}}],"line":214},"33":{"loc":{"start":{"line":229,"column":4},"end":{"line":230,"column":null}},"type":"if","locations":[{"start":{"line":229,"column":4},"end":{"line":230,"column":null}},{"start":{"line":230,"column":9},"end":{"line":230,"column":null}}],"line":229},"34":{"loc":{"start":{"line":237,"column":22},"end":{"line":237,"column":null}},"type":"cond-expr","locations":[{"start":{"line":237,"column":45},"end":{"line":237,"column":52}},{"start":{"line":237,"column":52},"end":{"line":237,"column":null}}],"line":237},"35":{"loc":{"start":{"line":238,"column":4},"end":{"line":243,"column":null}},"type":"if","locations":[{"start":{"line":238,"column":4},"end":{"line":243,"column":null}},{"start":{"line":240,"column":11},"end":{"line":243,"column":null}}],"line":238},"36":{"loc":{"start":{"line":241,"column":6},"end":{"line":241,"column":null}},"type":"if","locations":[{"start":{"line":241,"column":6},"end":{"line":241,"column":null}},{"start":{},"end":{}}],"line":241},"37":{"loc":{"start":{"line":245,"column":2},"end":{"line":245,"column":null}},"type":"if","locations":[{"start":{"line":245,"column":2},"end":{"line":245,"column":null}},{"start":{},"end":{}}],"line":245}},"s":{"0":17,"1":76,"2":76,"3":1,"4":75,"5":20,"6":55,"7":1,"8":54,"9":2,"10":52,"11":1,"12":51,"13":1,"14":50,"15":18,"16":18,"17":18,"18":18,"19":18,"20":18,"21":23,"22":23,"23":23,"24":18,"25":70,"26":70,"27":11,"28":59,"29":59,"30":21,"31":21,"32":38,"33":2,"34":38,"35":10,"36":10,"37":0,"38":10,"39":10,"40":10,"41":28,"42":28,"43":18,"44":23,"45":2,"46":2,"47":3,"48":3,"49":5,"50":3,"51":3,"52":4,"53":8,"54":4,"55":4,"56":4,"57":4,"58":4,"59":5,"60":1,"61":4,"62":2,"63":17,"64":9,"65":4,"66":9,"67":2,"68":7,"69":16,"70":150,"71":7,"72":16,"73":0,"74":7,"75":7,"76":7,"77":43,"78":43,"79":0,"80":43,"81":89,"82":4,"83":85,"84":3,"85":36,"86":7,"87":1,"88":6,"89":6,"90":1,"91":5,"92":11,"93":9,"94":63,"95":9,"96":2,"97":7,"98":7,"99":1,"100":6,"101":6,"102":1,"103":5,"104":26,"105":26,"106":26,"107":308,"108":0,"109":308,"110":308,"111":259,"112":49,"113":49,"114":26,"115":5,"116":58,"117":5,"118":5,"119":26,"120":26,"121":15,"122":11,"123":5,"124":5,"125":5,"126":58,"127":58,"128":51,"129":7,"130":7,"131":7,"132":5,"133":5,"134":5,"135":1,"136":2},"f":{"0":76,"1":18,"2":23,"3":23,"4":2,"5":5,"6":8,"7":4,"8":5,"9":9,"10":4,"11":16,"12":150,"13":16,"14":11,"15":9,"16":63,"17":26,"18":58,"19":1,"20":2},"b":{"0":[1,75],"1":[20,55],"2":[1,54],"3":[2,52],"4":[1,51],"5":[1,50],"6":[18],"7":[18,14],"8":[18,13],"9":[11,59],"10":[21,38],"11":[2,36],"12":[10,28],"13":[0,10],"14":[2],"15":[4,0],"16":[4,0],"17":[2,7],"18":[0,7],"19":[0,43],"20":[4,85],"21":[3,82],"22":[1,6],"23":[1,5],"24":[1,4],"25":[1,3],"26":[9],"27":[2,7],"28":[1,6],"29":[1,5],"30":[0,308],"31":[26,282],"32":[259,49],"33":[15,11],"34":[5,53],"35":[51,7],"36":[7,0],"37":[5,0]},"meta":{"lastBranch":38,"lastFunction":21,"lastStatement":137,"seen":{"s:16:29:16:Infinity":0,"f:28:16:28:33":0,"s:29:21:29:Infinity":1,"b:30:2:30:Infinity:undefined:undefined:undefined:undefined":0,"s:30:2:30:Infinity":2,"s:30:44:30:Infinity":3,"b:31:2:31:Infinity:undefined:undefined:undefined:undefined":1,"s:31:2:31:Infinity":4,"s:31:44:31:Infinity":5,"b:32:2:32:Infinity:undefined:undefined:undefined:undefined":2,"s:32:2:32:Infinity":6,"s:32:35:32:Infinity":7,"b:33:2:33:Infinity:undefined:undefined:undefined:undefined":3,"s:33:2:33:Infinity":8,"s:33:41:33:Infinity":9,"b:34:2:34:Infinity:undefined:undefined:undefined:undefined":4,"s:34:2:34:Infinity":10,"s:34:33:34:Infinity":11,"b:35:2:35:Infinity:undefined:undefined:undefined:undefined":5,"s:35:2:35:Infinity":12,"s:35:44:35:Infinity":13,"s:36:2:36:Infinity":14,"f:64:16:64:28":1,"b:64:72:64:93":6,"s:65:22:65:Infinity":15,"b:65:22:65:45:65:45:65:Infinity":7,"s:66:24:66:Infinity":16,"b:66:24:66:49:66:49:66:Infinity":8,"s:68:36:68:Infinity":17,"s:69:38:69:Infinity":18,"s:70:18:70:Infinity":19,"s:72:8:76:Infinity":20,"f:72:8:72:24":2,"s:73:4:73:Infinity":21,"s:74:4:74:Infinity":22,"s:75:4:75:Infinity":23,"s:78:2:102:Infinity":24,"s:79:17:79:Infinity":25,"b:80:4:80:Infinity:undefined:undefined:undefined:undefined":9,"s:80:4:80:Infinity":26,"s:80:27:80:Infinity":27,"s:82:19:82:Infinity":28,"b:83:4:86:Infinity:undefined:undefined:undefined:undefined":10,"s:83:4:86:Infinity":29,"s:84:6:84:Infinity":30,"s:85:6:85:Infinity":31,"b:89:4:89:Infinity:undefined:undefined:undefined:undefined":11,"s:89:4:89:Infinity":32,"s:89:18:89:Infinity":33,"b:91:4:98:Infinity:undefined:undefined:undefined:undefined":12,"s:91:4:98:Infinity":34,"s:92:25:92:Infinity":35,"b:93:6:93:Infinity:undefined:undefined:undefined:undefined":13,"s:93:6:93:Infinity":36,"s:93:35:93:Infinity":37,"s:95:20:95:Infinity":38,"s:96:6:96:Infinity":39,"s:97:6:97:Infinity":40,"s:100:4:100:Infinity":41,"s:101:4:101:Infinity":42,"s:104:2:104:Infinity":43,"f:104:18:104:26":3,"s:104:38:104:62":44,"f:108:16:108:29":4,"b:108:86:108:100":14,"s:109:24:109:Infinity":45,"s:111:2:122:Infinity":46,"s:112:4:112:Infinity":47,"s:114:21:114:Infinity":48,"f:114:35:114:43":5,"s:114:54:114:82":49,"s:115:4:120:Infinity":50,"s:115:21:115:24":51,"s:116:22:116:Infinity":52,"f:116:36:116:44":6,"s:116:50:116:71":53,"s:117:22:117:Infinity":54,"b:117:22:117:69:117:69:117:Infinity":15,"f:117:30:117:36":7,"s:117:42:117:64":55,"b:118:6:118:Infinity:undefined:undefined:undefined:undefined":16,"s:118:6:118:Infinity":56,"s:118:19:118:Infinity":57,"s:119:6:119:Infinity":58,"f:119:34:119:42":8,"s:119:48:119:61":59,"s:119:64:119:Infinity":60,"s:121:4:121:Infinity":61,"s:124:2:124:Infinity":62,"s:143:26:143:Infinity":63,"f:154:16:154:30":9,"s:155:8:155:Infinity":64,"f:155:8:155:40":10,"s:155:40:155:Infinity":65,"b:156:2:156:Infinity:undefined:undefined:undefined:undefined":17,"s:156:2:156:Infinity":66,"s:156:25:156:Infinity":67,"s:158:20:158:Infinity":68,"f:158:27:158:32":11,"s:158:38:158:87":69,"f:158:60:158:68":12,"s:158:74:158:86":70,"b:159:2:159:Infinity:undefined:undefined:undefined:undefined":18,"s:159:2:159:Infinity":71,"f:159:16:159:22":13,"s:159:28:159:42":72,"s:159:45:159:Infinity":73,"s:161:15:161:Infinity":74,"s:162:2:171:Infinity":75,"s:162:9:171:Infinity":76,"s:163:22:163:Infinity":77,"b:164:4:164:Infinity:undefined:undefined:undefined:undefined":19,"s:164:4:164:Infinity":78,"s:164:33:164:Infinity":79,"s:165:4:169:Infinity":80,"b:167:6:167:Infinity:undefined:undefined:undefined:undefined":20,"s:167:6:167:Infinity":81,"s:167:42:167:Infinity":82,"b:168:6:168:Infinity:undefined:undefined:undefined:undefined":21,"s:168:6:168:Infinity":83,"s:168:60:168:Infinity":84,"s:170:4:170:Infinity":85,"b:173:2:173:Infinity:undefined:undefined:undefined:undefined":22,"s:173:2:173:Infinity":86,"s:173:20:173:Infinity":87,"s:175:18:175:Infinity":88,"b:176:2:176:Infinity:undefined:undefined:undefined:undefined":23,"s:176:2:176:Infinity":89,"s:176:42:176:Infinity":90,"s:178:2:183:Infinity":91,"f:180:22:180:27":14,"s:180:33:180:72":92,"b:182:31:182:40:182:40:182:Infinity":24,"b:182:54:182:65:182:65:182:Infinity":25,"f:197:16:197:31":15,"b:197:59:197:91":26,"s:198:16:198:Infinity":93,"f:198:41:198:49":16,"s:198:55:198:67":94,"b:199:2:199:Infinity:undefined:undefined:undefined:undefined":27,"s:199:2:199:Infinity":95,"s:199:26:199:Infinity":96,"s:201:16:201:Infinity":97,"b:202:2:202:Infinity:undefined:undefined:undefined:undefined":28,"s:202:2:202:Infinity":98,"s:202:28:202:Infinity":99,"s:204:20:204:Infinity":100,"b:205:2:205:Infinity:undefined:undefined:undefined:undefined":29,"s:205:2:205:Infinity":101,"s:205:33:205:Infinity":102,"s:208:8:222:Infinity":103,"f:208:8:208:23":17,"s:209:16:209:Infinity":104,"s:210:18:210:Infinity":105,"s:211:4:220:Infinity":106,"b:212:6:212:Infinity:undefined:undefined:undefined:undefined":30,"s:212:6:212:Infinity":107,"s:212:31:212:Infinity":108,"s:213:24:213:Infinity":109,"b:213:40:213:54:213:54:213:Infinity":31,"b:214:6:219:Infinity:216:13:219:Infinity":32,"s:214:6:219:Infinity":110,"s:215:8:215:Infinity":111,"s:217:8:217:Infinity":112,"s:218:8:218:Infinity":113,"s:221:4:221:Infinity":114,"s:225:12:225:Infinity":115,"f:225:30:225:35":18,"s:225:41:225:49":116,"s:226:13:226:Infinity":117,"s:227:2:231:Infinity":118,"s:228:16:228:Infinity":119,"b:229:4:230:Infinity:230:9:230:Infinity":33,"s:229:4:230:Infinity":120,"s:229:39:229:Infinity":121,"s:230:9:230:Infinity":122,"s:234:26:234:Infinity":123,"s:235:16:235:Infinity":124,"s:236:2:244:Infinity":125,"s:237:22:237:Infinity":126,"b:237:45:237:52:237:52:237:Infinity":34,"b:238:4:243:Infinity:240:11:243:Infinity":35,"s:238:4:243:Infinity":127,"s:239:6:239:Infinity":128,"b:241:6:241:Infinity:undefined:undefined:undefined:undefined":36,"s:241:6:241:Infinity":129,"s:241:30:241:Infinity":130,"s:242:6:242:Infinity":131,"b:245:2:245:Infinity:undefined:undefined:undefined:undefined":37,"s:245:2:245:Infinity":132,"s:245:26:245:Infinity":133,"s:247:2:247:Infinity":134,"f:251:16:251:28":19,"s:252:2:252:Infinity":135,"f:252:15:252:20":20,"s:252:41:252:67":136},"fnNames":{}}}
,"/Users/gihyunpark/Desktop/Playground/sermon-presentation/lib/meter-align.ts": {"path":"/Users/gihyunpark/Desktop/Playground/sermon-presentation/lib/meter-align.ts","statementMap":{"0":{"start":{"line":29,"column":23},"end":{"line":29,"column":null}},"1":{"start":{"line":31,"column":23},"end":{"line":31,"column":null}},"2":{"start":{"line":33,"column":29},"end":{"line":33,"column":null}},"3":{"start":{"line":69,"column":12},"end":{"line":69,"column":null}},"4":{"start":{"line":70,"column":2},"end":{"line":70,"column":null}},"5":{"start":{"line":70,"column":38},"end":{"line":70,"column":null}},"6":{"start":{"line":73,"column":8},"end":{"line":73,"column":null}},"7":{"start":{"line":73,"column":46},"end":{"line":73,"column":null}},"8":{"start":{"line":76,"column":8},"end":{"line":76,"column":null}},"9":{"start":{"line":76,"column":53},"end":{"line":76,"column":null}},"10":{"start":{"line":79,"column":27},"end":{"line":79,"column":null}},"11":{"start":{"line":79,"column":71},"end":{"line":79,"column":110}},"12":{"start":{"line":80,"column":28},"end":{"line":80,"column":null}},"13":{"start":{"line":80,"column":72},"end":{"line":80,"column":105}},"14":{"start":{"line":81,"column":2},"end":{"line":81,"column":null}},"15":{"start":{"line":83,"column":2},"end":{"line":98,"column":null}},"16":{"start":{"line":83,"column":15},"end":{"line":83,"column":18}},"17":{"start":{"line":84,"column":4},"end":{"line":97,"column":null}},"18":{"start":{"line":84,"column":17},"end":{"line":84,"column":24}},"19":{"start":{"line":86,"column":6},"end":{"line":96,"column":null}},"20":{"start":{"line":86,"column":19},"end":{"line":86,"column":26}},"21":{"start":{"line":87,"column":21},"end":{"line":87,"column":null}},"22":{"start":{"line":88,"column":8},"end":{"line":88,"column":null}},"23":{"start":{"line":88,"column":31},"end":{"line":88,"column":null}},"24":{"start":{"line":90,"column":26},"end":{"line":90,"column":null}},"25":{"start":{"line":91,"column":26},"end":{"line":91,"column":null}},"26":{"start":{"line":92,"column":8},"end":{"line":95,"column":null}},"27":{"start":{"line":93,"column":10},"end":{"line":93,"column":null}},"28":{"start":{"line":94,"column":10},"end":{"line":94,"column":null}},"29":{"start":{"line":100,"column":2},"end":{"line":100,"column":null}},"30":{"start":{"line":100,"column":40},"end":{"line":100,"column":null}},"31":{"start":{"line":102,"column":26},"end":{"line":102,"column":null}},"32":{"start":{"line":103,"column":15},"end":{"line":103,"column":null}},"33":{"start":{"line":104,"column":2},"end":{"line":108,"column":null}},"34":{"start":{"line":104,"column":15},"end":{"line":104,"column":26}},"35":{"start":{"line":105,"column":17},"end":{"line":105,"column":null}},"36":{"start":{"line":106,"column":4},"end":{"line":106,"column":null}},"37":{"start":{"line":107,"column":4},"end":{"line":107,"column":null}},"38":{"start":{"line":109,"column":2},"end":{"line":109,"column":null}},"39":{"start":{"line":113,"column":15},"end":{"line":113,"column":null}},"40":{"start":{"line":113,"column":45},"end":{"line":113,"column":58}},"41":{"start":{"line":114,"column":2},"end":{"line":114,"column":null}},"42":{"start":{"line":114,"column":49},"end":{"line":114,"column":76}},"43":{"start":{"line":119,"column":20},"end":{"line":119,"column":null}},"44":{"start":{"line":120,"column":14},"end":{"line":120,"column":null}},"45":{"start":{"line":121,"column":2},"end":{"line":123,"column":null}},"46":{"start":{"line":121,"column":18},"end":{"line":121,"column":21}},"47":{"start":{"line":122,"column":4},"end":{"line":122,"column":null}},"48":{"start":{"line":122,"column":49},"end":{"line":122,"column":62}},"49":{"start":{"line":124,"column":2},"end":{"line":124,"column":null}},"50":{"start":{"line":139,"column":18},"end":{"line":139,"column":null}},"51":{"start":{"line":140,"column":2},"end":{"line":140,"column":null}},"52":{"start":{"line":140,"column":25},"end":{"line":140,"column":null}},"53":{"start":{"line":143,"column":15},"end":{"line":143,"column":null}},"54":{"start":{"line":143,"column":43},"end":{"line":143,"column":58}},"55":{"start":{"line":144,"column":14},"end":{"line":144,"column":null}},"56":{"start":{"line":144,"column":42},"end":{"line":144,"column":57}},"57":{"start":{"line":145,"column":2},"end":{"line":145,"column":null}},"58":{"start":{"line":160,"column":2},"end":{"line":160,"column":null}},"59":{"start":{"line":160,"column":48},"end":{"line":160,"column":null}},"60":{"start":{"line":161,"column":2},"end":{"line":161,"column":null}},"61":{"start":{"line":161,"column":65},"end":{"line":161,"column":null}},"62":{"start":{"line":162,"column":2},"end":{"line":162,"column":null}},"63":{"start":{"line":167,"column":2},"end":{"line":169,"column":null}},"64":{"start":{"line":168,"column":17},"end":{"line":168,"column":null}},"65":{"start":{"line":168,"column":55},"end":{"line":168,"column":76}},"66":{"start":{"line":186,"column":2},"end":{"line":186,"column":null}},"67":{"start":{"line":197,"column":2},"end":{"line":197,"column":null}},"68":{"start":{"line":197,"column":25},"end":{"line":197,"column":null}},"69":{"start":{"line":199,"column":20},"end":{"line":199,"column":null}},"70":{"start":{"line":199,"column":42},"end":{"line":199,"column":101}},"71":{"start":{"line":199,"column":85},"end":{"line":199,"column":100}},"72":{"start":{"line":200,"column":2},"end":{"line":200,"column":null}},"73":{"start":{"line":200,"column":32},"end":{"line":200,"column":50}},"74":{"start":{"line":200,"column":53},"end":{"line":200,"column":null}},"75":{"start":{"line":202,"column":39},"end":{"line":202,"column":null}},"76":{"start":{"line":203,"column":23},"end":{"line":203,"column":null}},"77":{"start":{"line":203,"column":60},"end":{"line":203,"column":72}},"78":{"start":{"line":205,"column":2},"end":{"line":212,"column":null}},"79":{"start":{"line":205,"column":23},"end":{"line":205,"column":26}},"80":{"start":{"line":207,"column":6},"end":{"line":207,"column":null}},"81":{"start":{"line":207,"column":39},"end":{"line":207,"column":80}},"82":{"start":{"line":208,"column":4},"end":{"line":208,"column":null}},"83":{"start":{"line":208,"column":74},"end":{"line":208,"column":null}},"84":{"start":{"line":210,"column":22},"end":{"line":210,"column":null}},"85":{"start":{"line":211,"column":4},"end":{"line":211,"column":null}},"86":{"start":{"line":211,"column":19},"end":{"line":211,"column":null}},"87":{"start":{"line":214,"column":2},"end":{"line":214,"column":null}},"88":{"start":{"line":231,"column":2},"end":{"line":231,"column":null}},"89":{"start":{"line":231,"column":31},"end":{"line":231,"column":null}},"90":{"start":{"line":234,"column":15},"end":{"line":234,"column":null}},"91":{"start":{"line":234,"column":48},"end":{"line":234,"column":77}},"92":{"start":{"line":235,"column":19},"end":{"line":235,"column":null}},"93":{"start":{"line":238,"column":21},"end":{"line":238,"column":null}},"94":{"start":{"line":238,"column":52},"end":{"line":238,"column":95}},"95":{"start":{"line":239,"column":15},"end":{"line":239,"column":null}},"96":{"start":{"line":241,"column":2},"end":{"line":243,"column":null}},"97":{"start":{"line":242,"column":14},"end":{"line":242,"column":null}},"98":{"start":{"line":259,"column":16},"end":{"line":259,"column":null}},"99":{"start":{"line":259,"column":41},"end":{"line":259,"column":87}},"100":{"start":{"line":260,"column":2},"end":{"line":260,"column":null}},"101":{"start":{"line":260,"column":28},"end":{"line":260,"column":42}},"102":{"start":{"line":260,"column":45},"end":{"line":260,"column":null}},"103":{"start":{"line":262,"column":19},"end":{"line":262,"column":null}},"104":{"start":{"line":262,"column":57},"end":{"line":262,"column":98}},"105":{"start":{"line":262,"column":77},"end":{"line":262,"column":97}},"106":{"start":{"line":265,"column":36},"end":{"line":265,"column":null}},"107":{"start":{"line":267,"column":2},"end":{"line":287,"column":null}},"108":{"start":{"line":268,"column":19},"end":{"line":268,"column":null}},"109":{"start":{"line":268,"column":44},"end":{"line":268,"column":85}},"110":{"start":{"line":269,"column":4},"end":{"line":269,"column":null}},"111":{"start":{"line":269,"column":31},"end":{"line":269,"column":45}},"112":{"start":{"line":269,"column":48},"end":{"line":269,"column":null}},"113":{"start":{"line":271,"column":24},"end":{"line":271,"column":null}},"114":{"start":{"line":271,"column":63},"end":{"line":271,"column":98}},"115":{"start":{"line":271,"column":83},"end":{"line":271,"column":97}},"116":{"start":{"line":272,"column":26},"end":{"line":272,"column":null}},"117":{"start":{"line":272,"column":52},"end":{"line":272,"column":103}},"118":{"start":{"line":272,"column":72},"end":{"line":272,"column":102}},"119":{"start":{"line":273,"column":4},"end":{"line":273,"column":null}},"120":{"start":{"line":273,"column":47},"end":{"line":273,"column":null}},"121":{"start":{"line":275,"column":22},"end":{"line":275,"column":null}},"122":{"start":{"line":276,"column":25},"end":{"line":276,"column":null}},"123":{"start":{"line":277,"column":4},"end":{"line":277,"column":null}},"124":{"start":{"line":277,"column":54},"end":{"line":277,"column":null}},"125":{"start":{"line":279,"column":4},"end":{"line":286,"column":null}},"126":{"start":{"line":282,"column":48},"end":{"line":282,"column":90}},"127":{"start":{"line":289,"column":2},"end":{"line":289,"column":null}},"128":{"start":{"line":299,"column":16},"end":{"line":299,"column":null}},"129":{"start":{"line":299,"column":58},"end":{"line":299,"column":73}},"130":{"start":{"line":300,"column":2},"end":{"line":300,"column":null}},"131":{"start":{"line":300,"column":26},"end":{"line":300,"column":null}},"132":{"start":{"line":302,"column":20},"end":{"line":302,"column":null}},"133":{"start":{"line":303,"column":2},"end":{"line":303,"column":null}},"134":{"start":{"line":303,"column":32},"end":{"line":303,"column":null}},"135":{"start":{"line":304,"column":2},"end":{"line":304,"column":null}},"136":{"start":{"line":304,"column":23},"end":{"line":304,"column":null}},"137":{"start":{"line":306,"column":16},"end":{"line":306,"column":null}},"138":{"start":{"line":307,"column":2},"end":{"line":307,"column":null}},"139":{"start":{"line":307,"column":37},"end":{"line":307,"column":51}}},"fnMap":{"0":{"name":"splitToTarget","decl":{"start":{"line":64,"column":16},"end":{"line":64,"column":null}},"loc":{"start":{"line":68,"column":21},"end":{"line":110,"column":null}},"line":68},"1":{"name":"(anonymous_1)","decl":{"start":{"line":73,"column":8},"end":{"line":73,"column":20}},"loc":{"start":{"line":73,"column":46},"end":{"line":73,"column":null}},"line":73},"2":{"name":"(anonymous_2)","decl":{"start":{"line":76,"column":8},"end":{"line":76,"column":20}},"loc":{"start":{"line":76,"column":53},"end":{"line":76,"column":null}},"line":76},"3":{"name":"(anonymous_3)","decl":{"start":{"line":79,"column":62},"end":{"line":79,"column":71}},"loc":{"start":{"line":79,"column":71},"end":{"line":79,"column":110}},"line":79},"4":{"name":"(anonymous_4)","decl":{"start":{"line":80,"column":63},"end":{"line":80,"column":72}},"loc":{"start":{"line":80,"column":72},"end":{"line":80,"column":105}},"line":80},"5":{"name":"stdev","decl":{"start":{"line":112,"column":9},"end":{"line":112,"column":15}},"loc":{"start":{"line":112,"column":50},"end":{"line":115,"column":null}},"line":112},"6":{"name":"(anonymous_6)","decl":{"start":{"line":113,"column":22},"end":{"line":113,"column":30}},"loc":{"start":{"line":113,"column":45},"end":{"line":113,"column":58}},"line":113},"7":{"name":"(anonymous_7)","decl":{"start":{"line":114,"column":26},"end":{"line":114,"column":34}},"loc":{"start":{"line":114,"column":49},"end":{"line":114,"column":76}},"line":114},"8":{"name":"deviationOf","decl":{"start":{"line":118,"column":9},"end":{"line":118,"column":21}},"loc":{"start":{"line":118,"column":65},"end":{"line":125,"column":null}},"line":118},"9":{"name":"(anonymous_9)","decl":{"start":{"line":122,"column":33},"end":{"line":122,"column":38}},"loc":{"start":{"line":122,"column":49},"end":{"line":122,"column":62}},"line":122},"10":{"name":"irregularityOf","decl":{"start":{"line":138,"column":9},"end":{"line":138,"column":24}},"loc":{"start":{"line":138,"column":59},"end":{"line":146,"column":null}},"line":138},"11":{"name":"(anonymous_11)","decl":{"start":{"line":143,"column":22},"end":{"line":143,"column":30}},"loc":{"start":{"line":143,"column":43},"end":{"line":143,"column":58}},"line":143},"12":{"name":"(anonymous_12)","decl":{"start":{"line":144,"column":21},"end":{"line":144,"column":29}},"loc":{"start":{"line":144,"column":42},"end":{"line":144,"column":57}},"line":144},"13":{"name":"confidenceOf","decl":{"start":{"line":159,"column":9},"end":{"line":159,"column":22}},"loc":{"start":{"line":159,"column":90},"end":{"line":163,"column":null}},"line":159},"14":{"name":"meanVector","decl":{"start":{"line":166,"column":9},"end":{"line":166,"column":20}},"loc":{"start":{"line":166,"column":66},"end":{"line":170,"column":null}},"line":166},"15":{"name":"(anonymous_15)","decl":{"start":{"line":167,"column":27},"end":{"line":167,"column":null}},"loc":{"start":{"line":168,"column":17},"end":{"line":168,"column":null}},"line":168},"16":{"name":"(anonymous_16)","decl":{"start":{"line":168,"column":31},"end":{"line":168,"column":39}},"loc":{"start":{"line":168,"column":55},"end":{"line":168,"column":76}},"line":168},"17":{"name":"alignVerses","decl":{"start":{"line":185,"column":16},"end":{"line":185,"column":28}},"loc":{"start":{"line":185,"column":78},"end":{"line":187,"column":null}},"line":185},"18":{"name":"meterCandidates","decl":{"start":{"line":196,"column":16},"end":{"line":196,"column":32}},"loc":{"start":{"line":196,"column":77},"end":{"line":215,"column":null}},"line":196},"19":{"name":"(anonymous_19)","decl":{"start":{"line":199,"column":27},"end":{"line":199,"column":32}},"loc":{"start":{"line":199,"column":42},"end":{"line":199,"column":101}},"line":199},"20":{"name":"(anonymous_20)","decl":{"start":{"line":199,"column":68},"end":{"line":199,"column":76}},"loc":{"start":{"line":199,"column":85},"end":{"line":199,"column":100}},"line":199},"21":{"name":"(anonymous_21)","decl":{"start":{"line":200,"column":16},"end":{"line":200,"column":22}},"loc":{"start":{"line":200,"column":32},"end":{"line":200,"column":50}},"line":200},"22":{"name":"(anonymous_22)","decl":{"start":{"line":203,"column":45},"end":{"line":203,"column":50}},"loc":{"start":{"line":203,"column":60},"end":{"line":203,"column":72}},"line":203},"23":{"name":"(anonymous_23)","decl":{"start":{"line":207,"column":16},"end":{"line":207,"column":24}},"loc":{"start":{"line":207,"column":39},"end":{"line":207,"column":80}},"line":207},"24":{"name":"pickBest","decl":{"start":{"line":230,"column":16},"end":{"line":230,"column":25}},"loc":{"start":{"line":230,"column":87},"end":{"line":244,"column":null}},"line":230},"25":{"name":"(anonymous_25)","decl":{"start":{"line":234,"column":26},"end":{"line":234,"column":34}},"loc":{"start":{"line":234,"column":48},"end":{"line":234,"column":77}},"line":234},"26":{"name":"(anonymous_26)","decl":{"start":{"line":238,"column":30},"end":{"line":238,"column":38}},"loc":{"start":{"line":238,"column":52},"end":{"line":238,"column":95}},"line":238},"27":{"name":"(anonymous_27)","decl":{"start":{"line":241,"column":19},"end":{"line":241,"column":null}},"loc":{"start":{"line":242,"column":14},"end":{"line":242,"column":null}},"line":242},"28":{"name":"alignAt","decl":{"start":{"line":254,"column":9},"end":{"line":254,"column":null}},"loc":{"start":{"line":258,"column":25},"end":{"line":290,"column":null}},"line":258},"29":{"name":"(anonymous_29)","decl":{"start":{"line":259,"column":26},"end":{"line":259,"column":31}},"loc":{"start":{"line":259,"column":41},"end":{"line":259,"column":87}},"line":259},"30":{"name":"(anonymous_30)","decl":{"start":{"line":260,"column":12},"end":{"line":260,"column":18}},"loc":{"start":{"line":260,"column":28},"end":{"line":260,"column":42}},"line":260},"31":{"name":"(anonymous_31)","decl":{"start":{"line":262,"column":42},"end":{"line":262,"column":47}},"loc":{"start":{"line":262,"column":57},"end":{"line":262,"column":98}},"line":262},"32":{"name":"(anonymous_32)","decl":{"start":{"line":262,"column":63},"end":{"line":262,"column":68}},"loc":{"start":{"line":262,"column":77},"end":{"line":262,"column":97}},"line":262},"33":{"name":"(anonymous_33)","decl":{"start":{"line":268,"column":29},"end":{"line":268,"column":34}},"loc":{"start":{"line":268,"column":44},"end":{"line":268,"column":85}},"line":268},"34":{"name":"(anonymous_34)","decl":{"start":{"line":269,"column":15},"end":{"line":269,"column":21}},"loc":{"start":{"line":269,"column":31},"end":{"line":269,"column":45}},"line":269},"35":{"name":"(anonymous_35)","decl":{"start":{"line":271,"column":48},"end":{"line":271,"column":53}},"loc":{"start":{"line":271,"column":63},"end":{"line":271,"column":98}},"line":271},"36":{"name":"(anonymous_36)","decl":{"start":{"line":271,"column":69},"end":{"line":271,"column":74}},"loc":{"start":{"line":271,"column":83},"end":{"line":271,"column":97}},"line":271},"37":{"name":"(anonymous_37)","decl":{"start":{"line":272,"column":37},"end":{"line":272,"column":42}},"loc":{"start":{"line":272,"column":52},"end":{"line":272,"column":103}},"line":272},"38":{"name":"(anonymous_38)","decl":{"start":{"line":272,"column":58},"end":{"line":272,"column":63}},"loc":{"start":{"line":272,"column":72},"end":{"line":272,"column":102}},"line":272},"39":{"name":"(anonymous_39)","decl":{"start":{"line":282,"column":25},"end":{"line":282,"column":30}},"loc":{"start":{"line":282,"column":48},"end":{"line":282,
[...]
,"/Users/gihyunpark/Desktop/Playground/sermon-presentation/server/routes/templates.ts": {"path":"/Users/gihyunpark/Desktop/Playground/sermon-presentation/server/routes/templates.ts","statementMap":{"0":{"start":{"line":16,"column":2},"end":{"line":16,"column":null}},"1":{"start":{"line":20,"column":2},"end":{"line":20,"column":null}},"2":{"start":{"line":23,"column":14},"end":{"line":23,"column":null}},"3":{"start":{"line":30,"column":2},"end":{"line":30,"column":null}},"4":{"start":{"line":30,"column":51},"end":{"line":30,"column":null}},"5":{"start":{"line":31,"column":12},"end":{"line":31,"column":null}},"6":{"start":{"line":33,"column":15},"end":{"line":33,"column":null}},"7":{"start":{"line":34,"column":2},"end":{"line":39,"column":null}},"8":{"start":{"line":35,"column":4},"end":{"line":38,"column":null}},"9":{"start":{"line":36,"column":23},"end":{"line":36,"column":null}},"10":{"start":{"line":37,"column":6},"end":{"line":37,"column":null}},"11":{"start":{"line":37,"column":52},"end":{"line":37,"column":null}},"12":{"start":{"line":41,"column":2},"end":{"line":62,"column":null}},"13":{"start":{"line":66,"column":2},"end":{"line":69,"column":null}},"14":{"start":{"line":80,"column":2},"end":{"line":80,"column":null}},"15":{"start":{"line":80,"column":40},"end":{"line":80,"column":65}},"16":{"start":{"line":82,"column":2},"end":{"line":85,"column":null}},"17":{"start":{"line":83,"column":21},"end":{"line":83,"column":null}},"18":{"start":{"line":84,"column":4},"end":{"line":84,"column":null}},"19":{"start":{"line":88,"column":2},"end":{"line":91,"column":null}},"20":{"start":{"line":89,"column":21},"end":{"line":89,"column":null}},"21":{"start":{"line":90,"column":4},"end":{"line":90,"column":null}},"22":{"start":{"line":93,"column":2},"end":{"line":104,"column":null}},"23":{"start":{"line":94,"column":18},"end":{"line":94,"column":null}},"24":{"start":{"line":95,"column":17},"end":{"line":95,"column":null}},"25":{"start":{"line":97,"column":4},"end":{"line":99,"column":null}},"26":{"start":{"line":98,"column":6},"end":{"line":98,"column":null}},"27":{"start":{"line":101,"column":19},"end":{"line":101,"column":null}},"28":{"start":{"line":102,"column":48},"end":{"line":102,"column":null}},"29":{"start":{"line":103,"column":4},"end":{"line":103,"column":null}},"30":{"start":{"line":106,"column":2},"end":{"line":120,"column":null}},"31":{"start":{"line":107,"column":15},"end":{"line":107,"column":null}},"32":{"start":{"line":108,"column":21},"end":{"line":108,"column":null}},"33":{"start":{"line":109,"column":4},"end":{"line":109,"column":null}},"34":{"start":{"line":109,"column":19},"end":{"line":109,"column":null}},"35":{"start":{"line":111,"column":4},"end":{"line":119,"column":null}},"36":{"start":{"line":112,"column":19},"end":{"line":112,"column":null}},"37":{"start":{"line":114,"column":6},"end":{"line":114,"column":null}},"38":{"start":{"line":114,"column":44},"end":{"line":114,"column":null}},"39":{"start":{"line":115,"column":6},"end":{"line":115,"column":null}},"40":{"start":{"line":117,"column":6},"end":{"line":117,"column":null}},"41":{"start":{"line":117,"column":53},"end":{"line":117,"column":null}},"42":{"start":{"line":118,"column":6},"end":{"line":118,"column":null}},"43":{"start":{"line":122,"column":2},"end":{"line":131,"column":null}},"44":{"start":{"line":125,"column":6},"end":{"line":129,"column":null}},"45":{"start":{"line":126,"column":8},"end":{"line":126,"column":null}},"46":{"start":{"line":128,"column":8},"end":{"line":128,"column":null}},"47":{"start":{"line":133,"column":2},"end":{"line":146,"column":null}},"48":{"start":{"line":134,"column":15},"end":{"line":134,"column":null}},"49":{"start":{"line":135,"column":4},"end":{"line":135,"column":null}},"50":{"start":{"line":135,"column":32},"end":{"line":135,"column":null}},"51":{"start":{"line":137,"column":4},"end":{"line":145,"column":null}},"52":{"start":{"line":138,"column":6},"end":{"line":138,"column":null}},"53":{"start":{"line":140,"column":6},"end":{"line":140,"column":null}},"54":{"start":{"line":140,"column":44},"end":{"line":140,"column":null}},"55":{"start":{"line":141,"column":6},"end":{"line":141,"column":null}},"56":{"start":{"line":143,"column":6},"end":{"line":143,"column":null}},"57":{"start":{"line":143,"column":53},"end":{"line":143,"column":null}},"58":{"start":{"line":144,"column":6},"end":{"line":144,"column":null}}},"fnMap":{"0":{"name":"ok","decl":{"start":{"line":15,"column":9},"end":{"line":15,"column":15}},"loc":{"start":{"line":15,"column":40},"end":{"line":17,"column":null}},"line":15},"1":{"name":"fail","decl":{"start":{"line":19,"column":9},"end":{"line":19,"column":14}},"loc":{"start":{"line":19,"column":48},"end":{"line":21,"column":null}},"line":19},"2":{"name":"mergeTemplate","decl":{"start":{"line":29,"column":9},"end":{"line":29,"column":23}},"loc":{"start":{"line":29,"column":65},"end":{"line":63,"column":null}},"line":29},"3":{"name":"baseFor","decl":{"start":{"line":65,"column":9},"end":{"line":65,"column":17}},"loc":{"start":{"line":65,"column":41},"end":{"line":71,"column":null}},"line":65},"4":{"name":"registerTemplateRoutes","decl":{"start":{"line":79,"column":22},"end":{"line":79,"column":45}},"loc":{"start":{"line":79,"column":109},"end":{"line":147,"column":null}},"line":79},"5":{"name":"(anonymous_5)","decl":{"start":{"line":80,"column":28},"end":{"line":80,"column":40}},"loc":{"start":{"line":80,"column":40},"end":{"line":80,"column":65}},"line":80},"6":{"name":"(anonymous_6)","decl":{"start":{"line":82,"column":60},"end":{"line":82,"column":67}},"loc":{"start":{"line":82,"column":86},"end":{"line":85,"column":3}},"line":82},"7":{"name":"(anonymous_7)","decl":{"start":{"line":88,"column":64},"end":{"line":88,"column":71}},"loc":{"start":{"line":88,"column":90},"end":{"line":91,"column":3}},"line":88},"8":{"name":"(anonymous_8)","decl":{"start":{"line":93,"column":48},"end":{"line":93,"column":55}},"loc":{"start":{"line":93,"column":74},"end":{"line":104,"column":3}},"line":93},"9":{"name":"(anonymous_9)","decl":{"start":{"line":106,"column":75},"end":{"line":106,"column":82}},"loc":{"start":{"line":106,"column":101},"end":{"line":120,"column":3}},"line":106},"10":{"name":"(anonymous_10)","decl":{"start":{"line":124,"column":4},"end":{"line":124,"column":11}},"loc":{"start":{"line":124,"column":30},"end":{"line":130,"column":null}},"line":124},"11":{"name":"(anonymous_11)","decl":{"start":{"line":133,"column":63},"end":{"line":133,"column":70}},"loc":{"start":{"line":133,"column":89},"end":{"line":146,"column":3}},"line":133}},"branchMap":{"0":{"loc":{"start":{"line":30,"column":2},"end":{"line":30,"column":null}},"type":"if","locations":[{"start":{"line":30,"column":2},"end":{"line":30,"column":null}},{"start":{},"end":{}}],"line":30},"1":{"loc":{"start":{"line":30,"column":6},"end":{"line":30,"column":51}},"type":"binary-expr","locations":[{"start":{"line":30,"column":6},"end":{"line":30,"column":35}},{"start":{"line":30,"column":35},"end":{"line":30,"column":51}}],"line":30},"2":{"loc":{"start":{"line":34,"column":2},"end":{"line":39,"column":null}},"type":"if","locations":[{"start":{"line":34,"column":2},"end":{"line":39,"column":null}},{"start":{},"end":{}}],"line":34},"3":{"loc":{"start":{"line":34,"column":6},"end":{"line":34,"column":44}},"type":"binary-expr","locations":[{"start":{"line":34,"column":6},"end":{"line":34,"column":16}},{"start":{"line":34,"column":16},"end":{"line":34,"column":44}}],"line":34},"4":{"loc":{"start":{"line":37,"column":6},"end":{"line":37,"column":null}},"type":"if","locations":[{"start":{"line":37,"column":6},"end":{"line":37,"column":null}},{"start":{},"end":{}}],"line":37},"5":{"loc":{"start":{"line":37,"column":10},"end":{"line":37,"column":52}},"type":"binary-expr","locations":[{"start":{"line":37,"column":10},"end":{"line":37,"column":22}},{"start":{"line":37,"column":22},"end":{"line":37,"column":52}}],"line":37},"6":{"loc":{"start":{"line":43,"column":8},"end":{"line":43,"column":null}},"type":"cond-expr","locations":[{"start":{"line":43,"column":65},"end":{"line":43,"column":91}},{"start":{"line":43,"column":91},"end":{"line":43,"column":null}}],"line":43},"7":{"loc":{"start":{"line":43,"column":8},"end":{"line":43,"column":65}},"type":"binary-expr","locations":[{"start":{"line":43,"column":8},"end":{"line":43,"column":38}},{"start":{"line":43,"column":38},"end":{"line":43,"column":65}}],"line":43},"8":{"loc":{"start":{"line":44,"column":8},"end":{"line":44,"column":null}},"type":"cond-expr","locations":[{"start":{"line":44,"column":58},"end":{"line":44,"column":97}},{"start":{"line":44,"column":97},"end":{"line":44,"column":null}}],"line":44},"9":{"loc":{"start":{"line":44,"column":8},"end":{"line":44,"column":58}},"type":"binary-expr","locations":[{"start":{"line":44,"column":8},"end":{"line":44,"column":38}},{"start":{"line":44,"column":38},"end":{"line":44,"column":58}}],"line":44},"10":{"loc":{"start":{"line":47,"column":10},"end":{"line":47,"column":null}},"type":"binary-expr","locations":[{"start":{"line":47,"column":10},"end":{"line":47,"column":22}},{"start":{"line":47,"column":22},"end":{"line":47,"column":null}}],"line":47},"11":{"loc":{"start":{"line":48,"column":47},"end":{"line":48,"column":73}},"type":"binary-expr","locations":[{"start":{"line":48,"column":47},"end":{"line":48,"column":69}},{"start":{"line":48,"column":69},"end":{"line":48,"column":73}}],"line":48},"12":{"loc":{"start":{"line":49,"column":18},"end":{"line":49,"column":null}},"type":"binary-expr","locations":[{"start":{"line":49,"column":18},"end":{"line":49,"column":42}},{"start":{"line":49,"column":42},"end":{"line":49,"column":null}}],"line":49},"13":{"loc":{"start":{"line":51,"column":34},"end":{"line":51,"column":50}},"type":"binary-expr","locations":[{"start":{"line":51,"column":34},"end":{"line":51,"column":46}},{"start":{"line":51,"column":46},"end":{"line":51,"column":50}}],"line":51},"14":{"loc":{"start":{"line":55,"column":10},"end":{"line":55,"column":null}},"type":"binary-expr","locations":[{"start":{"line":55,"column":10},"end":{"line":55,"column":24}},{"start":{"line":55,"column":24},"end":{"line":55,"column":null}}],"line":55},"15":{"loc":{"start":{"line":56,"column":53},"end":{"line":56,"column":83}},"type":"binary-expr","locations":[{"start":{"line":56,"column":53},"end":{"line":56,"column":79}},{"start":{"line":56,"column":79},"end":{"line":56,"column":83}}],"line":56},"16":{"loc":{"start":{"line":58,"column":8},"end":{"line":58,"column":null}},"type":"cond-expr","locations":[{"start":{"line":58,"column":28},"end":{"line":58,"column":69}},{"start":{"line":58,"column":69},"end":{"line":58,"column":null}}],"line":58},"17":{"loc":{"start":{"line":59,"column":8},"end":{"line":59,"column":null}},"type":"cond-expr","locations":[{"start":{"line":59,"column":35},"end":{"line":59,"column":90}},{"start":{"line":59,"column":90},"end":{"line":59,"column":null}}],"line":59},"18":{"loc":{"start":{"line":67,"column":4},"end":{"line":69,"column":null}},"type":"binary-expr","locations":[{"start":{"line":67,"column":4},"end":{"line":67,"column":null}},{"start":{"line":68,"column":4},"end":{"line":68,"column":null}},{"start":{"line":69,"column":4},"end":{"line":69,"column":null}}],"line":67},"19":{"loc":{"start":{"line":84,"column":11},"end":{"line":84,"column":null}},"type":"cond-expr","locations":[{"start":{"line":84,"column":22},"end":{"line":84,"column":37}},{"start":{"line":84,"column":37},"end":{"line":84,"column":null}}],"line":84},"20":{"loc":{"start":{"line":90,"column":11},"end":{"line":90,"column":null}},"type":"cond-expr","locations":[{"start":{"line":90,"column":22},"end":{"line":90,"column":56}},{"start":{"line":90,"column":56},"end":{"line":90,"column":null}}],"line":90},"21":{"loc":{"start":{"line":94,"column":18},"end":{"line":94,"column":null}},"type":"binary-expr","locations":[{"start":{"line":94,"column":18},"end":{"line":94,"column":34}},{"start":{"line":94,"column":34},"end":{"line":94,"column":null}}],"line":94},"22":{"loc":{"start":{"line":95,"column":17},"end":{"line":95,"column":null}},"type":"cond-expr","locations":[{"start":{"line":95,"column":73},"end":{"line":95,"column":85}},{"start":{"line":95,"column":85},"end":{"line":95,"column":null}}],"line":95},"23":{"loc":{"start":{"line":95,"column":17},"end":{"line":95,"column":73}},"type":"binary-expr","locations":[{"start":{"line":95,"column":17},"end":{"line":95,"column":50}},{"start":{"line":95,"column":50},"end":{"line":95,"column":73}}],"line":95},"24":{"loc":{"start":{"line":97,"column":4},"end":{"line":99,"column":null}},"type":"if","locations":[{"start":{"line":97,"column":4},"end":{"line":99,"column":null}},{"start":{},"end":{}}],"line":97},"25":{"loc":{"start":{"line":97,"column":8},"end":{"line":97,"column":72}},"type":"binary-expr","locations":[{"start":{"line":97,"column":8},"end":{"line":97,"column":41}},{"start":{"line":97,"column":41},"end":{"line":97,"column":72}}],"line":97},"26":{"loc":{"start":{"line":109,"column":4},"end":{"line":109,"column":null}},"type":"if","locations":[{"start":{"line":109,"column":4},"end":{"line":109,"column":null}},{"start":{},"end":{}}],"line":109},"27":{"loc":{"start":{"line":114,"column":6},"end":{"line":114,"column":null}},"type":"if","locations":[{"start":{"line":114,"column":6},"end":{"line":114,"column":null}},{"start":{},"end":{}}],"line":114},"28":{"loc":{"start":{"line":117,"column":6},"end":{"line":117,"column":null}},"type":"if","locations":[{"start":{"line":117,"column":6},"end":{"line":117,"column":null}},{"start":{},"end":{}}],"line":117},"29":{"loc":{"start":{"line":128,"column":41},"end":{"line":128,"column":90}},"type":"cond-expr","locations":[{"start":{"line":128,"column":64},"end":{"line":128,"column":78}},{"start":{"line":128,"column":78},"end":{"line":128,"column":90}}],"line":128},"30":{"loc":{"start":{"line":135,"column":4},"end":{"line":135,"column":null}},"type":"if","locations":[{"start":{"line":135,"column":4},"end":{"line":135,"column":null}},{"start":{},"end":{}}],"line":135},"31":{"loc":{"start":{"line":140,"column":6},"end":{"line":140,"column":null}},"type":"if","locations":[{"start":{"line":140,"column":6},"end":{"line":140,"column":null}},{"start":{},"end":{}}],"line":140},"32":{"loc":{"start":{"line":143,"column":6},"end":{"line":143,"column":null}},"type":"if","locations":[{"start":{"line":143,"column":6},"end":{"line":143,"column":null}},{"start":{},"end":{}}],"line":143}},"s":{"0":26,"1":5,"2":14,"3":7,"4":0,"5":7,"6":7,"7":7,"8":1,"9":6,"10":6,"11":1,"12":7,"13":1,"14":14,"15":2,"16":14,"17":5,"18":5,"19":14,"20":1,"21":1,"22":14,"23":2,"24":2,"25":2,"26":1,"27":1,"28":1,"29":1,"30":14,"31":6,"32":6,"33":6,"34":0,"35":6,"36":6,"37":6,"38":0,"39":5,"40":1,"41":1,"42":0,"43":14,"44":7,"45":7,"46":0,"47":14,"48":8,"49":8,"50":0,"51":8,"52":8,"53":8,"54":0,"55":7,"56":1,"57":1,"58":0},"f":{"0":26,"1":5,"2":7,"3":1,"4":14,"5":2,"6":5,"7":1,"8":2,"9":6,"10":7,"11":8},"b":{"0":[0,7],"1":[7,7],"2":[1,6],"3":[7,1],"4":[1,5],"5":[6,1],"6":[3,4],"7":[7,3],"8":[0,7],"9":[7,1],"10":[7,4],"11":[7,6],"12":[7,5],"13":[7,7],"14":[7,7],"15":[7,7],"16":[0,7],"17":[0,7],"18":[1,0,0],"19":[3,2],"20":[1,0],"21":[2,0],"22":[1,1],"23":[2,2],"24":[1,1],"25":[2,1],"26":[0,6],"27":[0,6],"28":[1,0],"29":[0,0],"30":[0,8],"31":[0,8],"32":[1,0]},"meta":{"lastBranch":33,"lastFunction":12,"lastStatement":59,"seen":{"f:15:9:15:15":0,"s:16:2:16:Infinity":0,"f:19:9:19:14":1,"s:20:2:20:Infinity":1,"s:23:14:23:Infinity":2,"f:29:9:29:23":2,"b:30:2:30:Infinity:undefined:undefined:undefined:undefined":0,"s:30:2:30:Infinity":3,"b:30:6:30:35:30:35:30:51":1,"s:30:51:30:Infinity":4,"s:31:12:31:Infinity":5,"s:33:15:33:Infinity":6,"b:34:2:39:Infinity:undefined:undefined:undefined:undefined":2,"s:34:2:39:Infinity":7,"b:34:6:34:16:34:16:34:44":3,"s:35:4:38:Infinity":8,"s:36:23:36:Infinity":9,"b:37:6:37:Infinity:undefined:undefined:undefined:undefined":4,"s:37:6:37:Infinity":10,"b:37:10:37:22:37:22:37:52":5,"s:37:52:37:Infinity":11,"s:41:2:62:Infinity":12,"b:43:65:43:91:43:91:43:Infinity":6,"b:43:8:43:38:43:38:43:65":7,"b:44:58:44:97:44:97:44:Infinity":8,"b:44:8:44:38:44:38:44:58":9,"b:47:10:47:22:47:22:47:Infinity":10,"b:48:47:48:69:48:69:48:73":11,"b:49:18:49:42:49:42:49:Infinity":12,"b:51:34:51:46:51:46:51:50":13,"b:55:10:55:24:55:24:55:Infinity":14,"b:56:53:56:79:56:79:56:83":15,"b:58:28:58:69:58:69:58:Infinity":16,"b:59:35:59:90:59:90:59:Infinity":17,"f:65:9:65:17":3,"s:66:2:69:Infinity":13,"b:67:4:67:Infinity:68:4:68:Infinity:69:4:69:Infinity":18,"f:79:22:79:45":4,"s:80:2:80:Infinity":14,"f:80:28:80:40":5,"s:80:40:80:65":15,"s:82:2:85:Infinity":16,"f:82:60:82:67":6,"s:83:21:83:Infinity":17,"s:84:4:84:Infinity":18,"b:84:22:84:37:84:37:84:Infinity":19,"s:88:2:91:Infinity":19,"f:88:64:88:71":7,"s:89:21:89:Infinity":20,"s:90:4:90:Infinity":21,"b:90:22:90:56:90:56:90:Infinity":20,"s:93:2:104:Infinity":22,"f:93:48:93:55":8,"s:94:18:94:Infinity":23,"b:94:18:94:34:94:34:94:Infinity":21,"s:95:17:95:Infinity":24,"b:95:73:95:85:95:85:95:Infinity":22,"b:95:17:95:50:95:50:95:73":23,"b:97:4:99:Infinity:undefined:undefined:undefined:undefined":24,"s:97:4:99:Infinity":25,"b:97:8:97:41:97:41:97:72":25,"s:98:6:98:Infinity":26,"s:101:19:101:Infinity":27,"s:102:48:102:Infinity":28,"s:103:4:103:Infinity":29,"s:106:2:120:Infinity":30,"f:106:75:106:82":9,"s:107:15:107:Infinity":31,"s:108:21:108:Infinity":32,"b:109:4:109:Infinity:undefined:undefined:undefined:undefined":26,"s:109:4:109:Infinity":33,"s:109:19:109:Infinity":34,"s:111:4:119:Infinity":35,"s:112:19:112:Infinity":36,"b:114:6:114:Infinity:undefined:undefined:undefined:undefined":27,"s:114:6:114:Infinity":37,"s:114:44:114:Infinity":38,"s:115:6:115:Infinity":39,"b:117:6:117:Infinity:undefined:undefined:undefined:undefined":28,"s:117:6:117:Infinity":40,"s:117:53:117:Infinity":41,"s:118:6:118:Infinity":42,"s:122:2:131:Infinity":43,"f:124:4:124:11":10,"s:125:6:129:Infinity":44,"s:126:8:126:Infinity":45,"s:128:8:128:Infinity":46,"b:128:64:128:78:128:78:128:90":29,"s:133:2:146:Infinity":47,"f:133:63:133:70":11,"s:134:15:134:Infinity":48,"b:135:4:135:Infinity:undefined:undefined:undefined:undefined":30,"s:135:4:135:Infinity":49,"s:135:32:135:Infinity":50,"s:137:4:145:Infinity":51,"s:138:6:138:Infinity":52,"b:140:6:140:Infinity:undefined:undefined:undefined:undefined":31,"s:140:6:140:Infinity":53,"s:140:44:140:Infinity":54,"s:141:6:141:Infinity":55,"b:143:6:143:Infinity:undefined:undefined:undefined:undefined":32,"s:143:6:143:Infinity":56,"s:143:53:143:Infinity":57,"s:144:6:144:Infinity":58},"fnNames":{}}}
}
